ARM GAS  C:\Users\Parwe\AppData\Local\Temp\cc8AVZGb.s 			page 1


   1              		.syntax unified
   2              		.cpu cortex-m3
   3              		.fpu softvfp
   4              		.eabi_attribute 20, 1
   5              		.eabi_attribute 21, 1
   6              		.eabi_attribute 23, 3
   7              		.eabi_attribute 24, 1
   8              		.eabi_attribute 25, 1
   9              		.eabi_attribute 26, 1
  10              		.eabi_attribute 30, 1
  11              		.eabi_attribute 34, 1
  12              		.eabi_attribute 18, 4
  13              		.thumb
  14              		.syntax unified
  15              		.file	"cymetadata.c"
  16              		.text
  17              	.Ltext0:
  18              		.cfi_sections	.debug_frame
  19              		.global	cy_metadata
  20              		.global	cy_meta_flashprotect
  21              		.global	cy_meta_wonvl
  22              		.global	cy_meta_custnvl
  23              		.global	cy_meta_configecc
  24              		.section	.cyconfigecc,"a",%progbits
  25              		.align	2
  26              		.type	cy_meta_configecc, %object
  27              		.size	cy_meta_configecc, 1084
  28              	cy_meta_configecc:
  29 0000 01       		.byte	1
  30 0001 5B       		.byte	91
  31 0002 00       		.byte	0
  32 0003 40       		.byte	64
  33 0004 01       		.byte	1
  34 0005 64       		.byte	100
  35 0006 00       		.byte	0
  36 0007 40       		.byte	64
  37 0008 02       		.byte	2
  38 0009 65       		.byte	101
  39 000a 00       		.byte	0
  40 000b 40       		.byte	64
  41 000c 01       		.byte	1
  42 000d 07       		.byte	7
  43 000e 01       		.byte	1
  44 000f 40       		.byte	64
  45 0010 54       		.byte	84
  46 0011 08       		.byte	8
  47 0012 01       		.byte	1
  48 0013 40       		.byte	64
  49 0014 30       		.byte	48
  50 0015 09       		.byte	9
  51 0016 01       		.byte	1
  52 0017 40       		.byte	64
  53 0018 02       		.byte	2
  54 0019 15       		.byte	21
  55 001a 01       		.byte	1
  56 001b 40       		.byte	64
  57 001c 4F       		.byte	79
ARM GAS  C:\Users\Parwe\AppData\Local\Temp\cc8AVZGb.s 			page 2


  58 001d 18       		.byte	24
  59 001e 01       		.byte	1
  60 001f 40       		.byte	64
  61 0020 43       		.byte	67
  62 0021 19       		.byte	25
  63 0022 01       		.byte	1
  64 0023 40       		.byte	64
  65 0024 52       		.byte	82
  66 0025 1A       		.byte	26
  67 0026 01       		.byte	1
  68 0027 40       		.byte	64
  69 0028 49       		.byte	73
  70 0029 1B       		.byte	27
  71 002a 01       		.byte	1
  72 002b 40       		.byte	64
  73 002c 03       		.byte	3
  74 002d 40       		.byte	64
  75 002e 01       		.byte	1
  76 002f 40       		.byte	64
  77 0030 02       		.byte	2
  78 0031 41       		.byte	65
  79 0032 01       		.byte	1
  80 0033 40       		.byte	64
  81 0034 02       		.byte	2
  82 0035 42       		.byte	66
  83 0036 01       		.byte	1
  84 0037 40       		.byte	64
  85 0038 04       		.byte	4
  86 0039 43       		.byte	67
  87 003a 01       		.byte	1
  88 003b 40       		.byte	64
  89 003c 03       		.byte	3
  90 003d 48       		.byte	72
  91 003e 01       		.byte	1
  92 003f 40       		.byte	64
  93 0040 03       		.byte	3
  94 0041 49       		.byte	73
  95 0042 01       		.byte	1
  96 0043 40       		.byte	64
  97 0044 07       		.byte	7
  98 0045 4C       		.byte	76
  99 0046 01       		.byte	1
 100 0047 40       		.byte	64
 101 0048 0A       		.byte	10
 102 0049 4D       		.byte	77
 103 004a 01       		.byte	1
 104 004b 40       		.byte	64
 105 004c 06       		.byte	6
 106 004d 50       		.byte	80
 107 004e 01       		.byte	1
 108 004f 40       		.byte	64
 109 0050 01       		.byte	1
 110 0051 51       		.byte	81
 111 0052 01       		.byte	1
 112 0053 40       		.byte	64
 113 0054 2F       		.byte	47
 114 0055 84       		.byte	-124
ARM GAS  C:\Users\Parwe\AppData\Local\Temp\cc8AVZGb.s 			page 3


 115 0056 88       		.byte	-120
 116 0057 38       		.byte	56
 117 0058 88       		.byte	-120
 118 0059 72       		.byte	114
 119 005a 89       		.byte	-119
 120 005b 0F       		.byte	15
 121 005c E6       		.byte	-26
 122 005d 02       		.byte	2
 123 005e 00       		.byte	0
 124 005f 04       		.byte	4
 125 0060 01       		.byte	1
 126 0061 13       		.byte	19
 127 0062 03       		.byte	3
 128 0063 60       		.byte	96
 129 0064 04       		.byte	4
 130 0065 06       		.byte	6
 131 0066 05       		.byte	5
 132 0067 4A       		.byte	74
 133 0068 07       		.byte	7
 134 0069 14       		.byte	20
 135 006a 08       		.byte	8
 136 006b 02       		.byte	2
 137 006c 09       		.byte	9
 138 006d 03       		.byte	3
 139 006e 13       		.byte	19
 140 006f 03       		.byte	3
 141 0070 14       		.byte	20
 142 0071 07       		.byte	7
 143 0072 15       		.byte	21
 144 0073 03       		.byte	3
 145 0074 18       		.byte	24
 146 0075 01       		.byte	1
 147 0076 1A       		.byte	26
 148 0077 06       		.byte	6
 149 0078 1B       		.byte	27
 150 0079 03       		.byte	3
 151 007a 1C       		.byte	28
 152 007b 07       		.byte	7
 153 007c 21       		.byte	33
 154 007d 25       		.byte	37
 155 007e 23       		.byte	35
 156 007f 18       		.byte	24
 157 0080 25       		.byte	37
 158 0081 7C       		.byte	124
 159 0082 28       		.byte	40
 160 0083 06       		.byte	6
 161 0084 29       		.byte	41
 162 0085 7C       		.byte	124
 163 0086 2A       		.byte	42
 164 0087 01       		.byte	1
 165 0088 2E       		.byte	46
 166 0089 01       		.byte	1
 167 008a 2F       		.byte	47
 168 008b 03       		.byte	3
 169 008c 31       		.byte	49
 170 008d 70       		.byte	112
 171 008e 33       		.byte	51
ARM GAS  C:\Users\Parwe\AppData\Local\Temp\cc8AVZGb.s 			page 4


 172 008f 0C       		.byte	12
 173 0090 36       		.byte	54
 174 0091 07       		.byte	7
 175 0092 37       		.byte	55
 176 0093 03       		.byte	3
 177 0094 54       		.byte	84
 178 0095 18       		.byte	24
 179 0096 56       		.byte	86
 180 0097 04       		.byte	4
 181 0098 58       		.byte	88
 182 0099 04       		.byte	4
 183 009a 59       		.byte	89
 184 009b 04       		.byte	4
 185 009c 5B       		.byte	91
 186 009d 04       		.byte	4
 187 009e 5C       		.byte	92
 188 009f 11       		.byte	17
 189 00a0 5D       		.byte	93
 190 00a1 10       		.byte	16
 191 00a2 5F       		.byte	95
 192 00a3 01       		.byte	1
 193 00a4 87       		.byte	-121
 194 00a5 15       		.byte	21
 195 00a6 89       		.byte	-119
 196 00a7 03       		.byte	3
 197 00a8 8A       		.byte	-118
 198 00a9 03       		.byte	3
 199 00aa 8B       		.byte	-117
 200 00ab 04       		.byte	4
 201 00ac 8C       		.byte	-116
 202 00ad 1C       		.byte	28
 203 00ae 8D       		.byte	-115
 204 00af 2A       		.byte	42
 205 00b0 8E       		.byte	-114
 206 00b1 02       		.byte	2
 207 00b2 8F       		.byte	-113
 208 00b3 04       		.byte	4
 209 00b4 90       		.byte	-112
 210 00b5 0C       		.byte	12
 211 00b6 92       		.byte	-110
 212 00b7 11       		.byte	17
 213 00b8 98       		.byte	-104
 214 00b9 10       		.byte	16
 215 00ba 99       		.byte	-103
 216 00bb 33       		.byte	51
 217 00bc 9A       		.byte	-102
 218 00bd 0C       		.byte	12
 219 00be 9B       		.byte	-101
 220 00bf 0C       		.byte	12
 221 00c0 9C       		.byte	-100
 222 00c1 09       		.byte	9
 223 00c2 9E       		.byte	-98
 224 00c3 10       		.byte	16
 225 00c4 A0       		.byte	-96
 226 00c5 10       		.byte	16
 227 00c6 A3       		.byte	-93
 228 00c7 08       		.byte	8
ARM GAS  C:\Users\Parwe\AppData\Local\Temp\cc8AVZGb.s 			page 5


 229 00c8 A8       		.byte	-88
 230 00c9 14       		.byte	20
 231 00ca A9       		.byte	-87
 232 00cb 40       		.byte	64
 233 00cc AD       		.byte	-83
 234 00cd 33       		.byte	51
 235 00ce AF       		.byte	-81
 236 00cf 04       		.byte	4
 237 00d0 B1       		.byte	-79
 238 00d1 40       		.byte	64
 239 00d2 B2       		.byte	-78
 240 00d3 1F       		.byte	31
 241 00d4 B3       		.byte	-77
 242 00d5 30       		.byte	48
 243 00d6 B5       		.byte	-75
 244 00d7 0F       		.byte	15
 245 00d8 B9       		.byte	-71
 246 00d9 08       		.byte	8
 247 00da BB       		.byte	-69
 248 00db 20       		.byte	32
 249 00dc BF       		.byte	-65
 250 00dd 05       		.byte	5
 251 00de C0       		.byte	-64
 252 00df 03       		.byte	3
 253 00e0 C6       		.byte	-58
 254 00e1 04       		.byte	4
 255 00e2 C9       		.byte	-55
 256 00e3 FF       		.byte	-1
 257 00e4 CA       		.byte	-54
 258 00e5 07       		.byte	7
 259 00e6 CB       		.byte	-53
 260 00e7 FF       		.byte	-1
 261 00e8 CC       		.byte	-52
 262 00e9 40       		.byte	64
 263 00ea CD       		.byte	-51
 264 00eb 20       		.byte	32
 265 00ec CE       		.byte	-50
 266 00ed F0       		.byte	-16
 267 00ee CF       		.byte	-49
 268 00ef 05       		.byte	5
 269 00f0 D0       		.byte	-48
 270 00f1 08       		.byte	8
 271 00f2 D8       		.byte	-40
 272 00f3 04       		.byte	4
 273 00f4 D9       		.byte	-39
 274 00f5 04       		.byte	4
 275 00f6 DA       		.byte	-38
 276 00f7 04       		.byte	4
 277 00f8 DC       		.byte	-36
 278 00f9 11       		.byte	17
 279 00fa DD       		.byte	-35
 280 00fb 01       		.byte	1
 281 00fc DF       		.byte	-33
 282 00fd 01       		.byte	1
 283 00fe E0       		.byte	-32
 284 00ff 40       		.byte	64
 285 0100 E1       		.byte	-31
ARM GAS  C:\Users\Parwe\AppData\Local\Temp\cc8AVZGb.s 			page 6


 286 0101 A8       		.byte	-88
 287 0102 E2       		.byte	-30
 288 0103 40       		.byte	64
 289 0104 E3       		.byte	-29
 290 0105 20       		.byte	32
 291 0106 00       		.byte	0
 292 0107 50       		.byte	80
 293 0108 06       		.byte	6
 294 0109 84       		.byte	-124
 295 010a 07       		.byte	7
 296 010b 20       		.byte	32
 297 010c 08       		.byte	8
 298 010d 42       		.byte	66
 299 010e 09       		.byte	9
 300 010f 20       		.byte	32
 301 0110 0E       		.byte	14
 302 0111 0A       		.byte	10
 303 0112 0F       		.byte	15
 304 0113 20       		.byte	32
 305 0114 10       		.byte	16
 306 0115 88       		.byte	-120
 307 0116 15       		.byte	21
 308 0117 40       		.byte	64
 309 0118 17       		.byte	23
 310 0119 10       		.byte	16
 311 011a 18       		.byte	24
 312 011b 10       		.byte	16
 313 011c 1B       		.byte	27
 314 011d 04       		.byte	4
 315 011e 1F       		.byte	31
 316 011f 40       		.byte	64
 317 0120 21       		.byte	33
 318 0121 34       		.byte	52
 319 0122 22       		.byte	34
 320 0123 01       		.byte	1
 321 0124 24       		.byte	36
 322 0125 20       		.byte	32
 323 0126 25       		.byte	37
 324 0127 05       		.byte	5
 325 0128 27       		.byte	39
 326 0129 42       		.byte	66
 327 012a 28       		.byte	40
 328 012b 42       		.byte	66
 329 012c 29       		.byte	41
 330 012d 82       		.byte	-126
 331 012e 2B       		.byte	43
 332 012f 04       		.byte	4
 333 0130 2D       		.byte	45
 334 0131 40       		.byte	64
 335 0132 2E       		.byte	46
 336 0133 02       		.byte	2
 337 0134 2F       		.byte	47
 338 0135 28       		.byte	40
 339 0136 31       		.byte	49
 340 0137 20       		.byte	32
 341 0138 36       		.byte	54
 342 0139 05       		.byte	5
ARM GAS  C:\Users\Parwe\AppData\Local\Temp\cc8AVZGb.s 			page 7


 343 013a 37       		.byte	55
 344 013b 10       		.byte	16
 345 013c 38       		.byte	56
 346 013d 48       		.byte	72
 347 013e 3A       		.byte	58
 348 013f 10       		.byte	16
 349 0140 3D       		.byte	61
 350 0141 0A       		.byte	10
 351 0142 3F       		.byte	63
 352 0143 20       		.byte	32
 353 0144 41       		.byte	65
 354 0145 04       		.byte	4
 355 0146 4C       		.byte	76
 356 0147 04       		.byte	4
 357 0148 4F       		.byte	79
 358 0149 10       		.byte	16
 359 014a 50       		.byte	80
 360 014b 84       		.byte	-124
 361 014c 5F       		.byte	95
 362 014d 02       		.byte	2
 363 014e 64       		.byte	100
 364 014f 01       		.byte	1
 365 0150 67       		.byte	103
 366 0151 48       		.byte	72
 367 0152 87       		.byte	-121
 368 0153 40       		.byte	64
 369 0154 C0       		.byte	-64
 370 0155 73       		.byte	115
 371 0156 C2       		.byte	-62
 372 0157 EB       		.byte	-21
 373 0158 C4       		.byte	-60
 374 0159 CA       		.byte	-54
 375 015a CA       		.byte	-54
 376 015b FD       		.byte	-3
 377 015c CC       		.byte	-52
 378 015d E4       		.byte	-28
 379 015e CE       		.byte	-50
 380 015f EE       		.byte	-18
 381 0160 D0       		.byte	-48
 382 0161 02       		.byte	2
 383 0162 D6       		.byte	-42
 384 0163 80       		.byte	-128
 385 0164 D8       		.byte	-40
 386 0165 B0       		.byte	-80
 387 0166 E8       		.byte	-24
 388 0167 10       		.byte	16
 389 0168 EE       		.byte	-18
 390 0169 08       		.byte	8
 391 016a 00       		.byte	0
 392 016b 03       		.byte	3
 393 016c 02       		.byte	2
 394 016d 10       		.byte	16
 395 016e 03       		.byte	3
 396 016f 04       		.byte	4
 397 0170 04       		.byte	4
 398 0171 01       		.byte	1
 399 0172 05       		.byte	5
ARM GAS  C:\Users\Parwe\AppData\Local\Temp\cc8AVZGb.s 			page 8


 400 0173 01       		.byte	1
 401 0174 06       		.byte	6
 402 0175 20       		.byte	32
 403 0176 08       		.byte	8
 404 0177 02       		.byte	2
 405 0178 0A       		.byte	10
 406 0179 20       		.byte	32
 407 017a 0E       		.byte	14
 408 017b 03       		.byte	3
 409 017c 10       		.byte	16
 410 017d 0F       		.byte	15
 411 017e 14       		.byte	20
 412 017f 0F       		.byte	15
 413 0180 18       		.byte	24
 414 0181 03       		.byte	3
 415 0182 1A       		.byte	26
 416 0183 0C       		.byte	12
 417 0184 1C       		.byte	28
 418 0185 0C       		.byte	12
 419 0186 1E       		.byte	30
 420 0187 03       		.byte	3
 421 0188 1F       		.byte	31
 422 0189 02       		.byte	2
 423 018a 20       		.byte	32
 424 018b 08       		.byte	8
 425 018c 23       		.byte	35
 426 018d 04       		.byte	4
 427 018e 24       		.byte	36
 428 018f 04       		.byte	4
 429 0190 27       		.byte	39
 430 0191 02       		.byte	2
 431 0192 28       		.byte	40
 432 0193 0C       		.byte	12
 433 0194 29       		.byte	41
 434 0195 01       		.byte	1
 435 0196 2D       		.byte	45
 436 0197 01       		.byte	1
 437 0198 31       		.byte	49
 438 0199 01       		.byte	1
 439 019a 33       		.byte	51
 440 019b 04       		.byte	4
 441 019c 34       		.byte	52
 442 019d 0F       		.byte	15
 443 019e 35       		.byte	53
 444 019f 02       		.byte	2
 445 01a0 36       		.byte	54
 446 01a1 30       		.byte	48
 447 01a2 3A       		.byte	58
 448 01a3 20       		.byte	32
 449 01a4 3E       		.byte	62
 450 01a5 40       		.byte	64
 451 01a6 3F       		.byte	63
 452 01a7 14       		.byte	20
 453 01a8 40       		.byte	64
 454 01a9 25       		.byte	37
 455 01aa 41       		.byte	65
 456 01ab 06       		.byte	6
ARM GAS  C:\Users\Parwe\AppData\Local\Temp\cc8AVZGb.s 			page 9


 457 01ac 42       		.byte	66
 458 01ad 04       		.byte	4
 459 01ae 44       		.byte	68
 460 01af 01       		.byte	1
 461 01b0 45       		.byte	69
 462 01b1 C0       		.byte	-64
 463 01b2 46       		.byte	70
 464 01b3 E0       		.byte	-32
 465 01b4 48       		.byte	72
 466 01b5 0A       		.byte	10
 467 01b6 49       		.byte	73
 468 01b7 FF       		.byte	-1
 469 01b8 4A       		.byte	74
 470 01b9 FF       		.byte	-1
 471 01ba 4B       		.byte	75
 472 01bb FF       		.byte	-1
 473 01bc 4C       		.byte	76
 474 01bd 62       		.byte	98
 475 01be 4D       		.byte	77
 476 01bf A0       		.byte	-96
 477 01c0 4E       		.byte	78
 478 01c1 F0       		.byte	-16
 479 01c2 4F       		.byte	79
 480 01c3 41       		.byte	65
 481 01c4 50       		.byte	80
 482 01c5 0C       		.byte	12
 483 01c6 56       		.byte	86
 484 01c7 02       		.byte	2
 485 01c8 57       		.byte	87
 486 01c9 12       		.byte	18
 487 01ca 58       		.byte	88
 488 01cb 04       		.byte	4
 489 01cc 59       		.byte	89
 490 01cd 04       		.byte	4
 491 01ce 5A       		.byte	90
 492 01cf 04       		.byte	4
 493 01d0 5B       		.byte	91
 494 01d1 04       		.byte	4
 495 01d2 5C       		.byte	92
 496 01d3 11       		.byte	17
 497 01d4 5D       		.byte	93
 498 01d5 11       		.byte	17
 499 01d6 5F       		.byte	95
 500 01d7 01       		.byte	1
 501 01d8 66       		.byte	102
 502 01d9 40       		.byte	64
 503 01da 67       		.byte	103
 504 01db 02       		.byte	2
 505 01dc 69       		.byte	105
 506 01dd 10       		.byte	16
 507 01de 6A       		.byte	106
 508 01df 30       		.byte	48
 509 01e0 6B       		.byte	107
 510 01e1 10       		.byte	16
 511 01e2 6D       		.byte	109
 512 01e3 10       		.byte	16
 513 01e4 6E       		.byte	110
ARM GAS  C:\Users\Parwe\AppData\Local\Temp\cc8AVZGb.s 			page 10


 514 01e5 10       		.byte	16
 515 01e6 6F       		.byte	111
 516 01e7 12       		.byte	18
 517 01e8 8E       		.byte	-114
 518 01e9 01       		.byte	1
 519 01ea 94       		.byte	-108
 520 01eb 02       		.byte	2
 521 01ec 99       		.byte	-103
 522 01ed 01       		.byte	1
 523 01ee 9C       		.byte	-100
 524 01ef 01       		.byte	1
 525 01f0 A8       		.byte	-88
 526 01f1 01       		.byte	1
 527 01f2 B0       		.byte	-80
 528 01f3 03       		.byte	3
 529 01f4 B3       		.byte	-77
 530 01f5 01       		.byte	1
 531 01f6 B8       		.byte	-72
 532 01f7 02       		.byte	2
 533 01f8 BF       		.byte	-65
 534 01f9 04       		.byte	4
 535 01fa D4       		.byte	-44
 536 01fb 01       		.byte	1
 537 01fc D8       		.byte	-40
 538 01fd 04       		.byte	4
 539 01fe D9       		.byte	-39
 540 01ff 04       		.byte	4
 541 0200 DB       		.byte	-37
 542 0201 04       		.byte	4
 543 0202 DC       		.byte	-36
 544 0203 01       		.byte	1
 545 0204 DD       		.byte	-35
 546 0205 10       		.byte	16
 547 0206 DF       		.byte	-33
 548 0207 01       		.byte	1
 549 0208 00       		.byte	0
 550 0209 40       		.byte	64
 551 020a 04       		.byte	4
 552 020b A0       		.byte	-96
 553 020c 05       		.byte	5
 554 020d 08       		.byte	8
 555 020e 07       		.byte	7
 556 020f 40       		.byte	64
 557 0210 0A       		.byte	10
 558 0211 01       		.byte	1
 559 0212 0B       		.byte	11
 560 0213 10       		.byte	16
 561 0214 0E       		.byte	14
 562 0215 4A       		.byte	74
 563 0216 0F       		.byte	15
 564 0217 20       		.byte	32
 565 0218 10       		.byte	16
 566 0219 10       		.byte	16
 567 021a 11       		.byte	17
 568 021b 10       		.byte	16
 569 021c 12       		.byte	18
 570 021d 10       		.byte	16
ARM GAS  C:\Users\Parwe\AppData\Local\Temp\cc8AVZGb.s 			page 11


 571 021e 17       		.byte	23
 572 021f 2A       		.byte	42
 573 0220 19       		.byte	25
 574 0221 02       		.byte	2
 575 0222 1D       		.byte	29
 576 0223 A0       		.byte	-96
 577 0224 1E       		.byte	30
 578 0225 08       		.byte	8
 579 0226 22       		.byte	34
 580 0227 04       		.byte	4
 581 0228 24       		.byte	36
 582 0229 80       		.byte	-128
 583 022a 25       		.byte	37
 584 022b 08       		.byte	8
 585 022c 26       		.byte	38
 586 022d 12       		.byte	18
 587 022e 2C       		.byte	44
 588 022f 60       		.byte	96
 589 0230 2F       		.byte	47
 590 0231 4A       		.byte	74
 591 0232 32       		.byte	50
 592 0233 20       		.byte	32
 593 0234 36       		.byte	54
 594 0235 80       		.byte	-128
 595 0236 3D       		.byte	61
 596 0237 04       		.byte	4
 597 0238 3F       		.byte	63
 598 0239 01       		.byte	1
 599 023a 44       		.byte	68
 600 023b 40       		.byte	64
 601 023c 45       		.byte	69
 602 023d A0       		.byte	-96
 603 023e 4D       		.byte	77
 604 023f 40       		.byte	64
 605 0240 4E       		.byte	78
 606 0241 0A       		.byte	10
 607 0242 4F       		.byte	79
 608 0243 21       		.byte	33
 609 0244 54       		.byte	84
 610 0245 20       		.byte	32
 611 0246 58       		.byte	88
 612 0247 10       		.byte	16
 613 0248 5A       		.byte	90
 614 0249 8A       		.byte	-118
 615 024a 5E       		.byte	94
 616 024b 04       		.byte	4
 617 024c 6D       		.byte	109
 618 024d 04       		.byte	4
 619 024e 6F       		.byte	111
 620 024f 2A       		.byte	42
 621 0250 76       		.byte	118
 622 0251 04       		.byte	4
 623 0252 77       		.byte	119
 624 0253 2A       		.byte	42
 625 0254 88       		.byte	-120
 626 0255 01       		.byte	1
 627 0256 89       		.byte	-119
ARM GAS  C:\Users\Parwe\AppData\Local\Temp\cc8AVZGb.s 			page 12


 628 0257 08       		.byte	8
 629 0258 8E       		.byte	-114
 630 0259 40       		.byte	64
 631 025a 8F       		.byte	-113
 632 025b 10       		.byte	16
 633 025c 90       		.byte	-112
 634 025d 20       		.byte	32
 635 025e 91       		.byte	-111
 636 025f 20       		.byte	32
 637 0260 93       		.byte	-109
 638 0261 90       		.byte	-112
 639 0262 94       		.byte	-108
 640 0263 40       		.byte	64
 641 0264 95       		.byte	-107
 642 0265 40       		.byte	64
 643 0266 97       		.byte	-105
 644 0267 08       		.byte	8
 645 0268 9B       		.byte	-101
 646 0269 40       		.byte	64
 647 026a 9C       		.byte	-100
 648 026b 01       		.byte	1
 649 026c 9D       		.byte	-99
 650 026d 82       		.byte	-126
 651 026e 9E       		.byte	-98
 652 026f 96       		.byte	-106
 653 0270 9F       		.byte	-97
 654 0271 30       		.byte	48
 655 0272 A0       		.byte	-96
 656 0273 80       		.byte	-128
 657 0274 A4       		.byte	-92
 658 0275 08       		.byte	8
 659 0276 A6       		.byte	-90
 660 0277 05       		.byte	5
 661 0278 A7       		.byte	-89
 662 0279 38       		.byte	56
 663 027a B2       		.byte	-78
 664 027b 01       		.byte	1
 665 027c C0       		.byte	-64
 666 027d F1       		.byte	-15
 667 027e C2       		.byte	-62
 668 027f F5       		.byte	-11
 669 0280 C4       		.byte	-60
 670 0281 72       		.byte	114
 671 0282 CA       		.byte	-54
 672 0283 F0       		.byte	-16
 673 0284 CC       		.byte	-52
 674 0285 14       		.byte	20
 675 0286 CE       		.byte	-50
 676 0287 C0       		.byte	-64
 677 0288 D0       		.byte	-48
 678 0289 B0       		.byte	-80
 679 028a D2       		.byte	-46
 680 028b 30       		.byte	48
 681 028c D6       		.byte	-42
 682 028d 4F       		.byte	79
 683 028e 02       		.byte	2
 684 028f 06       		.byte	6
ARM GAS  C:\Users\Parwe\AppData\Local\Temp\cc8AVZGb.s 			page 13


 685 0290 09       		.byte	9
 686 0291 03       		.byte	3
 687 0292 0B       		.byte	11
 688 0293 0C       		.byte	12
 689 0294 0C       		.byte	12
 690 0295 06       		.byte	6
 691 0296 0D       		.byte	13
 692 0297 18       		.byte	24
 693 0298 0E       		.byte	14
 694 0299 01       		.byte	1
 695 029a 0F       		.byte	15
 696 029b 07       		.byte	7
 697 029c 16       		.byte	22
 698 029d 01       		.byte	1
 699 029e 1B       		.byte	27
 700 029f 01       		.byte	1
 701 02a0 1E       		.byte	30
 702 02a1 03       		.byte	3
 703 02a2 1F       		.byte	31
 704 02a3 10       		.byte	16
 705 02a4 22       		.byte	34
 706 02a5 02       		.byte	2
 707 02a6 23       		.byte	35
 708 02a7 18       		.byte	24
 709 02a8 2A       		.byte	42
 710 02a9 05       		.byte	5
 711 02aa 2B       		.byte	43
 712 02ab 07       		.byte	7
 713 02ac 2D       		.byte	45
 714 02ad 03       		.byte	3
 715 02ae 2F       		.byte	47
 716 02af 1C       		.byte	28
 717 02b0 31       		.byte	49
 718 02b1 1E       		.byte	30
 719 02b2 36       		.byte	54
 720 02b3 07       		.byte	7
 721 02b4 37       		.byte	55
 722 02b5 01       		.byte	1
 723 02b6 3A       		.byte	58
 724 02b7 80       		.byte	-128
 725 02b8 3B       		.byte	59
 726 02b9 0A       		.byte	10
 727 02ba 3F       		.byte	63
 728 02bb 40       		.byte	64
 729 02bc 40       		.byte	64
 730 02bd 26       		.byte	38
 731 02be 41       		.byte	65
 732 02bf 01       		.byte	1
 733 02c0 45       		.byte	69
 734 02c1 0E       		.byte	14
 735 02c2 46       		.byte	70
 736 02c3 C0       		.byte	-64
 737 02c4 47       		.byte	71
 738 02c5 0B       		.byte	11
 739 02c6 48       		.byte	72
 740 02c7 19       		.byte	25
 741 02c8 49       		.byte	73
ARM GAS  C:\Users\Parwe\AppData\Local\Temp\cc8AVZGb.s 			page 14


 742 02c9 FF       		.byte	-1
 743 02ca 4A       		.byte	74
 744 02cb FF       		.byte	-1
 745 02cc 4B       		.byte	75
 746 02cd FF       		.byte	-1
 747 02ce 4E       		.byte	78
 748 02cf F0       		.byte	-16
 749 02d0 4F       		.byte	79
 750 02d1 44       		.byte	68
 751 02d2 50       		.byte	80
 752 02d3 0C       		.byte	12
 753 02d4 58       		.byte	88
 754 02d5 04       		.byte	4
 755 02d6 59       		.byte	89
 756 02d7 04       		.byte	4
 757 02d8 5A       		.byte	90
 758 02d9 04       		.byte	4
 759 02da 5C       		.byte	92
 760 02db 11       		.byte	17
 761 02dc 5D       		.byte	93
 762 02dd 01       		.byte	1
 763 02de 5F       		.byte	95
 764 02df 01       		.byte	1
 765 02e0 66       		.byte	102
 766 02e1 C0       		.byte	-64
 767 02e2 6A       		.byte	106
 768 02e3 40       		.byte	64
 769 02e4 6B       		.byte	107
 770 02e5 02       		.byte	2
 771 02e6 84       		.byte	-124
 772 02e7 18       		.byte	24
 773 02e8 85       		.byte	-123
 774 02e9 02       		.byte	2
 775 02ea 88       		.byte	-120
 776 02eb 08       		.byte	8
 777 02ec 8E       		.byte	-114
 778 02ed 03       		.byte	3
 779 02ee 93       		.byte	-109
 780 02ef 01       		.byte	1
 781 02f0 95       		.byte	-107
 782 02f1 09       		.byte	9
 783 02f2 96       		.byte	-106
 784 02f3 04       		.byte	4
 785 02f4 97       		.byte	-105
 786 02f5 06       		.byte	6
 787 02f6 98       		.byte	-104
 788 02f7 27       		.byte	39
 789 02f8 99       		.byte	-103
 790 02f9 06       		.byte	6
 791 02fa 9A       		.byte	-102
 792 02fb 18       		.byte	24
 793 02fc 9B       		.byte	-101
 794 02fd 09       		.byte	9
 795 02fe 9C       		.byte	-100
 796 02ff 3C       		.byte	60
 797 0300 9E       		.byte	-98
 798 0301 02       		.byte	2
ARM GAS  C:\Users\Parwe\AppData\Local\Temp\cc8AVZGb.s 			page 15


 799 0302 A0       		.byte	-96
 800 0303 10       		.byte	16
 801 0304 A1       		.byte	-95
 802 0305 06       		.byte	6
 803 0306 A3       		.byte	-93
 804 0307 09       		.byte	9
 805 0308 A4       		.byte	-92
 806 0309 3F       		.byte	63
 807 030a A5       		.byte	-91
 808 030b 0F       		.byte	15
 809 030c A8       		.byte	-88
 810 030d 3C       		.byte	60
 811 030e A9       		.byte	-87
 812 030f 06       		.byte	6
 813 0310 AA       		.byte	-86
 814 0311 01       		.byte	1
 815 0312 AC       		.byte	-84
 816 0313 04       		.byte	4
 817 0314 AD       		.byte	-83
 818 0315 04       		.byte	4
 819 0316 AE       		.byte	-82
 820 0317 40       		.byte	64
 821 0318 B2       		.byte	-78
 822 0319 40       		.byte	64
 823 031a B3       		.byte	-77
 824 031b 07       		.byte	7
 825 031c B4       		.byte	-76
 826 031d 20       		.byte	32
 827 031e B6       		.byte	-74
 828 031f 1F       		.byte	31
 829 0320 B7       		.byte	-73
 830 0321 08       		.byte	8
 831 0322 B9       		.byte	-71
 832 0323 80       		.byte	-128
 833 0324 BA       		.byte	-70
 834 0325 80       		.byte	-128
 835 0326 BB       		.byte	-69
 836 0327 08       		.byte	8
 837 0328 BE       		.byte	-66
 838 0329 10       		.byte	16
 839 032a D8       		.byte	-40
 840 032b 04       		.byte	4
 841 032c D9       		.byte	-39
 842 032d 04       		.byte	4
 843 032e DC       		.byte	-36
 844 032f 11       		.byte	17
 845 0330 DF       		.byte	-33
 846 0331 01       		.byte	1
 847 0332 00       		.byte	0
 848 0333 40       		.byte	64
 849 0334 01       		.byte	1
 850 0335 02       		.byte	2
 851 0336 04       		.byte	4
 852 0337 80       		.byte	-128
 853 0338 06       		.byte	6
 854 0339 2C       		.byte	44
 855 033a 07       		.byte	7
ARM GAS  C:\Users\Parwe\AppData\Local\Temp\cc8AVZGb.s 			page 16


 856 033b 20       		.byte	32
 857 033c 0A       		.byte	10
 858 033d 01       		.byte	1
 859 033e 0B       		.byte	11
 860 033f 10       		.byte	16
 861 0340 0D       		.byte	13
 862 0341 08       		.byte	8
 863 0342 0E       		.byte	14
 864 0343 0A       		.byte	10
 865 0344 10       		.byte	16
 866 0345 80       		.byte	-128
 867 0346 11       		.byte	17
 868 0347 10       		.byte	16
 869 0348 14       		.byte	20
 870 0349 10       		.byte	16
 871 034a 15       		.byte	21
 872 034b 08       		.byte	8
 873 034c 16       		.byte	22
 874 034d 82       		.byte	-126
 875 034e 17       		.byte	23
 876 034f 12       		.byte	18
 877 0350 19       		.byte	25
 878 0351 80       		.byte	-128
 879 0352 1A       		.byte	26
 880 0353 01       		.byte	1
 881 0354 1D       		.byte	29
 882 0355 08       		.byte	8
 883 0356 1E       		.byte	30
 884 0357 06       		.byte	6
 885 0358 1F       		.byte	31
 886 0359 80       		.byte	-128
 887 035a 20       		.byte	32
 888 035b 40       		.byte	64
 889 035c 21       		.byte	33
 890 035d 04       		.byte	4
 891 035e 22       		.byte	34
 892 035f 48       		.byte	72
 893 0360 26       		.byte	38
 894 0361 80       		.byte	-128
 895 0362 27       		.byte	39
 896 0363 10       		.byte	16
 897 0364 29       		.byte	41
 898 0365 92       		.byte	-110
 899 0366 2C       		.byte	44
 900 0367 10       		.byte	16
 901 0368 2E       		.byte	46
 902 0369 A0       		.byte	-96
 903 036a 2F       		.byte	47
 904 036b 80       		.byte	-128
 905 036c 30       		.byte	48
 906 036d A0       		.byte	-96
 907 036e 36       		.byte	54
 908 036f 06       		.byte	6
 909 0370 37       		.byte	55
 910 0371 10       		.byte	16
 911 0372 38       		.byte	56
 912 0373 40       		.byte	64
ARM GAS  C:\Users\Parwe\AppData\Local\Temp\cc8AVZGb.s 			page 17


 913 0374 39       		.byte	57
 914 0375 30       		.byte	48
 915 0376 3E       		.byte	62
 916 0377 08       		.byte	8
 917 0378 41       		.byte	65
 918 0379 10       		.byte	16
 919 037a 42       		.byte	66
 920 037b 01       		.byte	1
 921 037c 49       		.byte	73
 922 037d 10       		.byte	16
 923 037e 4A       		.byte	74
 924 037f 20       		.byte	32
 925 0380 4B       		.byte	75
 926 0381 10       		.byte	16
 927 0382 50       		.byte	80
 928 0383 28       		.byte	40
 929 0384 52       		.byte	82
 930 0385 10       		.byte	16
 931 0386 89       		.byte	-119
 932 0387 08       		.byte	8
 933 0388 8A       		.byte	-118
 934 0389 02       		.byte	2
 935 038a 90       		.byte	-112
 936 038b 80       		.byte	-128
 937 038c 91       		.byte	-111
 938 038d 20       		.byte	32
 939 038e 93       		.byte	-109
 940 038f 10       		.byte	16
 941 0390 94       		.byte	-108
 942 0391 40       		.byte	64
 943 0392 95       		.byte	-107
 944 0393 10       		.byte	16
 945 0394 96       		.byte	-106
 946 0395 85       		.byte	-123
 947 0396 99       		.byte	-103
 948 0397 02       		.byte	2
 949 0398 9A       		.byte	-102
 950 0399 04       		.byte	4
 951 039a 9B       		.byte	-101
 952 039b 22       		.byte	34
 953 039c 9D       		.byte	-99
 954 039d 88       		.byte	-120
 955 039e 9E       		.byte	-98
 956 039f 92       		.byte	-110
 957 03a0 9F       		.byte	-97
 958 03a1 10       		.byte	16
 959 03a2 A0       		.byte	-96
 960 03a3 80       		.byte	-128
 961 03a4 A2       		.byte	-94
 962 03a5 06       		.byte	6
 963 03a6 A4       		.byte	-92
 964 03a7 08       		.byte	8
 965 03a8 A6       		.byte	-90
 966 03a9 A9       		.byte	-87
 967 03aa AE       		.byte	-82
 968 03ab 21       		.byte	33
 969 03ac B2       		.byte	-78
ARM GAS  C:\Users\Parwe\AppData\Local\Temp\cc8AVZGb.s 			page 18


 970 03ad 10       		.byte	16
 971 03ae B3       		.byte	-77
 972 03af 04       		.byte	4
 973 03b0 C0       		.byte	-64
 974 03b1 E9       		.byte	-23
 975 03b2 C2       		.byte	-62
 976 03b3 E5       		.byte	-27
 977 03b4 C4       		.byte	-60
 978 03b5 FA       		.byte	-6
 979 03b6 CA       		.byte	-54
 980 03b7 FD       		.byte	-3
 981 03b8 CC       		.byte	-52
 982 03b9 EC       		.byte	-20
 983 03ba CE       		.byte	-50
 984 03bb 4C       		.byte	76
 985 03bc D0       		.byte	-48
 986 03bd 0C       		.byte	12
 987 03be D2       		.byte	-46
 988 03bf 04       		.byte	4
 989 03c0 E8       		.byte	-24
 990 03c1 10       		.byte	16
 991 03c2 EE       		.byte	-18
 992 03c3 08       		.byte	8
 993 03c4 33       		.byte	51
 994 03c5 20       		.byte	32
 995 03c6 36       		.byte	54
 996 03c7 20       		.byte	32
 997 03c8 CC       		.byte	-52
 998 03c9 30       		.byte	48
 999 03ca A6       		.byte	-90
 1000 03cb 20       		.byte	32
 1001 03cc A7       		.byte	-89
 1002 03cd 20       		.byte	32
 1003 03ce A6       		.byte	-90
 1004 03cf 20       		.byte	32
 1005 03d0 A7       		.byte	-89
 1006 03d1 20       		.byte	32
 1007 03d2 86       		.byte	-122
 1008 03d3 20       		.byte	32
 1009 03d4 A6       		.byte	-90
 1010 03d5 20       		.byte	32
 1011 03d6 A7       		.byte	-89
 1012 03d7 20       		.byte	32
 1013 03d8 E6       		.byte	-26
 1014 03d9 40       		.byte	64
 1015 03da 24       		.byte	36
 1016 03db 08       		.byte	8
 1017 03dc A7       		.byte	-89
 1018 03dd 20       		.byte	32
 1019 03de C8       		.byte	-56
 1020 03df 20       		.byte	32
 1021 03e0 AF       		.byte	-81
 1022 03e1 20       		.byte	32
 1023 03e2 B4       		.byte	-76
 1024 03e3 04       		.byte	4
 1025 03e4 EE       		.byte	-18
 1026 03e5 10       		.byte	16
ARM GAS  C:\Users\Parwe\AppData\Local\Temp\cc8AVZGb.s 			page 19


 1027 03e6 1F       		.byte	31
 1028 03e7 80       		.byte	-128
 1029 03e8 34       		.byte	52
 1030 03e9 02       		.byte	2
 1031 03ea A0       		.byte	-96
 1032 03eb 04       		.byte	4
 1033 03ec B0       		.byte	-80
 1034 03ed 04       		.byte	4
 1035 03ee C6       		.byte	-58
 1036 03ef 01       		.byte	1
 1037 03f0 CC       		.byte	-52
 1038 03f1 01       		.byte	1
 1039 03f2 E8       		.byte	-24
 1040 03f3 04       		.byte	4
 1041 03f4 10       		.byte	16
 1042 03f5 40       		.byte	64
 1043 03f6 74       		.byte	116
 1044 03f7 04       		.byte	4
 1045 03f8 88       		.byte	-120
 1046 03f9 40       		.byte	64
 1047 03fa A0       		.byte	-96
 1048 03fb 04       		.byte	4
 1049 03fc AF       		.byte	-81
 1050 03fd 80       		.byte	-128
 1051 03fe B4       		.byte	-76
 1052 03ff 02       		.byte	2
 1053 0400 C4       		.byte	-60
 1054 0401 08       		.byte	8
 1055 0402 DE       		.byte	-34
 1056 0403 04       		.byte	4
 1057 0404 E2       		.byte	-30
 1058 0405 01       		.byte	1
 1059 0406 E8       		.byte	-24
 1060 0407 08       		.byte	8
 1061 0408 00       		.byte	0
 1062 0409 02       		.byte	2
 1063 040a 0C       		.byte	12
 1064 040b 02       		.byte	2
 1065 040c 10       		.byte	16
 1066 040d 02       		.byte	2
 1067 040e 11       		.byte	17
 1068 040f 01       		.byte	1
 1069 0410 1C       		.byte	28
 1070 0411 02       		.byte	2
 1071 0412 1D       		.byte	29
 1072 0413 01       		.byte	1
 1073 0414 00       		.byte	0
 1074 0415 0F       		.byte	15
 1075 0416 00       		.byte	0
 1076 0417 00       		.byte	0
 1077 0418 80       		.byte	-128
 1078 0419 80       		.byte	-128
 1079 041a 00       		.byte	0
 1080 041b 00       		.byte	0
 1081 041c 40       		.byte	64
 1082 041d 00       		.byte	0
 1083 041e 00       		.byte	0
ARM GAS  C:\Users\Parwe\AppData\Local\Temp\cc8AVZGb.s 			page 20


 1084 041f 00       		.byte	0
 1085 0420 00       		.byte	0
 1086 0421 00       		.byte	0
 1087 0422 00       		.byte	0
 1088 0423 00       		.byte	0
 1089 0424 00       		.byte	0
 1090 0425 00       		.byte	0
 1091 0426 05       		.byte	5
 1092 0427 00       		.byte	0
 1093 0428 80       		.byte	-128
 1094 0429 00       		.byte	0
 1095 042a 40       		.byte	64
 1096 042b 80       		.byte	-128
 1097 042c 80       		.byte	-128
 1098 042d 00       		.byte	0
 1099 042e 80       		.byte	-128
 1100 042f 00       		.byte	0
 1101 0430 00       		.byte	0
 1102 0431 00       		.byte	0
 1103 0432 00       		.byte	0
 1104 0433 00       		.byte	0
 1105 0434 00       		.byte	0
 1106 0435 0B       		.byte	11
 1107 0436 0B       		.byte	11
 1108 0437 00       		.byte	0
 1109 0438 00       		.byte	0
 1110 0439 00       		.byte	0
 1111 043a 00       		.byte	0
 1112 043b 00       		.byte	0
 1113              		.section	.cywolatch,"a",%progbits
 1114              		.align	2
 1115              		.type	cy_meta_wonvl, %object
 1116              		.size	cy_meta_wonvl, 4
 1117              	cy_meta_wonvl:
 1118 0000 BC       		.byte	-68
 1119 0001 90       		.byte	-112
 1120 0002 AC       		.byte	-84
 1121 0003 AF       		.byte	-81
 1122              		.section	.cycustnvl,"a",%progbits
 1123              		.align	2
 1124              		.type	cy_meta_custnvl, %object
 1125              		.size	cy_meta_custnvl, 4
 1126              	cy_meta_custnvl:
 1127 0000 00       		.byte	0
 1128 0001 00       		.byte	0
 1129 0002 40       		.byte	64
 1130 0003 05       		.byte	5
 1131              		.section	.cymeta,"a",%progbits
 1132              		.align	2
 1133              		.type	cy_metadata, %object
 1134              		.size	cy_metadata, 12
 1135              	cy_metadata:
 1136 0000 00       		.byte	0
 1137 0001 01       		.byte	1
 1138 0002 2E       		.byte	46
 1139 0003 16       		.byte	22
 1140 0004 10       		.byte	16
ARM GAS  C:\Users\Parwe\AppData\Local\Temp\cc8AVZGb.s 			page 21


 1141 0005 69       		.byte	105
 1142 0006 00       		.byte	0
 1143 0007 01       		.byte	1
 1144 0008 00       		.byte	0
 1145 0009 00       		.byte	0
 1146 000a 00       		.byte	0
 1147 000b 00       		.byte	0
 1148              		.section	.cyflashprotect,"a",%progbits
 1149              		.align	2
 1150              		.type	cy_meta_flashprotect, %object
 1151              		.size	cy_meta_flashprotect, 256
 1152              	cy_meta_flashprotect:
 1153 0000 00000000 		.space	256
 1153      00000000 
 1153      00000000 
 1153      00000000 
 1153      00000000 
 1154              		.text
 1155              	.Letext0:
 1156              		.file 1 "c:\\program files (x86)\\cypress\\psoc creator\\4.1\\psoc creator\\import\\gnu\\arm\\5.4.
 1157              		.file 2 "c:\\program files (x86)\\cypress\\psoc creator\\4.1\\psoc creator\\import\\gnu\\arm\\5.4.
 1158              		.file 3 "Generated_Source\\PSoC5\\cymetadata.c"
 1159              		.section	.debug_info,"",%progbits
 1160              	.Ldebug_info0:
 1161 0000 31010000 		.4byte	0x131
 1162 0004 0400     		.2byte	0x4
 1163 0006 00000000 		.4byte	.Ldebug_abbrev0
 1164 000a 04       		.byte	0x4
 1165 000b 01       		.uleb128 0x1
 1166 000c 24000000 		.4byte	.LASF17
 1167 0010 0C       		.byte	0xc
 1168 0011 0D020000 		.4byte	.LASF18
 1169 0015 D7000000 		.4byte	.LASF19
 1170 0019 00000000 		.4byte	.Ldebug_line0
 1171 001d 02       		.uleb128 0x2
 1172 001e 01       		.byte	0x1
 1173 001f 06       		.byte	0x6
 1174 0020 01020000 		.4byte	.LASF0
 1175 0024 03       		.uleb128 0x3
 1176 0025 00000000 		.4byte	.LASF9
 1177 0029 01       		.byte	0x1
 1178 002a 1D       		.byte	0x1d
 1179 002b 2F000000 		.4byte	0x2f
 1180 002f 02       		.uleb128 0x2
 1181 0030 01       		.byte	0x1
 1182 0031 08       		.byte	0x8
 1183 0032 16000000 		.4byte	.LASF1
 1184 0036 02       		.uleb128 0x2
 1185 0037 02       		.byte	0x2
 1186 0038 05       		.byte	0x5
 1187 0039 EE010000 		.4byte	.LASF2
 1188 003d 02       		.uleb128 0x2
 1189 003e 02       		.byte	0x2
 1190 003f 07       		.byte	0x7
 1191 0040 C4000000 		.4byte	.LASF3
 1192 0044 02       		.uleb128 0x2
 1193 0045 04       		.byte	0x4
ARM GAS  C:\Users\Parwe\AppData\Local\Temp\cc8AVZGb.s 			page 22


 1194 0046 05       		.byte	0x5
 1195 0047 F8010000 		.4byte	.LASF4
 1196 004b 02       		.uleb128 0x2
 1197 004c 04       		.byte	0x4
 1198 004d 07       		.byte	0x7
 1199 004e B2000000 		.4byte	.LASF5
 1200 0052 02       		.uleb128 0x2
 1201 0053 08       		.byte	0x8
 1202 0054 05       		.byte	0x5
 1203 0055 E0010000 		.4byte	.LASF6
 1204 0059 02       		.uleb128 0x2
 1205 005a 08       		.byte	0x8
 1206 005b 07       		.byte	0x7
 1207 005c 95010000 		.4byte	.LASF7
 1208 0060 04       		.uleb128 0x4
 1209 0061 04       		.byte	0x4
 1210 0062 05       		.byte	0x5
 1211 0063 696E7400 		.ascii	"int\000"
 1212 0067 02       		.uleb128 0x2
 1213 0068 04       		.byte	0x4
 1214 0069 07       		.byte	0x7
 1215 006a 88010000 		.4byte	.LASF8
 1216 006e 03       		.uleb128 0x3
 1217 006f AC010000 		.4byte	.LASF10
 1218 0073 02       		.byte	0x2
 1219 0074 18       		.byte	0x18
 1220 0075 24000000 		.4byte	0x24
 1221 0079 05       		.uleb128 0x5
 1222 007a 91000000 		.4byte	0x91
 1223 007e 8A000000 		.4byte	0x8a
 1224 0082 06       		.uleb128 0x6
 1225 0083 8A000000 		.4byte	0x8a
 1226 0087 3B04     		.2byte	0x43b
 1227 0089 00       		.byte	0
 1228 008a 02       		.uleb128 0x2
 1229 008b 04       		.byte	0x4
 1230 008c 07       		.byte	0x7
 1231 008d D7010000 		.4byte	.LASF11
 1232 0091 07       		.uleb128 0x7
 1233 0092 6E000000 		.4byte	0x6e
 1234 0096 08       		.uleb128 0x8
 1235 0097 76010000 		.4byte	.LASF12
 1236 009b 03       		.byte	0x3
 1237 009c 1F       		.byte	0x1f
 1238 009d A7000000 		.4byte	0xa7
 1239 00a1 05       		.uleb128 0x5
 1240 00a2 03       		.byte	0x3
 1241 00a3 00000000 		.4byte	cy_meta_configecc
 1242 00a7 07       		.uleb128 0x7
 1243 00a8 79000000 		.4byte	0x79
 1244 00ac 05       		.uleb128 0x5
 1245 00ad 91000000 		.4byte	0x91
 1246 00b1 BC000000 		.4byte	0xbc
 1247 00b5 09       		.uleb128 0x9
 1248 00b6 8A000000 		.4byte	0x8a
 1249 00ba 03       		.byte	0x3
 1250 00bb 00       		.byte	0
ARM GAS  C:\Users\Parwe\AppData\Local\Temp\cc8AVZGb.s 			page 23


 1251 00bc 08       		.uleb128 0x8
 1252 00bd 66010000 		.4byte	.LASF13
 1253 00c1 03       		.byte	0x3
 1254 00c2 B4       		.byte	0xb4
 1255 00c3 CD000000 		.4byte	0xcd
 1256 00c7 05       		.uleb128 0x5
 1257 00c8 03       		.byte	0x3
 1258 00c9 00000000 		.4byte	cy_meta_custnvl
 1259 00cd 07       		.uleb128 0x7
 1260 00ce AC000000 		.4byte	0xac
 1261 00d2 08       		.uleb128 0x8
 1262 00d3 C9010000 		.4byte	.LASF14
 1263 00d7 03       		.byte	0x3
 1264 00d8 C2       		.byte	0xc2
 1265 00d9 E3000000 		.4byte	0xe3
 1266 00dd 05       		.uleb128 0x5
 1267 00de 03       		.byte	0x3
 1268 00df 00000000 		.4byte	cy_meta_wonvl
 1269 00e3 07       		.uleb128 0x7
 1270 00e4 AC000000 		.4byte	0xac
 1271 00e8 05       		.uleb128 0x5
 1272 00e9 91000000 		.4byte	0x91
 1273 00ed F8000000 		.4byte	0xf8
 1274 00f1 09       		.uleb128 0x9
 1275 00f2 8A000000 		.4byte	0x8a
 1276 00f6 FF       		.byte	0xff
 1277 00f7 00       		.byte	0
 1278 00f8 08       		.uleb128 0x8
 1279 00f9 B4010000 		.4byte	.LASF15
 1280 00fd 03       		.byte	0x3
 1281 00fe D0       		.byte	0xd0
 1282 00ff 09010000 		.4byte	0x109
 1283 0103 05       		.uleb128 0x5
 1284 0104 03       		.byte	0x3
 1285 0105 00000000 		.4byte	cy_meta_flashprotect
 1286 0109 07       		.uleb128 0x7
 1287 010a E8000000 		.4byte	0xe8
 1288 010e 05       		.uleb128 0x5
 1289 010f 91000000 		.4byte	0x91
 1290 0113 1E010000 		.4byte	0x11e
 1291 0117 09       		.uleb128 0x9
 1292 0118 8A000000 		.4byte	0x8a
 1293 011c 0B       		.byte	0xb
 1294 011d 00       		.byte	0
 1295 011e 08       		.uleb128 0x8
 1296 011f 0A000000 		.4byte	.LASF16
 1297 0123 03       		.byte	0x3
 1298 0124 FD       		.byte	0xfd
 1299 0125 2F010000 		.4byte	0x12f
 1300 0129 05       		.uleb128 0x5
 1301 012a 03       		.byte	0x3
 1302 012b 00000000 		.4byte	cy_metadata
 1303 012f 07       		.uleb128 0x7
 1304 0130 0E010000 		.4byte	0x10e
 1305 0134 00       		.byte	0
 1306              		.section	.debug_abbrev,"",%progbits
 1307              	.Ldebug_abbrev0:
ARM GAS  C:\Users\Parwe\AppData\Local\Temp\cc8AVZGb.s 			page 24


 1308 0000 01       		.uleb128 0x1
 1309 0001 11       		.uleb128 0x11
 1310 0002 01       		.byte	0x1
 1311 0003 25       		.uleb128 0x25
 1312 0004 0E       		.uleb128 0xe
 1313 0005 13       		.uleb128 0x13
 1314 0006 0B       		.uleb128 0xb
 1315 0007 03       		.uleb128 0x3
 1316 0008 0E       		.uleb128 0xe
 1317 0009 1B       		.uleb128 0x1b
 1318 000a 0E       		.uleb128 0xe
 1319 000b 10       		.uleb128 0x10
 1320 000c 17       		.uleb128 0x17
 1321 000d 00       		.byte	0
 1322 000e 00       		.byte	0
 1323 000f 02       		.uleb128 0x2
 1324 0010 24       		.uleb128 0x24
 1325 0011 00       		.byte	0
 1326 0012 0B       		.uleb128 0xb
 1327 0013 0B       		.uleb128 0xb
 1328 0014 3E       		.uleb128 0x3e
 1329 0015 0B       		.uleb128 0xb
 1330 0016 03       		.uleb128 0x3
 1331 0017 0E       		.uleb128 0xe
 1332 0018 00       		.byte	0
 1333 0019 00       		.byte	0
 1334 001a 03       		.uleb128 0x3
 1335 001b 16       		.uleb128 0x16
 1336 001c 00       		.byte	0
 1337 001d 03       		.uleb128 0x3
 1338 001e 0E       		.uleb128 0xe
 1339 001f 3A       		.uleb128 0x3a
 1340 0020 0B       		.uleb128 0xb
 1341 0021 3B       		.uleb128 0x3b
 1342 0022 0B       		.uleb128 0xb
 1343 0023 49       		.uleb128 0x49
 1344 0024 13       		.uleb128 0x13
 1345 0025 00       		.byte	0
 1346 0026 00       		.byte	0
 1347 0027 04       		.uleb128 0x4
 1348 0028 24       		.uleb128 0x24
 1349 0029 00       		.byte	0
 1350 002a 0B       		.uleb128 0xb
 1351 002b 0B       		.uleb128 0xb
 1352 002c 3E       		.uleb128 0x3e
 1353 002d 0B       		.uleb128 0xb
 1354 002e 03       		.uleb128 0x3
 1355 002f 08       		.uleb128 0x8
 1356 0030 00       		.byte	0
 1357 0031 00       		.byte	0
 1358 0032 05       		.uleb128 0x5
 1359 0033 01       		.uleb128 0x1
 1360 0034 01       		.byte	0x1
 1361 0035 49       		.uleb128 0x49
 1362 0036 13       		.uleb128 0x13
 1363 0037 01       		.uleb128 0x1
 1364 0038 13       		.uleb128 0x13
ARM GAS  C:\Users\Parwe\AppData\Local\Temp\cc8AVZGb.s 			page 25


 1365 0039 00       		.byte	0
 1366 003a 00       		.byte	0
 1367 003b 06       		.uleb128 0x6
 1368 003c 21       		.uleb128 0x21
 1369 003d 00       		.byte	0
 1370 003e 49       		.uleb128 0x49
 1371 003f 13       		.uleb128 0x13
 1372 0040 2F       		.uleb128 0x2f
 1373 0041 05       		.uleb128 0x5
 1374 0042 00       		.byte	0
 1375 0043 00       		.byte	0
 1376 0044 07       		.uleb128 0x7
 1377 0045 26       		.uleb128 0x26
 1378 0046 00       		.byte	0
 1379 0047 49       		.uleb128 0x49
 1380 0048 13       		.uleb128 0x13
 1381 0049 00       		.byte	0
 1382 004a 00       		.byte	0
 1383 004b 08       		.uleb128 0x8
 1384 004c 34       		.uleb128 0x34
 1385 004d 00       		.byte	0
 1386 004e 03       		.uleb128 0x3
 1387 004f 0E       		.uleb128 0xe
 1388 0050 3A       		.uleb128 0x3a
 1389 0051 0B       		.uleb128 0xb
 1390 0052 3B       		.uleb128 0x3b
 1391 0053 0B       		.uleb128 0xb
 1392 0054 49       		.uleb128 0x49
 1393 0055 13       		.uleb128 0x13
 1394 0056 3F       		.uleb128 0x3f
 1395 0057 19       		.uleb128 0x19
 1396 0058 02       		.uleb128 0x2
 1397 0059 18       		.uleb128 0x18
 1398 005a 00       		.byte	0
 1399 005b 00       		.byte	0
 1400 005c 09       		.uleb128 0x9
 1401 005d 21       		.uleb128 0x21
 1402 005e 00       		.byte	0
 1403 005f 49       		.uleb128 0x49
 1404 0060 13       		.uleb128 0x13
 1405 0061 2F       		.uleb128 0x2f
 1406 0062 0B       		.uleb128 0xb
 1407 0063 00       		.byte	0
 1408 0064 00       		.byte	0
 1409 0065 00       		.byte	0
 1410              		.section	.debug_aranges,"",%progbits
 1411 0000 14000000 		.4byte	0x14
 1412 0004 0200     		.2byte	0x2
 1413 0006 00000000 		.4byte	.Ldebug_info0
 1414 000a 04       		.byte	0x4
 1415 000b 00       		.byte	0
 1416 000c 0000     		.2byte	0
 1417 000e 0000     		.2byte	0
 1418 0010 00000000 		.4byte	0
 1419 0014 00000000 		.4byte	0
 1420              		.section	.debug_line,"",%progbits
 1421              	.Ldebug_line0:
ARM GAS  C:\Users\Parwe\AppData\Local\Temp\cc8AVZGb.s 			page 26


 1422 0000 3D010000 		.section	.debug_str,"MS",%progbits,1
 1422      02003701 
 1422      00000201 
 1422      FB0E0D00 
 1422      01010101 
 1423              	.LASF9:
 1424 0000 5F5F7569 		.ascii	"__uint8_t\000"
 1424      6E74385F 
 1424      7400
 1425              	.LASF16:
 1426 000a 63795F6D 		.ascii	"cy_metadata\000"
 1426      65746164 
 1426      61746100 
 1427              	.LASF1:
 1428 0016 756E7369 		.ascii	"unsigned char\000"
 1428      676E6564 
 1428      20636861 
 1428      7200
 1429              	.LASF17:
 1430 0024 474E5520 		.ascii	"GNU C11 5.4.1 20160609 (release) [ARM/embedded-5-br"
 1430      43313120 
 1430      352E342E 
 1430      31203230 
 1430      31363036 
 1431 0057 616E6368 		.ascii	"anch revision 237715] -mcpu=cortex-m3 -mthumb -g -O"
 1431      20726576 
 1431      6973696F 
 1431      6E203233 
 1431      37373135 
 1432 008a 67202D66 		.ascii	"g -ffunction-sections -ffat-lto-objects\000"
 1432      66756E63 
 1432      74696F6E 
 1432      2D736563 
 1432      74696F6E 
 1433              	.LASF5:
 1434 00b2 6C6F6E67 		.ascii	"long unsigned int\000"
 1434      20756E73 
 1434      69676E65 
 1434      6420696E 
 1434      7400
 1435              	.LASF3:
 1436 00c4 73686F72 		.ascii	"short unsigned int\000"
 1436      7420756E 
 1436      7369676E 
 1436      65642069 
 1436      6E7400
 1437              	.LASF19:
 1438 00d7 433A5C55 		.ascii	"C:\\Users\\Parwe\\Desktop\\A D D A lab - Handin_Lab"
 1438      73657273 
 1438      5C506172 
 1438      77655C44 
 1438      65736B74 
 1439 0106 2D48616E 		.ascii	"-Handi......ns 50_attempt_2017-10-04-15-35-34_Lab-M"
 1439      64692E2E 
 1439      2E2E2E2E 
 1439      6E732035 
 1439      305F6174 
ARM GAS  C:\Users\Parwe\AppData\Local\Temp\cc8AVZGb.s 			page 27


 1440 0139 6F746F72 		.ascii	"otorControl-Group50 (1)\\04_Scale\\Scale.cydsn\000"
 1440      436F6E74 
 1440      726F6C2D 
 1440      47726F75 
 1440      70353020 
 1441              	.LASF13:
 1442 0166 63795F6D 		.ascii	"cy_meta_custnvl\000"
 1442      6574615F 
 1442      63757374 
 1442      6E766C00 
 1443              	.LASF12:
 1444 0176 63795F6D 		.ascii	"cy_meta_configecc\000"
 1444      6574615F 
 1444      636F6E66 
 1444      69676563 
 1444      6300
 1445              	.LASF8:
 1446 0188 756E7369 		.ascii	"unsigned int\000"
 1446      676E6564 
 1446      20696E74 
 1446      00
 1447              	.LASF7:
 1448 0195 6C6F6E67 		.ascii	"long long unsigned int\000"
 1448      206C6F6E 
 1448      6720756E 
 1448      7369676E 
 1448      65642069 
 1449              	.LASF10:
 1450 01ac 75696E74 		.ascii	"uint8_t\000"
 1450      385F7400 
 1451              	.LASF15:
 1452 01b4 63795F6D 		.ascii	"cy_meta_flashprotect\000"
 1452      6574615F 
 1452      666C6173 
 1452      6870726F 
 1452      74656374 
 1453              	.LASF14:
 1454 01c9 63795F6D 		.ascii	"cy_meta_wonvl\000"
 1454      6574615F 
 1454      776F6E76 
 1454      6C00
 1455              	.LASF11:
 1456 01d7 73697A65 		.ascii	"sizetype\000"
 1456      74797065 
 1456      00
 1457              	.LASF6:
 1458 01e0 6C6F6E67 		.ascii	"long long int\000"
 1458      206C6F6E 
 1458      6720696E 
 1458      7400
 1459              	.LASF2:
 1460 01ee 73686F72 		.ascii	"short int\000"
 1460      7420696E 
 1460      7400
 1461              	.LASF4:
 1462 01f8 6C6F6E67 		.ascii	"long int\000"
 1462      20696E74 
ARM GAS  C:\Users\Parwe\AppData\Local\Temp\cc8AVZGb.s 			page 28


 1462      00
 1463              	.LASF0:
 1464 0201 7369676E 		.ascii	"signed char\000"
 1464      65642063 
 1464      68617200 
 1465              	.LASF18:
 1466 020d 47656E65 		.ascii	"Generated_Source\\PSoC5\\cymetadata.c\000"
 1466      72617465 
 1466      645F536F 
 1466      75726365 
 1466      5C50536F 
 1467              		.ident	"GCC: (GNU Tools for ARM Embedded Processors) 5.4.1 20160609 (release) [ARM/embedded-5-bran
