ARM GAS  C:\Users\Parwe\AppData\Local\Temp\ccfJfMcj.s 			page 1


   1              		.syntax unified
   2              		.cpu cortex-m3
   3              		.fpu softvfp
   4              		.eabi_attribute 20, 1
   5              		.eabi_attribute 21, 1
   6              		.eabi_attribute 23, 3
   7              		.eabi_attribute 24, 1
   8              		.eabi_attribute 25, 1
   9              		.eabi_attribute 26, 1
  10              		.eabi_attribute 30, 1
  11              		.eabi_attribute 34, 1
  12              		.eabi_attribute 18, 4
  13              		.thumb
  14              		.syntax unified
  15              		.file	"main.c"
  16              		.text
  17              	.Ltext0:
  18              		.cfi_sections	.debug_frame
  19              		.global	__aeabi_i2d
  20              		.global	__aeabi_dsub
  21              		.global	__aeabi_ddiv
  22              		.global	__aeabi_d2f
  23              		.global	__aeabi_f2d
  24              		.section	.text.main,"ax",%progbits
  25              		.align	2
  26              		.global	main
  27              		.thumb
  28              		.thumb_func
  29              		.type	main, %function
  30              	main:
  31              	.LFB64:
  32              		.file 1 "main.c"
   1:main.c        **** /* ========================================
   2:main.c        ****  *
   3:main.c        ****  * Copyright YOUR COMPANY, THE YEAR
   4:main.c        ****  * All Rights Reserved
   5:main.c        ****  * UNPUBLISHED, LICENSED SOFTWARE.
   6:main.c        ****  *
   7:main.c        ****  * CONFIDENTIAL AND PROPRIETARY INFORMATION
   8:main.c        ****  * WHICH IS THE PROPERTY OF your company.
   9:main.c        ****  *
  10:main.c        ****  * ========================================
  11:main.c        **** */
  12:main.c        **** #include "project.h"
  13:main.c        **** #include <stdio.h>
  14:main.c        **** #include <stdlib.h>
  15:main.c        **** 
  16:main.c        **** CY_ISR_PROTO(ISR_UART_rx_handler);
  17:main.c        **** void handleByteReceived(uint8_t byteReceived);
  18:main.c        **** 
  19:main.c        **** int16_t offsetADC = 0;
  20:main.c        **** 
  21:main.c        **** int main(void)
  22:main.c        **** {
  33              		.loc 1 22 0
  34              		.cfi_startproc
  35              		@ args = 0, pretend = 0, frame = 256
ARM GAS  C:\Users\Parwe\AppData\Local\Temp\ccfJfMcj.s 			page 2


  36              		@ frame_needed = 0, uses_anonymous_args = 0
  37 0000 30B5     		push	{r4, r5, lr}
  38              		.cfi_def_cfa_offset 12
  39              		.cfi_offset 4, -12
  40              		.cfi_offset 5, -8
  41              		.cfi_offset 14, -4
  42 0002 C5B0     		sub	sp, sp, #276
  43              		.cfi_def_cfa_offset 288
  23:main.c        ****     CyGlobalIntEnable; /* Enable global interrupts. */
  44              		.loc 1 23 0
  45              		.syntax unified
  46              	@ 23 "main.c" 1
  47 0004 62B6     		CPSIE   i
  48              	@ 0 "" 2
  24:main.c        ****     char uartBuffer[256];
  25:main.c        **** 
  26:main.c        ****     /* Place your initialization/startup code here (e.g. MyInst_Start()) */
  27:main.c        ****     isr_uart_rx_StartEx(ISR_UART_rx_handler);
  49              		.loc 1 27 0
  50              		.thumb
  51              		.syntax unified
  52 0006 2048     		ldr	r0, .L5+16
  53 0008 FFF7FEFF 		bl	isr_uart_rx_StartEx
  54              	.LVL0:
  28:main.c        ****     UART_1_Start();
  55              		.loc 1 28 0
  56 000c FFF7FEFF 		bl	UART_1_Start
  57              	.LVL1:
  29:main.c        ****     ADC_SAR_1_Start();
  58              		.loc 1 29 0
  59 0010 FFF7FEFF 		bl	ADC_SAR_1_Start
  60              	.LVL2:
  30:main.c        ****     ADC_SAR_1_StartConvert();
  61              		.loc 1 30 0
  62 0014 FFF7FEFF 		bl	ADC_SAR_1_StartConvert
  63              	.LVL3:
  31:main.c        **** 
  32:main.c        ****     UART_1_PutString("Scale application started\r\n");
  64              		.loc 1 32 0
  65 0018 1C48     		ldr	r0, .L5+20
  66 001a FFF7FEFF 		bl	UART_1_PutString
  67              	.LVL4:
  68              	.L3:
  33:main.c        **** 
  34:main.c        ****     for(;;)
  35:main.c        ****     {
  36:main.c        ****         /* Place your application code here. */
  37:main.c        ****         if (ADC_SAR_1_IsEndConversion(ADC_SAR_1_WAIT_FOR_RESULT))
  69              		.loc 1 37 0
  70 001e 0020     		movs	r0, #0
  71 0020 FFF7FEFF 		bl	ADC_SAR_1_IsEndConversion
  72              	.LVL5:
  73 0024 18B3     		cbz	r0, .L2
  74              	.LBB2:
  38:main.c        ****         {
  39:main.c        **** 			//Get current measurement from ADC
  40:main.c        ****             uint16_t result = ADC_SAR_1_GetResult16();
ARM GAS  C:\Users\Parwe\AppData\Local\Temp\ccfJfMcj.s 			page 3


  75              		.loc 1 40 0
  76 0026 FFF7FEFF 		bl	ADC_SAR_1_GetResult16
  77              	.LVL6:
  78 002a 84B2     		uxth	r4, r0
  79              	.LVL7:
  41:main.c        **** 			//Convert measurement to mV using the built-in function
  42:main.c        **** 			uint16_t resultInMVolts = ADC_SAR_1_CountsTo_mVolts(result);    
  80              		.loc 1 42 0
  81 002c FFF7FEFF 		bl	ADC_SAR_1_CountsTo_mVolts
  82              	.LVL8:
  83 0030 85B2     		uxth	r5, r0
  84              	.LVL9:
  43:main.c        **** 			
  44:main.c        **** 			//Convert to grams using linear function
  45:main.c        **** 			float convertedResult = (result - 1471.8)/1.4174;   
  85              		.loc 1 45 0
  86 0032 2046     		mov	r0, r4
  87 0034 FFF7FEFF 		bl	__aeabi_i2d
  88              	.LVL10:
  89 0038 0FA3     		adr	r3, .L5
  90 003a D3E90023 		ldrd	r2, [r3]
  91 003e FFF7FEFF 		bl	__aeabi_dsub
  92              	.LVL11:
  93 0042 0FA3     		adr	r3, .L5+8
  94 0044 D3E90023 		ldrd	r2, [r3]
  95 0048 FFF7FEFF 		bl	__aeabi_ddiv
  96              	.LVL12:
  97 004c FFF7FEFF 		bl	__aeabi_d2f
  98              	.LVL13:
  46:main.c        **** 			
  47:main.c        **** 			//Put results into string and print to user
  48:main.c        ****             snprintf(uartBuffer, sizeof(uartBuffer), "ADC result: %d in mV: 0x%x \t Converted: %f\r
  99              		.loc 1 48 0
 100 0050 FFF7FEFF 		bl	__aeabi_f2d
 101              	.LVL14:
 102 0054 CDE90201 		strd	r0, [sp, #8]
 103 0058 0095     		str	r5, [sp]
 104 005a 2346     		mov	r3, r4
 105 005c 0C4A     		ldr	r2, .L5+24
 106 005e 4FF48071 		mov	r1, #256
 107 0062 04A8     		add	r0, sp, #16
 108 0064 FFF7FEFF 		bl	snprintf
 109              	.LVL15:
  49:main.c        ****             UART_1_PutString(uartBuffer);
 110              		.loc 1 49 0
 111 0068 04A8     		add	r0, sp, #16
 112 006a FFF7FEFF 		bl	UART_1_PutString
 113              	.LVL16:
 114              	.L2:
 115              	.LBE2:
  50:main.c        ****         }
  51:main.c        ****         CyDelay(100);
 116              		.loc 1 51 0
 117 006e 6420     		movs	r0, #100
 118 0070 FFF7FEFF 		bl	CyDelay
 119              	.LVL17:
  52:main.c        ****     }
ARM GAS  C:\Users\Parwe\AppData\Local\Temp\ccfJfMcj.s 			page 4


 120              		.loc 1 52 0
 121 0074 D3E7     		b	.L3
 122              	.L6:
 123 0076 00BF     		.align	3
 124              	.L5:
 125 0078 33333333 		.word	858993459
 126 007c 33FF9640 		.word	1083637555
 127 0080 3D9B559F 		.word	-1621779651
 128 0084 ABADF63F 		.word	1073130923
 129 0088 00000000 		.word	ISR_UART_rx_handler
 130 008c 00000000 		.word	.LC0
 131 0090 1C000000 		.word	.LC1
 132              		.cfi_endproc
 133              	.LFE64:
 134              		.size	main, .-main
 135              		.section	.text.handleByteReceived,"ax",%progbits
 136              		.align	2
 137              		.global	handleByteReceived
 138              		.thumb
 139              		.thumb_func
 140              		.type	handleByteReceived, %function
 141              	handleByteReceived:
 142              	.LFB66:
  53:main.c        **** }
  54:main.c        **** 
  55:main.c        **** CY_ISR(ISR_UART_rx_handler)
  56:main.c        **** {
  57:main.c        ****     uint8_t bytesToRead = UART_1_GetRxBufferSize();
  58:main.c        ****     while (bytesToRead > 0)
  59:main.c        ****     {
  60:main.c        ****         uint8_t byteReceived = UART_1_ReadRxData();
  61:main.c        ****         UART_1_WriteTxData(byteReceived); // echo back
  62:main.c        ****         
  63:main.c        ****         handleByteReceived(byteReceived);
  64:main.c        ****         
  65:main.c        ****         bytesToRead--;
  66:main.c        ****     }
  67:main.c        **** }
  68:main.c        **** 
  69:main.c        **** void handleByteReceived(uint8_t byteReceived)
  70:main.c        **** {
 143              		.loc 1 70 0
 144              		.cfi_startproc
 145              		@ args = 0, pretend = 0, frame = 0
 146              		@ frame_needed = 0, uses_anonymous_args = 0
 147              	.LVL18:
  71:main.c        ****     switch(byteReceived)
 148              		.loc 1 71 0
 149 0000 7228     		cmp	r0, #114
 150 0002 0ED1     		bne	.L11
  70:main.c        ****     switch(byteReceived)
 151              		.loc 1 70 0
 152 0004 08B5     		push	{r3, lr}
 153              		.cfi_def_cfa_offset 8
 154              		.cfi_offset 3, -8
 155              		.cfi_offset 14, -4
  72:main.c        ****     {
ARM GAS  C:\Users\Parwe\AppData\Local\Temp\ccfJfMcj.s 			page 5


  73:main.c        ****         case 'r' :
  74:main.c        ****         {
  75:main.c        **** 			UART_1_PutString("Resetting ADC\r\n");
 156              		.loc 1 75 0
 157 0006 0748     		ldr	r0, .L12
 158              	.LVL19:
 159 0008 FFF7FEFF 		bl	UART_1_PutString
 160              	.LVL20:
  76:main.c        **** 			if (ADC_SAR_1_IsEndConversion(ADC_SAR_1_WAIT_FOR_RESULT))
 161              		.loc 1 76 0
 162 000c 0020     		movs	r0, #0
 163 000e FFF7FEFF 		bl	ADC_SAR_1_IsEndConversion
 164              	.LVL21:
 165 0012 28B1     		cbz	r0, .L7
  77:main.c        **** 			{
  78:main.c        **** 				offsetADC = ADC_SAR_1_GetResult16(); //Get current value from ADC
 166              		.loc 1 78 0
 167 0014 FFF7FEFF 		bl	ADC_SAR_1_GetResult16
 168              	.LVL22:
 169 0018 034B     		ldr	r3, .L12+4
 170 001a 1880     		strh	r0, [r3]	@ movhi
  79:main.c        **** 				ADC_SAR_1_SetOffset(offsetADC); //Set offset to current value, resetting the ADC to 0
 171              		.loc 1 79 0
 172 001c FFF7FEFF 		bl	ADC_SAR_1_SetOffset
 173              	.LVL23:
 174              	.L7:
 175 0020 08BD     		pop	{r3, pc}
 176              	.LVL24:
 177              	.L11:
 178              		.cfi_def_cfa_offset 0
 179              		.cfi_restore 3
 180              		.cfi_restore 14
 181 0022 7047     		bx	lr
 182              	.L13:
 183              		.align	2
 184              	.L12:
 185 0024 4C000000 		.word	.LC2
 186 0028 00000000 		.word	.LANCHOR0
 187              		.cfi_endproc
 188              	.LFE66:
 189              		.size	handleByteReceived, .-handleByteReceived
 190              		.section	.text.ISR_UART_rx_handler,"ax",%progbits
 191              		.align	2
 192              		.global	ISR_UART_rx_handler
 193              		.thumb
 194              		.thumb_func
 195              		.type	ISR_UART_rx_handler, %function
 196              	ISR_UART_rx_handler:
 197              	.LFB65:
  56:main.c        ****     uint8_t bytesToRead = UART_1_GetRxBufferSize();
 198              		.loc 1 56 0
 199              		.cfi_startproc
 200              		@ args = 0, pretend = 0, frame = 0
 201              		@ frame_needed = 0, uses_anonymous_args = 0
 202 0000 38B5     		push	{r3, r4, r5, lr}
 203              		.cfi_def_cfa_offset 16
 204              		.cfi_offset 3, -16
ARM GAS  C:\Users\Parwe\AppData\Local\Temp\ccfJfMcj.s 			page 6


 205              		.cfi_offset 4, -12
 206              		.cfi_offset 5, -8
 207              		.cfi_offset 14, -4
  57:main.c        ****     while (bytesToRead > 0)
 208              		.loc 1 57 0
 209 0002 FFF7FEFF 		bl	UART_1_GetRxBufferSize
 210              	.LVL25:
 211 0006 0446     		mov	r4, r0
 212              	.LVL26:
  58:main.c        ****     {
 213              		.loc 1 58 0
 214 0008 09E0     		b	.L15
 215              	.L16:
 216              	.LBB3:
  60:main.c        ****         UART_1_WriteTxData(byteReceived); // echo back
 217              		.loc 1 60 0
 218 000a FFF7FEFF 		bl	UART_1_ReadRxData
 219              	.LVL27:
 220 000e 0546     		mov	r5, r0
 221              	.LVL28:
  61:main.c        ****         
 222              		.loc 1 61 0
 223 0010 FFF7FEFF 		bl	UART_1_WriteTxData
 224              	.LVL29:
  63:main.c        ****         
 225              		.loc 1 63 0
 226 0014 2846     		mov	r0, r5
 227 0016 FFF7FEFF 		bl	handleByteReceived
 228              	.LVL30:
  65:main.c        ****     }
 229              		.loc 1 65 0
 230 001a 013C     		subs	r4, r4, #1
 231              	.LVL31:
 232 001c E4B2     		uxtb	r4, r4
 233              	.LVL32:
 234              	.L15:
 235              	.LBE3:
  58:main.c        ****     {
 236              		.loc 1 58 0
 237 001e 002C     		cmp	r4, #0
 238 0020 F3D1     		bne	.L16
  67:main.c        **** 
 239              		.loc 1 67 0
 240 0022 38BD     		pop	{r3, r4, r5, pc}
 241              		.cfi_endproc
 242              	.LFE65:
 243              		.size	ISR_UART_rx_handler, .-ISR_UART_rx_handler
 244              		.global	offsetADC
 245              		.section	.rodata.str1.4,"aMS",%progbits,1
 246              		.align	2
 247              	.LC0:
 248 0000 5363616C 		.ascii	"Scale application started\015\012\000"
 248      65206170 
 248      706C6963 
 248      6174696F 
 248      6E207374 
 249              	.LC1:
ARM GAS  C:\Users\Parwe\AppData\Local\Temp\ccfJfMcj.s 			page 7


 250 001c 41444320 		.ascii	"ADC result: %d in mV: 0x%x \011 Converted: %f\015\012"
 250      72657375 
 250      6C743A20 
 250      25642069 
 250      6E206D56 
 251 0048 00       		.ascii	"\000"
 252 0049 000000   		.space	3
 253              	.LC2:
 254 004c 52657365 		.ascii	"Resetting ADC\015\012\000"
 254      7474696E 
 254      67204144 
 254      430D0A00 
 255              		.bss
 256              		.align	1
 257              		.set	.LANCHOR0,. + 0
 258              		.type	offsetADC, %object
 259              		.size	offsetADC, 2
 260              	offsetADC:
 261 0000 0000     		.space	2
 262              		.text
 263              	.Letext0:
 264              		.file 2 "c:\\program files (x86)\\cypress\\psoc creator\\4.1\\psoc creator\\import\\gnu\\arm\\5.4.
 265              		.file 3 "c:\\program files (x86)\\cypress\\psoc creator\\4.1\\psoc creator\\import\\gnu\\arm\\5.4.
 266              		.file 4 "Generated_Source\\PSoC5/core_cm3.h"
 267              		.file 5 "Generated_Source\\PSoC5/ADC_SAR_1.h"
 268              		.file 6 "c:\\program files (x86)\\cypress\\psoc creator\\4.1\\psoc creator\\import\\gnu\\arm\\5.4.
 269              		.file 7 "Generated_Source\\PSoC5/UART_1.h"
 270              		.file 8 "Generated_Source\\PSoC5/isr_uart_rx.h"
 271              		.file 9 "Generated_Source\\PSoC5/CyLib.h"
 272              		.section	.debug_info,"",%progbits
 273              	.Ldebug_info0:
 274 0000 AD030000 		.4byte	0x3ad
 275 0004 0400     		.2byte	0x4
 276 0006 00000000 		.4byte	.Ldebug_abbrev0
 277 000a 04       		.byte	0x4
 278 000b 01       		.uleb128 0x1
 279 000c 60010000 		.4byte	.LASF46
 280 0010 0C       		.byte	0xc
 281 0011 1E030000 		.4byte	.LASF47
 282 0015 2B000000 		.4byte	.LASF48
 283 0019 00000000 		.4byte	.Ldebug_ranges0+0
 284 001d 00000000 		.4byte	0
 285 0021 00000000 		.4byte	.Ldebug_line0
 286 0025 02       		.uleb128 0x2
 287 0026 01       		.byte	0x1
 288 0027 06       		.byte	0x6
 289 0028 75030000 		.4byte	.LASF0
 290 002c 03       		.uleb128 0x3
 291 002d BA000000 		.4byte	.LASF2
 292 0031 02       		.byte	0x2
 293 0032 1D       		.byte	0x1d
 294 0033 37000000 		.4byte	0x37
 295 0037 02       		.uleb128 0x2
 296 0038 01       		.byte	0x1
 297 0039 08       		.byte	0x8
 298 003a 52010000 		.4byte	.LASF1
 299 003e 03       		.uleb128 0x3
ARM GAS  C:\Users\Parwe\AppData\Local\Temp\ccfJfMcj.s 			page 8


 300 003f C4000000 		.4byte	.LASF3
 301 0043 02       		.byte	0x2
 302 0044 29       		.byte	0x29
 303 0045 49000000 		.4byte	0x49
 304 0049 02       		.uleb128 0x2
 305 004a 02       		.byte	0x2
 306 004b 05       		.byte	0x5
 307 004c 4D030000 		.4byte	.LASF4
 308 0050 03       		.uleb128 0x3
 309 0051 5D020000 		.4byte	.LASF5
 310 0055 02       		.byte	0x2
 311 0056 2B       		.byte	0x2b
 312 0057 5B000000 		.4byte	0x5b
 313 005b 02       		.uleb128 0x2
 314 005c 02       		.byte	0x2
 315 005d 07       		.byte	0x7
 316 005e EC000000 		.4byte	.LASF6
 317 0062 03       		.uleb128 0x3
 318 0063 D9000000 		.4byte	.LASF7
 319 0067 02       		.byte	0x2
 320 0068 3F       		.byte	0x3f
 321 0069 6D000000 		.4byte	0x6d
 322 006d 02       		.uleb128 0x2
 323 006e 04       		.byte	0x4
 324 006f 05       		.byte	0x5
 325 0070 60030000 		.4byte	.LASF8
 326 0074 02       		.uleb128 0x2
 327 0075 04       		.byte	0x4
 328 0076 07       		.byte	0x7
 329 0077 15020000 		.4byte	.LASF9
 330 007b 02       		.uleb128 0x2
 331 007c 08       		.byte	0x8
 332 007d 05       		.byte	0x5
 333 007e 10030000 		.4byte	.LASF10
 334 0082 02       		.uleb128 0x2
 335 0083 08       		.byte	0x8
 336 0084 07       		.byte	0x7
 337 0085 A4020000 		.4byte	.LASF11
 338 0089 04       		.uleb128 0x4
 339 008a 04       		.byte	0x4
 340 008b 05       		.byte	0x5
 341 008c 696E7400 		.ascii	"int\000"
 342 0090 02       		.uleb128 0x2
 343 0091 04       		.byte	0x4
 344 0092 07       		.byte	0x7
 345 0093 97020000 		.4byte	.LASF12
 346 0097 03       		.uleb128 0x3
 347 0098 BB020000 		.4byte	.LASF13
 348 009c 03       		.byte	0x3
 349 009d 18       		.byte	0x18
 350 009e 2C000000 		.4byte	0x2c
 351 00a2 03       		.uleb128 0x3
 352 00a3 E1020000 		.4byte	.LASF14
 353 00a7 03       		.byte	0x3
 354 00a8 20       		.byte	0x20
 355 00a9 3E000000 		.4byte	0x3e
 356 00ad 03       		.uleb128 0x3
ARM GAS  C:\Users\Parwe\AppData\Local\Temp\ccfJfMcj.s 			page 9


 357 00ae 57030000 		.4byte	.LASF15
 358 00b2 03       		.byte	0x3
 359 00b3 24       		.byte	0x24
 360 00b4 50000000 		.4byte	0x50
 361 00b8 03       		.uleb128 0x3
 362 00b9 E9020000 		.4byte	.LASF16
 363 00bd 03       		.byte	0x3
 364 00be 2C       		.byte	0x2c
 365 00bf 62000000 		.4byte	0x62
 366 00c3 02       		.uleb128 0x2
 367 00c4 04       		.byte	0x4
 368 00c5 04       		.byte	0x4
 369 00c6 25010000 		.4byte	.LASF17
 370 00ca 02       		.uleb128 0x2
 371 00cb 08       		.byte	0x8
 372 00cc 04       		.byte	0x4
 373 00cd 68020000 		.4byte	.LASF18
 374 00d1 02       		.uleb128 0x2
 375 00d2 01       		.byte	0x1
 376 00d3 08       		.byte	0x8
 377 00d4 25030000 		.4byte	.LASF19
 378 00d8 02       		.uleb128 0x2
 379 00d9 08       		.byte	0x8
 380 00da 04       		.byte	0x4
 381 00db 69030000 		.4byte	.LASF20
 382 00df 02       		.uleb128 0x2
 383 00e0 04       		.byte	0x4
 384 00e1 07       		.byte	0x7
 385 00e2 F1020000 		.4byte	.LASF21
 386 00e6 05       		.uleb128 0x5
 387 00e7 6F020000 		.4byte	.LASF49
 388 00eb 01       		.byte	0x1
 389 00ec 15       		.byte	0x15
 390 00ed 89000000 		.4byte	0x89
 391 00f1 00000000 		.4byte	.LFB64
 392 00f5 94000000 		.4byte	.LFE64-.LFB64
 393 00f9 01       		.uleb128 0x1
 394 00fa 9C       		.byte	0x9c
 395 00fb 0B020000 		.4byte	0x20b
 396 00ff 06       		.uleb128 0x6
 397 0100 CE000000 		.4byte	.LASF22
 398 0104 01       		.byte	0x1
 399 0105 18       		.byte	0x18
 400 0106 0B020000 		.4byte	0x20b
 401 010a 03       		.uleb128 0x3
 402 010b 91       		.byte	0x91
 403 010c F07D     		.sleb128 -272
 404 010e 07       		.uleb128 0x7
 405 010f 26000000 		.4byte	.LBB2
 406 0113 48000000 		.4byte	.LBE2-.LBB2
 407 0117 9E010000 		.4byte	0x19e
 408 011b 08       		.uleb128 0x8
 409 011c DA020000 		.4byte	.LASF23
 410 0120 01       		.byte	0x1
 411 0121 28       		.byte	0x28
 412 0122 AD000000 		.4byte	0xad
 413 0126 00000000 		.4byte	.LLST0
ARM GAS  C:\Users\Parwe\AppData\Local\Temp\ccfJfMcj.s 			page 10


 414 012a 08       		.uleb128 0x8
 415 012b 2A030000 		.4byte	.LASF24
 416 012f 01       		.byte	0x1
 417 0130 2A       		.byte	0x2a
 418 0131 AD000000 		.4byte	0xad
 419 0135 13000000 		.4byte	.LLST1
 420 0139 08       		.uleb128 0x8
 421 013a 74020000 		.4byte	.LASF25
 422 013e 01       		.byte	0x1
 423 013f 2D       		.byte	0x2d
 424 0140 C3000000 		.4byte	0xc3
 425 0144 26000000 		.4byte	.LLST2
 426 0148 09       		.uleb128 0x9
 427 0149 2A000000 		.4byte	.LVL6
 428 014d 16030000 		.4byte	0x316
 429 0151 09       		.uleb128 0x9
 430 0152 30000000 		.4byte	.LVL8
 431 0156 21030000 		.4byte	0x321
 432 015a 0A       		.uleb128 0xa
 433 015b 68000000 		.4byte	.LVL15
 434 015f 2C030000 		.4byte	0x32c
 435 0163 8C010000 		.4byte	0x18c
 436 0167 0B       		.uleb128 0xb
 437 0168 01       		.uleb128 0x1
 438 0169 50       		.byte	0x50
 439 016a 03       		.uleb128 0x3
 440 016b 91       		.byte	0x91
 441 016c F07D     		.sleb128 -272
 442 016e 0B       		.uleb128 0xb
 443 016f 01       		.uleb128 0x1
 444 0170 51       		.byte	0x51
 445 0171 03       		.uleb128 0x3
 446 0172 0A       		.byte	0xa
 447 0173 0001     		.2byte	0x100
 448 0175 0B       		.uleb128 0xb
 449 0176 01       		.uleb128 0x1
 450 0177 52       		.byte	0x52
 451 0178 05       		.uleb128 0x5
 452 0179 03       		.byte	0x3
 453 017a 1C000000 		.4byte	.LC1
 454 017e 0B       		.uleb128 0xb
 455 017f 01       		.uleb128 0x1
 456 0180 53       		.byte	0x53
 457 0181 02       		.uleb128 0x2
 458 0182 74       		.byte	0x74
 459 0183 00       		.sleb128 0
 460 0184 0B       		.uleb128 0xb
 461 0185 02       		.uleb128 0x2
 462 0186 7D       		.byte	0x7d
 463 0187 00       		.sleb128 0
 464 0188 02       		.uleb128 0x2
 465 0189 75       		.byte	0x75
 466 018a 00       		.sleb128 0
 467 018b 00       		.byte	0
 468 018c 0C       		.uleb128 0xc
 469 018d 6E000000 		.4byte	.LVL16
 470 0191 37030000 		.4byte	0x337
ARM GAS  C:\Users\Parwe\AppData\Local\Temp\ccfJfMcj.s 			page 11


 471 0195 0B       		.uleb128 0xb
 472 0196 01       		.uleb128 0x1
 473 0197 50       		.byte	0x50
 474 0198 03       		.uleb128 0x3
 475 0199 91       		.byte	0x91
 476 019a F07D     		.sleb128 -272
 477 019c 00       		.byte	0
 478 019d 00       		.byte	0
 479 019e 0A       		.uleb128 0xa
 480 019f 0C000000 		.4byte	.LVL0
 481 01a3 42030000 		.4byte	0x342
 482 01a7 B5010000 		.4byte	0x1b5
 483 01ab 0B       		.uleb128 0xb
 484 01ac 01       		.uleb128 0x1
 485 01ad 50       		.byte	0x50
 486 01ae 05       		.uleb128 0x5
 487 01af 03       		.byte	0x3
 488 01b0 00000000 		.4byte	ISR_UART_rx_handler
 489 01b4 00       		.byte	0
 490 01b5 09       		.uleb128 0x9
 491 01b6 10000000 		.4byte	.LVL1
 492 01ba 4D030000 		.4byte	0x34d
 493 01be 09       		.uleb128 0x9
 494 01bf 14000000 		.4byte	.LVL2
 495 01c3 58030000 		.4byte	0x358
 496 01c7 09       		.uleb128 0x9
 497 01c8 18000000 		.4byte	.LVL3
 498 01cc 63030000 		.4byte	0x363
 499 01d0 0A       		.uleb128 0xa
 500 01d1 1E000000 		.4byte	.LVL4
 501 01d5 37030000 		.4byte	0x337
 502 01d9 E7010000 		.4byte	0x1e7
 503 01dd 0B       		.uleb128 0xb
 504 01de 01       		.uleb128 0x1
 505 01df 50       		.byte	0x50
 506 01e0 05       		.uleb128 0x5
 507 01e1 03       		.byte	0x3
 508 01e2 00000000 		.4byte	.LC0
 509 01e6 00       		.byte	0
 510 01e7 0A       		.uleb128 0xa
 511 01e8 24000000 		.4byte	.LVL5
 512 01ec 6E030000 		.4byte	0x36e
 513 01f0 FA010000 		.4byte	0x1fa
 514 01f4 0B       		.uleb128 0xb
 515 01f5 01       		.uleb128 0x1
 516 01f6 50       		.byte	0x50
 517 01f7 01       		.uleb128 0x1
 518 01f8 30       		.byte	0x30
 519 01f9 00       		.byte	0
 520 01fa 0C       		.uleb128 0xc
 521 01fb 74000000 		.4byte	.LVL17
 522 01ff 79030000 		.4byte	0x379
 523 0203 0B       		.uleb128 0xb
 524 0204 01       		.uleb128 0x1
 525 0205 50       		.byte	0x50
 526 0206 02       		.uleb128 0x2
 527 0207 08       		.byte	0x8
ARM GAS  C:\Users\Parwe\AppData\Local\Temp\ccfJfMcj.s 			page 12


 528 0208 64       		.byte	0x64
 529 0209 00       		.byte	0
 530 020a 00       		.byte	0
 531 020b 0D       		.uleb128 0xd
 532 020c D1000000 		.4byte	0xd1
 533 0210 1B020000 		.4byte	0x21b
 534 0214 0E       		.uleb128 0xe
 535 0215 DF000000 		.4byte	0xdf
 536 0219 FF       		.byte	0xff
 537 021a 00       		.byte	0
 538 021b 0F       		.uleb128 0xf
 539 021c 84020000 		.4byte	.LASF26
 540 0220 01       		.byte	0x1
 541 0221 45       		.byte	0x45
 542 0222 00000000 		.4byte	.LFB66
 543 0226 2C000000 		.4byte	.LFE66-.LFB66
 544 022a 01       		.uleb128 0x1
 545 022b 9C       		.byte	0x9c
 546 022c 7C020000 		.4byte	0x27c
 547 0230 10       		.uleb128 0x10
 548 0231 45010000 		.4byte	.LASF29
 549 0235 01       		.byte	0x1
 550 0236 45       		.byte	0x45
 551 0237 97000000 		.4byte	0x97
 552 023b 39000000 		.4byte	.LLST3
 553 023f 0A       		.uleb128 0xa
 554 0240 0C000000 		.4byte	.LVL20
 555 0244 37030000 		.4byte	0x337
 556 0248 56020000 		.4byte	0x256
 557 024c 0B       		.uleb128 0xb
 558 024d 01       		.uleb128 0x1
 559 024e 50       		.byte	0x50
 560 024f 05       		.uleb128 0x5
 561 0250 03       		.byte	0x3
 562 0251 4C000000 		.4byte	.LC2
 563 0255 00       		.byte	0
 564 0256 0A       		.uleb128 0xa
 565 0257 12000000 		.4byte	.LVL21
 566 025b 6E030000 		.4byte	0x36e
 567 025f 69020000 		.4byte	0x269
 568 0263 0B       		.uleb128 0xb
 569 0264 01       		.uleb128 0x1
 570 0265 50       		.byte	0x50
 571 0266 01       		.uleb128 0x1
 572 0267 30       		.byte	0x30
 573 0268 00       		.byte	0
 574 0269 09       		.uleb128 0x9
 575 026a 18000000 		.4byte	.LVL22
 576 026e 16030000 		.4byte	0x316
 577 0272 09       		.uleb128 0x9
 578 0273 20000000 		.4byte	.LVL23
 579 0277 84030000 		.4byte	0x384
 580 027b 00       		.byte	0
 581 027c 0F       		.uleb128 0xf
 582 027d 01020000 		.4byte	.LASF27
 583 0281 01       		.byte	0x1
 584 0282 37       		.byte	0x37
ARM GAS  C:\Users\Parwe\AppData\Local\Temp\ccfJfMcj.s 			page 13


 585 0283 00000000 		.4byte	.LFB65
 586 0287 24000000 		.4byte	.LFE65-.LFB65
 587 028b 01       		.uleb128 0x1
 588 028c 9C       		.byte	0x9c
 589 028d F4020000 		.4byte	0x2f4
 590 0291 08       		.uleb128 0x8
 591 0292 19010000 		.4byte	.LASF28
 592 0296 01       		.byte	0x1
 593 0297 39       		.byte	0x39
 594 0298 97000000 		.4byte	0x97
 595 029c 65000000 		.4byte	.LLST4
 596 02a0 07       		.uleb128 0x7
 597 02a1 0A000000 		.4byte	.LBB3
 598 02a5 14000000 		.4byte	.LBE3-.LBB3
 599 02a9 EA020000 		.4byte	0x2ea
 600 02ad 08       		.uleb128 0x8
 601 02ae 45010000 		.4byte	.LASF29
 602 02b2 01       		.byte	0x1
 603 02b3 3C       		.byte	0x3c
 604 02b4 97000000 		.4byte	0x97
 605 02b8 83000000 		.4byte	.LLST5
 606 02bc 09       		.uleb128 0x9
 607 02bd 0E000000 		.4byte	.LVL27
 608 02c1 8F030000 		.4byte	0x38f
 609 02c5 0A       		.uleb128 0xa
 610 02c6 14000000 		.4byte	.LVL29
 611 02ca 9A030000 		.4byte	0x39a
 612 02ce D9020000 		.4byte	0x2d9
 613 02d2 0B       		.uleb128 0xb
 614 02d3 01       		.uleb128 0x1
 615 02d4 50       		.byte	0x50
 616 02d5 02       		.uleb128 0x2
 617 02d6 75       		.byte	0x75
 618 02d7 00       		.sleb128 0
 619 02d8 00       		.byte	0
 620 02d9 0C       		.uleb128 0xc
 621 02da 1A000000 		.4byte	.LVL30
 622 02de 1B020000 		.4byte	0x21b
 623 02e2 0B       		.uleb128 0xb
 624 02e3 01       		.uleb128 0x1
 625 02e4 50       		.byte	0x50
 626 02e5 02       		.uleb128 0x2
 627 02e6 75       		.byte	0x75
 628 02e7 00       		.sleb128 0
 629 02e8 00       		.byte	0
 630 02e9 00       		.byte	0
 631 02ea 09       		.uleb128 0x9
 632 02eb 06000000 		.4byte	.LVL25
 633 02ef A5030000 		.4byte	0x3a5
 634 02f3 00       		.byte	0
 635 02f4 11       		.uleb128 0x11
 636 02f5 50020000 		.4byte	.LASF30
 637 02f9 04       		.byte	0x4
 638 02fa 9606     		.2byte	0x696
 639 02fc 00030000 		.4byte	0x300
 640 0300 12       		.uleb128 0x12
 641 0301 B8000000 		.4byte	0xb8
ARM GAS  C:\Users\Parwe\AppData\Local\Temp\ccfJfMcj.s 			page 14


 642 0305 13       		.uleb128 0x13
 643 0306 21000000 		.4byte	.LASF31
 644 030a 01       		.byte	0x1
 645 030b 13       		.byte	0x13
 646 030c A2000000 		.4byte	0xa2
 647 0310 05       		.uleb128 0x5
 648 0311 03       		.byte	0x3
 649 0312 00000000 		.4byte	offsetADC
 650 0316 14       		.uleb128 0x14
 651 0317 FA020000 		.4byte	.LASF32
 652 031b FA020000 		.4byte	.LASF32
 653 031f 05       		.byte	0x5
 654 0320 3B       		.byte	0x3b
 655 0321 14       		.uleb128 0x14
 656 0322 FF000000 		.4byte	.LASF33
 657 0326 FF000000 		.4byte	.LASF33
 658 032a 05       		.byte	0x5
 659 032b 3F       		.byte	0x3f
 660 032c 14       		.uleb128 0x14
 661 032d E3000000 		.4byte	.LASF34
 662 0331 E3000000 		.4byte	.LASF34
 663 0335 06       		.byte	0x6
 664 0336 FD       		.byte	0xfd
 665 0337 14       		.uleb128 0x14
 666 0338 91030000 		.4byte	.LASF35
 667 033c 91030000 		.4byte	.LASF35
 668 0340 07       		.byte	0x7
 669 0341 8B       		.byte	0x8b
 670 0342 14       		.uleb128 0x14
 671 0343 00000000 		.4byte	.LASF36
 672 0347 00000000 		.4byte	.LASF36
 673 034b 08       		.byte	0x8
 674 034c 18       		.byte	0x18
 675 034d 14       		.uleb128 0x14
 676 034e 14000000 		.4byte	.LASF37
 677 0352 14000000 		.4byte	.LASF37
 678 0356 07       		.byte	0x7
 679 0357 54       		.byte	0x54
 680 0358 14       		.uleb128 0x14
 681 0359 81030000 		.4byte	.LASF38
 682 035d 81030000 		.4byte	.LASF38
 683 0361 05       		.byte	0x5
 684 0362 34       		.byte	0x34
 685 0363 14       		.uleb128 0x14
 686 0364 39020000 		.4byte	.LASF39
 687 0368 39020000 		.4byte	.LASF39
 688 036c 05       		.byte	0x5
 689 036d D1       		.byte	0xd1
 690 036e 14       		.uleb128 0x14
 691 036f 2B010000 		.4byte	.LASF40
 692 0373 2B010000 		.4byte	.LASF40
 693 0377 05       		.byte	0x5
 694 0378 39       		.byte	0x39
 695 0379 14       		.uleb128 0x14
 696 037a A2030000 		.4byte	.LASF41
 697 037e A2030000 		.4byte	.LASF41
 698 0382 09       		.byte	0x9
ARM GAS  C:\Users\Parwe\AppData\Local\Temp\ccfJfMcj.s 			page 15


 699 0383 76       		.byte	0x76
 700 0384 14       		.uleb128 0x14
 701 0385 39030000 		.4byte	.LASF42
 702 0389 39030000 		.4byte	.LASF42
 703 038d 05       		.byte	0x5
 704 038e 3D       		.byte	0x3d
 705 038f 14       		.uleb128 0x14
 706 0390 27020000 		.4byte	.LASF43
 707 0394 27020000 		.4byte	.LASF43
 708 0398 07       		.byte	0x7
 709 0399 6F       		.byte	0x6f
 710 039a 14       		.uleb128 0x14
 711 039b EE010000 		.4byte	.LASF44
 712 039f EE010000 		.4byte	.LASF44
 713 03a3 07       		.byte	0x7
 714 03a4 88       		.byte	0x88
 715 03a5 14       		.uleb128 0x14
 716 03a6 C3020000 		.4byte	.LASF45
 717 03aa C3020000 		.4byte	.LASF45
 718 03ae 07       		.byte	0x7
 719 03af 73       		.byte	0x73
 720 03b0 00       		.byte	0
 721              		.section	.debug_abbrev,"",%progbits
 722              	.Ldebug_abbrev0:
 723 0000 01       		.uleb128 0x1
 724 0001 11       		.uleb128 0x11
 725 0002 01       		.byte	0x1
 726 0003 25       		.uleb128 0x25
 727 0004 0E       		.uleb128 0xe
 728 0005 13       		.uleb128 0x13
 729 0006 0B       		.uleb128 0xb
 730 0007 03       		.uleb128 0x3
 731 0008 0E       		.uleb128 0xe
 732 0009 1B       		.uleb128 0x1b
 733 000a 0E       		.uleb128 0xe
 734 000b 55       		.uleb128 0x55
 735 000c 17       		.uleb128 0x17
 736 000d 11       		.uleb128 0x11
 737 000e 01       		.uleb128 0x1
 738 000f 10       		.uleb128 0x10
 739 0010 17       		.uleb128 0x17
 740 0011 00       		.byte	0
 741 0012 00       		.byte	0
 742 0013 02       		.uleb128 0x2
 743 0014 24       		.uleb128 0x24
 744 0015 00       		.byte	0
 745 0016 0B       		.uleb128 0xb
 746 0017 0B       		.uleb128 0xb
 747 0018 3E       		.uleb128 0x3e
 748 0019 0B       		.uleb128 0xb
 749 001a 03       		.uleb128 0x3
 750 001b 0E       		.uleb128 0xe
 751 001c 00       		.byte	0
 752 001d 00       		.byte	0
 753 001e 03       		.uleb128 0x3
 754 001f 16       		.uleb128 0x16
 755 0020 00       		.byte	0
ARM GAS  C:\Users\Parwe\AppData\Local\Temp\ccfJfMcj.s 			page 16


 756 0021 03       		.uleb128 0x3
 757 0022 0E       		.uleb128 0xe
 758 0023 3A       		.uleb128 0x3a
 759 0024 0B       		.uleb128 0xb
 760 0025 3B       		.uleb128 0x3b
 761 0026 0B       		.uleb128 0xb
 762 0027 49       		.uleb128 0x49
 763 0028 13       		.uleb128 0x13
 764 0029 00       		.byte	0
 765 002a 00       		.byte	0
 766 002b 04       		.uleb128 0x4
 767 002c 24       		.uleb128 0x24
 768 002d 00       		.byte	0
 769 002e 0B       		.uleb128 0xb
 770 002f 0B       		.uleb128 0xb
 771 0030 3E       		.uleb128 0x3e
 772 0031 0B       		.uleb128 0xb
 773 0032 03       		.uleb128 0x3
 774 0033 08       		.uleb128 0x8
 775 0034 00       		.byte	0
 776 0035 00       		.byte	0
 777 0036 05       		.uleb128 0x5
 778 0037 2E       		.uleb128 0x2e
 779 0038 01       		.byte	0x1
 780 0039 3F       		.uleb128 0x3f
 781 003a 19       		.uleb128 0x19
 782 003b 03       		.uleb128 0x3
 783 003c 0E       		.uleb128 0xe
 784 003d 3A       		.uleb128 0x3a
 785 003e 0B       		.uleb128 0xb
 786 003f 3B       		.uleb128 0x3b
 787 0040 0B       		.uleb128 0xb
 788 0041 27       		.uleb128 0x27
 789 0042 19       		.uleb128 0x19
 790 0043 49       		.uleb128 0x49
 791 0044 13       		.uleb128 0x13
 792 0045 8701     		.uleb128 0x87
 793 0047 19       		.uleb128 0x19
 794 0048 11       		.uleb128 0x11
 795 0049 01       		.uleb128 0x1
 796 004a 12       		.uleb128 0x12
 797 004b 06       		.uleb128 0x6
 798 004c 40       		.uleb128 0x40
 799 004d 18       		.uleb128 0x18
 800 004e 9642     		.uleb128 0x2116
 801 0050 19       		.uleb128 0x19
 802 0051 01       		.uleb128 0x1
 803 0052 13       		.uleb128 0x13
 804 0053 00       		.byte	0
 805 0054 00       		.byte	0
 806 0055 06       		.uleb128 0x6
 807 0056 34       		.uleb128 0x34
 808 0057 00       		.byte	0
 809 0058 03       		.uleb128 0x3
 810 0059 0E       		.uleb128 0xe
 811 005a 3A       		.uleb128 0x3a
 812 005b 0B       		.uleb128 0xb
ARM GAS  C:\Users\Parwe\AppData\Local\Temp\ccfJfMcj.s 			page 17


 813 005c 3B       		.uleb128 0x3b
 814 005d 0B       		.uleb128 0xb
 815 005e 49       		.uleb128 0x49
 816 005f 13       		.uleb128 0x13
 817 0060 02       		.uleb128 0x2
 818 0061 18       		.uleb128 0x18
 819 0062 00       		.byte	0
 820 0063 00       		.byte	0
 821 0064 07       		.uleb128 0x7
 822 0065 0B       		.uleb128 0xb
 823 0066 01       		.byte	0x1
 824 0067 11       		.uleb128 0x11
 825 0068 01       		.uleb128 0x1
 826 0069 12       		.uleb128 0x12
 827 006a 06       		.uleb128 0x6
 828 006b 01       		.uleb128 0x1
 829 006c 13       		.uleb128 0x13
 830 006d 00       		.byte	0
 831 006e 00       		.byte	0
 832 006f 08       		.uleb128 0x8
 833 0070 34       		.uleb128 0x34
 834 0071 00       		.byte	0
 835 0072 03       		.uleb128 0x3
 836 0073 0E       		.uleb128 0xe
 837 0074 3A       		.uleb128 0x3a
 838 0075 0B       		.uleb128 0xb
 839 0076 3B       		.uleb128 0x3b
 840 0077 0B       		.uleb128 0xb
 841 0078 49       		.uleb128 0x49
 842 0079 13       		.uleb128 0x13
 843 007a 02       		.uleb128 0x2
 844 007b 17       		.uleb128 0x17
 845 007c 00       		.byte	0
 846 007d 00       		.byte	0
 847 007e 09       		.uleb128 0x9
 848 007f 898201   		.uleb128 0x4109
 849 0082 00       		.byte	0
 850 0083 11       		.uleb128 0x11
 851 0084 01       		.uleb128 0x1
 852 0085 31       		.uleb128 0x31
 853 0086 13       		.uleb128 0x13
 854 0087 00       		.byte	0
 855 0088 00       		.byte	0
 856 0089 0A       		.uleb128 0xa
 857 008a 898201   		.uleb128 0x4109
 858 008d 01       		.byte	0x1
 859 008e 11       		.uleb128 0x11
 860 008f 01       		.uleb128 0x1
 861 0090 31       		.uleb128 0x31
 862 0091 13       		.uleb128 0x13
 863 0092 01       		.uleb128 0x1
 864 0093 13       		.uleb128 0x13
 865 0094 00       		.byte	0
 866 0095 00       		.byte	0
 867 0096 0B       		.uleb128 0xb
 868 0097 8A8201   		.uleb128 0x410a
 869 009a 00       		.byte	0
ARM GAS  C:\Users\Parwe\AppData\Local\Temp\ccfJfMcj.s 			page 18


 870 009b 02       		.uleb128 0x2
 871 009c 18       		.uleb128 0x18
 872 009d 9142     		.uleb128 0x2111
 873 009f 18       		.uleb128 0x18
 874 00a0 00       		.byte	0
 875 00a1 00       		.byte	0
 876 00a2 0C       		.uleb128 0xc
 877 00a3 898201   		.uleb128 0x4109
 878 00a6 01       		.byte	0x1
 879 00a7 11       		.uleb128 0x11
 880 00a8 01       		.uleb128 0x1
 881 00a9 31       		.uleb128 0x31
 882 00aa 13       		.uleb128 0x13
 883 00ab 00       		.byte	0
 884 00ac 00       		.byte	0
 885 00ad 0D       		.uleb128 0xd
 886 00ae 01       		.uleb128 0x1
 887 00af 01       		.byte	0x1
 888 00b0 49       		.uleb128 0x49
 889 00b1 13       		.uleb128 0x13
 890 00b2 01       		.uleb128 0x1
 891 00b3 13       		.uleb128 0x13
 892 00b4 00       		.byte	0
 893 00b5 00       		.byte	0
 894 00b6 0E       		.uleb128 0xe
 895 00b7 21       		.uleb128 0x21
 896 00b8 00       		.byte	0
 897 00b9 49       		.uleb128 0x49
 898 00ba 13       		.uleb128 0x13
 899 00bb 2F       		.uleb128 0x2f
 900 00bc 0B       		.uleb128 0xb
 901 00bd 00       		.byte	0
 902 00be 00       		.byte	0
 903 00bf 0F       		.uleb128 0xf
 904 00c0 2E       		.uleb128 0x2e
 905 00c1 01       		.byte	0x1
 906 00c2 3F       		.uleb128 0x3f
 907 00c3 19       		.uleb128 0x19
 908 00c4 03       		.uleb128 0x3
 909 00c5 0E       		.uleb128 0xe
 910 00c6 3A       		.uleb128 0x3a
 911 00c7 0B       		.uleb128 0xb
 912 00c8 3B       		.uleb128 0x3b
 913 00c9 0B       		.uleb128 0xb
 914 00ca 27       		.uleb128 0x27
 915 00cb 19       		.uleb128 0x19
 916 00cc 11       		.uleb128 0x11
 917 00cd 01       		.uleb128 0x1
 918 00ce 12       		.uleb128 0x12
 919 00cf 06       		.uleb128 0x6
 920 00d0 40       		.uleb128 0x40
 921 00d1 18       		.uleb128 0x18
 922 00d2 9742     		.uleb128 0x2117
 923 00d4 19       		.uleb128 0x19
 924 00d5 01       		.uleb128 0x1
 925 00d6 13       		.uleb128 0x13
 926 00d7 00       		.byte	0
ARM GAS  C:\Users\Parwe\AppData\Local\Temp\ccfJfMcj.s 			page 19


 927 00d8 00       		.byte	0
 928 00d9 10       		.uleb128 0x10
 929 00da 05       		.uleb128 0x5
 930 00db 00       		.byte	0
 931 00dc 03       		.uleb128 0x3
 932 00dd 0E       		.uleb128 0xe
 933 00de 3A       		.uleb128 0x3a
 934 00df 0B       		.uleb128 0xb
 935 00e0 3B       		.uleb128 0x3b
 936 00e1 0B       		.uleb128 0xb
 937 00e2 49       		.uleb128 0x49
 938 00e3 13       		.uleb128 0x13
 939 00e4 02       		.uleb128 0x2
 940 00e5 17       		.uleb128 0x17
 941 00e6 00       		.byte	0
 942 00e7 00       		.byte	0
 943 00e8 11       		.uleb128 0x11
 944 00e9 34       		.uleb128 0x34
 945 00ea 00       		.byte	0
 946 00eb 03       		.uleb128 0x3
 947 00ec 0E       		.uleb128 0xe
 948 00ed 3A       		.uleb128 0x3a
 949 00ee 0B       		.uleb128 0xb
 950 00ef 3B       		.uleb128 0x3b
 951 00f0 05       		.uleb128 0x5
 952 00f1 49       		.uleb128 0x49
 953 00f2 13       		.uleb128 0x13
 954 00f3 3F       		.uleb128 0x3f
 955 00f4 19       		.uleb128 0x19
 956 00f5 3C       		.uleb128 0x3c
 957 00f6 19       		.uleb128 0x19
 958 00f7 00       		.byte	0
 959 00f8 00       		.byte	0
 960 00f9 12       		.uleb128 0x12
 961 00fa 35       		.uleb128 0x35
 962 00fb 00       		.byte	0
 963 00fc 49       		.uleb128 0x49
 964 00fd 13       		.uleb128 0x13
 965 00fe 00       		.byte	0
 966 00ff 00       		.byte	0
 967 0100 13       		.uleb128 0x13
 968 0101 34       		.uleb128 0x34
 969 0102 00       		.byte	0
 970 0103 03       		.uleb128 0x3
 971 0104 0E       		.uleb128 0xe
 972 0105 3A       		.uleb128 0x3a
 973 0106 0B       		.uleb128 0xb
 974 0107 3B       		.uleb128 0x3b
 975 0108 0B       		.uleb128 0xb
 976 0109 49       		.uleb128 0x49
 977 010a 13       		.uleb128 0x13
 978 010b 3F       		.uleb128 0x3f
 979 010c 19       		.uleb128 0x19
 980 010d 02       		.uleb128 0x2
 981 010e 18       		.uleb128 0x18
 982 010f 00       		.byte	0
 983 0110 00       		.byte	0
ARM GAS  C:\Users\Parwe\AppData\Local\Temp\ccfJfMcj.s 			page 20


 984 0111 14       		.uleb128 0x14
 985 0112 2E       		.uleb128 0x2e
 986 0113 00       		.byte	0
 987 0114 3F       		.uleb128 0x3f
 988 0115 19       		.uleb128 0x19
 989 0116 3C       		.uleb128 0x3c
 990 0117 19       		.uleb128 0x19
 991 0118 6E       		.uleb128 0x6e
 992 0119 0E       		.uleb128 0xe
 993 011a 03       		.uleb128 0x3
 994 011b 0E       		.uleb128 0xe
 995 011c 3A       		.uleb128 0x3a
 996 011d 0B       		.uleb128 0xb
 997 011e 3B       		.uleb128 0x3b
 998 011f 0B       		.uleb128 0xb
 999 0120 00       		.byte	0
 1000 0121 00       		.byte	0
 1001 0122 00       		.byte	0
 1002              		.section	.debug_loc,"",%progbits
 1003              	.Ldebug_loc0:
 1004              	.LLST0:
 1005 0000 2C000000 		.4byte	.LVL7
 1006 0004 6E000000 		.4byte	.LVL16
 1007 0008 0100     		.2byte	0x1
 1008 000a 54       		.byte	0x54
 1009 000b 00000000 		.4byte	0
 1010 000f 00000000 		.4byte	0
 1011              	.LLST1:
 1012 0013 32000000 		.4byte	.LVL9
 1013 0017 6E000000 		.4byte	.LVL16
 1014 001b 0100     		.2byte	0x1
 1015 001d 55       		.byte	0x55
 1016 001e 00000000 		.4byte	0
 1017 0022 00000000 		.4byte	0
 1018              	.LLST2:
 1019 0026 50000000 		.4byte	.LVL13
 1020 002a 53000000 		.4byte	.LVL14-1
 1021 002e 0100     		.2byte	0x1
 1022 0030 50       		.byte	0x50
 1023 0031 00000000 		.4byte	0
 1024 0035 00000000 		.4byte	0
 1025              	.LLST3:
 1026 0039 00000000 		.4byte	.LVL18
 1027 003d 08000000 		.4byte	.LVL19
 1028 0041 0100     		.2byte	0x1
 1029 0043 50       		.byte	0x50
 1030 0044 08000000 		.4byte	.LVL19
 1031 0048 22000000 		.4byte	.LVL24
 1032 004c 0400     		.2byte	0x4
 1033 004e F3       		.byte	0xf3
 1034 004f 01       		.uleb128 0x1
 1035 0050 50       		.byte	0x50
 1036 0051 9F       		.byte	0x9f
 1037 0052 22000000 		.4byte	.LVL24
 1038 0056 2C000000 		.4byte	.LFE66
 1039 005a 0100     		.2byte	0x1
 1040 005c 50       		.byte	0x50
ARM GAS  C:\Users\Parwe\AppData\Local\Temp\ccfJfMcj.s 			page 21


 1041 005d 00000000 		.4byte	0
 1042 0061 00000000 		.4byte	0
 1043              	.LLST4:
 1044 0065 08000000 		.4byte	.LVL26
 1045 0069 1C000000 		.4byte	.LVL31
 1046 006d 0100     		.2byte	0x1
 1047 006f 54       		.byte	0x54
 1048 0070 1E000000 		.4byte	.LVL32
 1049 0074 24000000 		.4byte	.LFE65
 1050 0078 0100     		.2byte	0x1
 1051 007a 54       		.byte	0x54
 1052 007b 00000000 		.4byte	0
 1053 007f 00000000 		.4byte	0
 1054              	.LLST5:
 1055 0083 10000000 		.4byte	.LVL28
 1056 0087 1E000000 		.4byte	.LVL32
 1057 008b 0100     		.2byte	0x1
 1058 008d 55       		.byte	0x55
 1059 008e 00000000 		.4byte	0
 1060 0092 00000000 		.4byte	0
 1061              		.section	.debug_aranges,"",%progbits
 1062 0000 2C000000 		.4byte	0x2c
 1063 0004 0200     		.2byte	0x2
 1064 0006 00000000 		.4byte	.Ldebug_info0
 1065 000a 04       		.byte	0x4
 1066 000b 00       		.byte	0
 1067 000c 0000     		.2byte	0
 1068 000e 0000     		.2byte	0
 1069 0010 00000000 		.4byte	.LFB64
 1070 0014 94000000 		.4byte	.LFE64-.LFB64
 1071 0018 00000000 		.4byte	.LFB66
 1072 001c 2C000000 		.4byte	.LFE66-.LFB66
 1073 0020 00000000 		.4byte	.LFB65
 1074 0024 24000000 		.4byte	.LFE65-.LFB65
 1075 0028 00000000 		.4byte	0
 1076 002c 00000000 		.4byte	0
 1077              		.section	.debug_ranges,"",%progbits
 1078              	.Ldebug_ranges0:
 1079 0000 00000000 		.4byte	.LFB64
 1080 0004 94000000 		.4byte	.LFE64
 1081 0008 00000000 		.4byte	.LFB66
 1082 000c 2C000000 		.4byte	.LFE66
 1083 0010 00000000 		.4byte	.LFB65
 1084 0014 24000000 		.4byte	.LFE65
 1085 0018 00000000 		.4byte	0
 1086 001c 00000000 		.4byte	0
 1087              		.section	.debug_line,"",%progbits
 1088              	.Ldebug_line0:
 1089 0000 3D020000 		.section	.debug_str,"MS",%progbits,1
 1089      0200E901 
 1089      00000201 
 1089      FB0E0D00 
 1089      01010101 
 1090              	.LASF36:
 1091 0000 6973725F 		.ascii	"isr_uart_rx_StartEx\000"
 1091      75617274 
 1091      5F72785F 
ARM GAS  C:\Users\Parwe\AppData\Local\Temp\ccfJfMcj.s 			page 22


 1091      53746172 
 1091      74457800 
 1092              	.LASF37:
 1093 0014 55415254 		.ascii	"UART_1_Start\000"
 1093      5F315F53 
 1093      74617274 
 1093      00
 1094              	.LASF31:
 1095 0021 6F666673 		.ascii	"offsetADC\000"
 1095      65744144 
 1095      4300
 1096              	.LASF48:
 1097 002b 433A5C55 		.ascii	"C:\\Users\\Parwe\\Desktop\\A D D A lab - Handin_Lab"
 1097      73657273 
 1097      5C506172 
 1097      77655C44 
 1097      65736B74 
 1098 005a 2D48616E 		.ascii	"-Handi......ns 50_attempt_2017-10-04-15-35-34_Lab-M"
 1098      64692E2E 
 1098      2E2E2E2E 
 1098      6E732035 
 1098      305F6174 
 1099 008d 6F746F72 		.ascii	"otorControl-Group50 (1)\\04_Scale\\Scale.cydsn\000"
 1099      436F6E74 
 1099      726F6C2D 
 1099      47726F75 
 1099      70353020 
 1100              	.LASF2:
 1101 00ba 5F5F7569 		.ascii	"__uint8_t\000"
 1101      6E74385F 
 1101      7400
 1102              	.LASF3:
 1103 00c4 5F5F696E 		.ascii	"__int16_t\000"
 1103      7431365F 
 1103      7400
 1104              	.LASF22:
 1105 00ce 75617274 		.ascii	"uartBuffer\000"
 1105      42756666 
 1105      657200
 1106              	.LASF7:
 1107 00d9 5F5F696E 		.ascii	"__int32_t\000"
 1107      7433325F 
 1107      7400
 1108              	.LASF34:
 1109 00e3 736E7072 		.ascii	"snprintf\000"
 1109      696E7466 
 1109      00
 1110              	.LASF6:
 1111 00ec 73686F72 		.ascii	"short unsigned int\000"
 1111      7420756E 
 1111      7369676E 
 1111      65642069 
 1111      6E7400
 1112              	.LASF33:
 1113 00ff 4144435F 		.ascii	"ADC_SAR_1_CountsTo_mVolts\000"
 1113      5341525F 
 1113      315F436F 
ARM GAS  C:\Users\Parwe\AppData\Local\Temp\ccfJfMcj.s 			page 23


 1113      756E7473 
 1113      546F5F6D 
 1114              	.LASF28:
 1115 0119 62797465 		.ascii	"bytesToRead\000"
 1115      73546F52 
 1115      65616400 
 1116              	.LASF17:
 1117 0125 666C6F61 		.ascii	"float\000"
 1117      7400
 1118              	.LASF40:
 1119 012b 4144435F 		.ascii	"ADC_SAR_1_IsEndConversion\000"
 1119      5341525F 
 1119      315F4973 
 1119      456E6443 
 1119      6F6E7665 
 1120              	.LASF29:
 1121 0145 62797465 		.ascii	"byteReceived\000"
 1121      52656365 
 1121      69766564 
 1121      00
 1122              	.LASF1:
 1123 0152 756E7369 		.ascii	"unsigned char\000"
 1123      676E6564 
 1123      20636861 
 1123      7200
 1124              	.LASF46:
 1125 0160 474E5520 		.ascii	"GNU C11 5.4.1 20160609 (release) [ARM/embedded-5-br"
 1125      43313120 
 1125      352E342E 
 1125      31203230 
 1125      31363036 
 1126 0193 616E6368 		.ascii	"anch revision 237715] -mcpu=cortex-m3 -mthumb -g -O"
 1126      20726576 
 1126      6973696F 
 1126      6E203233 
 1126      37373135 
 1127 01c6 67202D66 		.ascii	"g -ffunction-sections -ffat-lto-objects\000"
 1127      66756E63 
 1127      74696F6E 
 1127      2D736563 
 1127      74696F6E 
 1128              	.LASF44:
 1129 01ee 55415254 		.ascii	"UART_1_WriteTxData\000"
 1129      5F315F57 
 1129      72697465 
 1129      54784461 
 1129      746100
 1130              	.LASF27:
 1131 0201 4953525F 		.ascii	"ISR_UART_rx_handler\000"
 1131      55415254 
 1131      5F72785F 
 1131      68616E64 
 1131      6C657200 
 1132              	.LASF9:
 1133 0215 6C6F6E67 		.ascii	"long unsigned int\000"
 1133      20756E73 
 1133      69676E65 
ARM GAS  C:\Users\Parwe\AppData\Local\Temp\ccfJfMcj.s 			page 24


 1133      6420696E 
 1133      7400
 1134              	.LASF43:
 1135 0227 55415254 		.ascii	"UART_1_ReadRxData\000"
 1135      5F315F52 
 1135      65616452 
 1135      78446174 
 1135      6100
 1136              	.LASF39:
 1137 0239 4144435F 		.ascii	"ADC_SAR_1_StartConvert\000"
 1137      5341525F 
 1137      315F5374 
 1137      61727443 
 1137      6F6E7665 
 1138              	.LASF30:
 1139 0250 49544D5F 		.ascii	"ITM_RxBuffer\000"
 1139      52784275 
 1139      66666572 
 1139      00
 1140              	.LASF5:
 1141 025d 5F5F7569 		.ascii	"__uint16_t\000"
 1141      6E743136 
 1141      5F7400
 1142              	.LASF18:
 1143 0268 646F7562 		.ascii	"double\000"
 1143      6C6500
 1144              	.LASF49:
 1145 026f 6D61696E 		.ascii	"main\000"
 1145      00
 1146              	.LASF25:
 1147 0274 636F6E76 		.ascii	"convertedResult\000"
 1147      65727465 
 1147      64526573 
 1147      756C7400 
 1148              	.LASF26:
 1149 0284 68616E64 		.ascii	"handleByteReceived\000"
 1149      6C654279 
 1149      74655265 
 1149      63656976 
 1149      656400
 1150              	.LASF12:
 1151 0297 756E7369 		.ascii	"unsigned int\000"
 1151      676E6564 
 1151      20696E74 
 1151      00
 1152              	.LASF11:
 1153 02a4 6C6F6E67 		.ascii	"long long unsigned int\000"
 1153      206C6F6E 
 1153      6720756E 
 1153      7369676E 
 1153      65642069 
 1154              	.LASF13:
 1155 02bb 75696E74 		.ascii	"uint8_t\000"
 1155      385F7400 
 1156              	.LASF45:
 1157 02c3 55415254 		.ascii	"UART_1_GetRxBufferSize\000"
 1157      5F315F47 
ARM GAS  C:\Users\Parwe\AppData\Local\Temp\ccfJfMcj.s 			page 25


 1157      65745278 
 1157      42756666 
 1157      65725369 
 1158              	.LASF23:
 1159 02da 72657375 		.ascii	"result\000"
 1159      6C7400
 1160              	.LASF14:
 1161 02e1 696E7431 		.ascii	"int16_t\000"
 1161      365F7400 
 1162              	.LASF16:
 1163 02e9 696E7433 		.ascii	"int32_t\000"
 1163      325F7400 
 1164              	.LASF21:
 1165 02f1 73697A65 		.ascii	"sizetype\000"
 1165      74797065 
 1165      00
 1166              	.LASF32:
 1167 02fa 4144435F 		.ascii	"ADC_SAR_1_GetResult16\000"
 1167      5341525F 
 1167      315F4765 
 1167      74526573 
 1167      756C7431 
 1168              	.LASF10:
 1169 0310 6C6F6E67 		.ascii	"long long int\000"
 1169      206C6F6E 
 1169      6720696E 
 1169      7400
 1170              	.LASF47:
 1171 031e 6D61696E 		.ascii	"main.c\000"
 1171      2E6300
 1172              	.LASF19:
 1173 0325 63686172 		.ascii	"char\000"
 1173      00
 1174              	.LASF24:
 1175 032a 72657375 		.ascii	"resultInMVolts\000"
 1175      6C74496E 
 1175      4D566F6C 
 1175      747300
 1176              	.LASF42:
 1177 0339 4144435F 		.ascii	"ADC_SAR_1_SetOffset\000"
 1177      5341525F 
 1177      315F5365 
 1177      744F6666 
 1177      73657400 
 1178              	.LASF4:
 1179 034d 73686F72 		.ascii	"short int\000"
 1179      7420696E 
 1179      7400
 1180              	.LASF15:
 1181 0357 75696E74 		.ascii	"uint16_t\000"
 1181      31365F74 
 1181      00
 1182              	.LASF8:
 1183 0360 6C6F6E67 		.ascii	"long int\000"
 1183      20696E74 
 1183      00
 1184              	.LASF20:
ARM GAS  C:\Users\Parwe\AppData\Local\Temp\ccfJfMcj.s 			page 26


 1185 0369 6C6F6E67 		.ascii	"long double\000"
 1185      20646F75 
 1185      626C6500 
 1186              	.LASF0:
 1187 0375 7369676E 		.ascii	"signed char\000"
 1187      65642063 
 1187      68617200 
 1188              	.LASF38:
 1189 0381 4144435F 		.ascii	"ADC_SAR_1_Start\000"
 1189      5341525F 
 1189      315F5374 
 1189      61727400 
 1190              	.LASF35:
 1191 0391 55415254 		.ascii	"UART_1_PutString\000"
 1191      5F315F50 
 1191      75745374 
 1191      72696E67 
 1191      00
 1192              	.LASF41:
 1193 03a2 43794465 		.ascii	"CyDelay\000"
 1193      6C617900 
 1194              		.ident	"GCC: (GNU Tools for ARM Embedded Processors) 5.4.1 20160609 (release) [ARM/embedded-5-bran
