ARM GAS  C:\Users\chris\AppData\Local\Temp\ccOkwn3c.s 			page 1


   1              		.syntax unified
   2              		.cpu cortex-m3
   3              		.fpu softvfp
   4              		.eabi_attribute 20, 1
   5              		.eabi_attribute 21, 1
   6              		.eabi_attribute 23, 3
   7              		.eabi_attribute 24, 1
   8              		.eabi_attribute 25, 1
   9              		.eabi_attribute 26, 1
  10              		.eabi_attribute 30, 1
  11              		.eabi_attribute 34, 1
  12              		.eabi_attribute 18, 4
  13              		.thumb
  14              		.syntax unified
  15              		.file	"main.c"
  16              		.text
  17              	.Ltext0:
  18              		.cfi_sections	.debug_frame
  19              		.section	.text.ISR_SPI,"ax",%progbits
  20              		.align	2
  21              		.global	ISR_SPI
  22              		.thumb
  23              		.thumb_func
  24              		.type	ISR_SPI, %function
  25              	ISR_SPI:
  26              	.LFB63:
  27              		.file 1 "main.c"
   1:main.c        **** /* ========================================
   2:main.c        ****  *
   3:main.c        ****  * Copyright YOUR COMPANY, THE YEAR
   4:main.c        ****  * All Rights Reserved
   5:main.c        ****  * UNPUBLISHED, LICENSED SOFTWARE.
   6:main.c        ****  *
   7:main.c        ****  * CONFIDENTIAL AND PROPRIETARY INFORMATION
   8:main.c        ****  * WHICH IS THE PROPERTY OF your company.
   9:main.c        ****  *
  10:main.c        ****  * ========================================
  11:main.c        **** */
  12:main.c        **** #include "project.h"
  13:main.c        **** #include <CyLib.h>
  14:main.c        **** 
  15:main.c        **** volatile uint8_t speed = 50;
  16:main.c        **** volatile uint8_t turnspeed = 3;
  17:main.c        **** volatile uint8 received = 0; //Varaible to store received data
  18:main.c        **** volatile uint8 intFlag = 0; //Variable to indicate if there have been an interrupt
  19:main.c        **** 
  20:main.c        **** CY_ISR_PROTO(ISR_SPI); //Interrupt prototype
  21:main.c        **** CY_ISR(ISR_SPI) //Interrupt service routine
  22:main.c        **** {
  28              		.loc 1 22 0
  29              		.cfi_startproc
  30              		@ args = 0, pretend = 0, frame = 0
  31              		@ frame_needed = 0, uses_anonymous_args = 0
  32 0000 08B5     		push	{r3, lr}
  33              		.cfi_def_cfa_offset 8
  34              		.cfi_offset 3, -8
  35              		.cfi_offset 14, -4
ARM GAS  C:\Users\chris\AppData\Local\Temp\ccOkwn3c.s 			page 2


  23:main.c        ****     received = SPI_Slave_ReadRxData(); //Storing the received data
  36              		.loc 1 23 0
  37 0002 FFF7FEFF 		bl	SPI_Slave_ReadRxData
  38              	.LVL0:
  39 0006 044B     		ldr	r3, .L3
  40 0008 1870     		strb	r0, [r3]
  24:main.c        ****     intFlag = 1; //Indicating that an interrupt has occurred
  41              		.loc 1 24 0
  42 000a 0122     		movs	r2, #1
  43 000c 5A70     		strb	r2, [r3, #1]
  25:main.c        ****     SPI_Slave_ClearRxBuffer(); //Clearing the RX buffer
  44              		.loc 1 25 0
  45 000e FFF7FEFF 		bl	SPI_Slave_ClearRxBuffer
  46              	.LVL1:
  26:main.c        ****     SPI_Slave_ClearFIFO(); //Clearing the FIFO register
  47              		.loc 1 26 0
  48 0012 FFF7FEFF 		bl	SPI_Slave_ClearFIFO
  49              	.LVL2:
  50 0016 08BD     		pop	{r3, pc}
  51              	.L4:
  52              		.align	2
  53              	.L3:
  54 0018 00000000 		.word	.LANCHOR0
  55              		.cfi_endproc
  56              	.LFE63:
  57              		.size	ISR_SPI, .-ISR_SPI
  58              		.section	.text.main,"ax",%progbits
  59              		.align	2
  60              		.global	main
  61              		.thumb
  62              		.thumb_func
  63              		.type	main, %function
  64              	main:
  65              	.LFB64:
  27:main.c        **** }
  28:main.c        **** 
  29:main.c        **** CY_ISR_PROTO(ISR_UART_rx_handler);
  30:main.c        **** void handleByteReceived(uint8_t byteReceived);
  31:main.c        **** void decreaseSpeed(void);
  32:main.c        **** void increaseSpeed(void);
  33:main.c        **** void driveForwards(void);
  34:main.c        **** void driveBackwards(void);
  35:main.c        **** void stop(void);
  36:main.c        **** //void turnRight(void);
  37:main.c        **** //void turnLeft(void);
  38:main.c        **** 
  39:main.c        **** 
  40:main.c        **** int main(void)
  41:main.c        **** {
  66              		.loc 1 41 0
  67              		.cfi_startproc
  68              		@ args = 0, pretend = 0, frame = 0
  69              		@ frame_needed = 0, uses_anonymous_args = 0
  70 0000 08B5     		push	{r3, lr}
  71              		.cfi_def_cfa_offset 8
  72              		.cfi_offset 3, -8
  73              		.cfi_offset 14, -4
ARM GAS  C:\Users\chris\AppData\Local\Temp\ccOkwn3c.s 			page 3


  42:main.c        ****     CyGlobalIntEnable; /* Enable global interrupts. */
  74              		.loc 1 42 0
  75              		.syntax unified
  76              	@ 42 "main.c" 1
  77 0002 62B6     		CPSIE   i
  78              	@ 0 "" 2
  43:main.c        **** 
  44:main.c        ****     /* Place your initialization/startup code here (e.g. MyInst_Start()) */
  45:main.c        ****     isr_uart_rx_StartEx(ISR_UART_rx_handler);
  79              		.loc 1 45 0
  80              		.thumb
  81              		.syntax unified
  82 0004 2A48     		ldr	r0, .L13
  83 0006 FFF7FEFF 		bl	isr_uart_rx_StartEx
  84              	.LVL3:
  46:main.c        ****     UART_1_Start();
  85              		.loc 1 46 0
  86 000a FFF7FEFF 		bl	UART_1_Start
  87              	.LVL4:
  47:main.c        ****     PWM_M1_Start();    //PWM Motor1 (hjul)
  88              		.loc 1 47 0
  89 000e FFF7FEFF 		bl	PWM_M1_Start
  90              	.LVL5:
  48:main.c        ****     PWM_M2_Start();    //PWM Motor2 (hjul)
  91              		.loc 1 48 0
  92 0012 FFF7FEFF 		bl	PWM_M2_Start
  93              	.LVL6:
  49:main.c        ****     //PWM_B_Start();   //PWM Børste
  50:main.c        ****     //PWM_P_Start();   //PWM pumpe
  51:main.c        **** 	Pin_1_H_Write(1);  //H-Bro 2 
  94              		.loc 1 51 0
  95 0016 0120     		movs	r0, #1
  96 0018 FFF7FEFF 		bl	Pin_1_H_Write
  97              	.LVL7:
  52:main.c        **** 	Pin_2_H_Write(0);  //H-Bro 1
  98              		.loc 1 52 0
  99 001c 0020     		movs	r0, #0
 100 001e FFF7FEFF 		bl	Pin_2_H_Write
 101              	.LVL8:
  53:main.c        ****     //Pin_1_S_Read();    //Sensor 2
  54:main.c        ****     //Pin_2_S_Read();    //Sensor 1
  55:main.c        ****     
  56:main.c        ****     
  57:main.c        ****     UART_1_PutString("DC-Motor-PWM application started\r\n");
 102              		.loc 1 57 0
 103 0022 2448     		ldr	r0, .L13+4
 104 0024 FFF7FEFF 		bl	UART_1_PutString
 105              	.LVL9:
  58:main.c        ****     UART_1_PutString("0: Stop\r\n");
 106              		.loc 1 58 0
 107 0028 2348     		ldr	r0, .L13+8
 108 002a FFF7FEFF 		bl	UART_1_PutString
 109              	.LVL10:
  59:main.c        ****     UART_1_PutString("1: Drive forwards\r\n");
 110              		.loc 1 59 0
 111 002e 2348     		ldr	r0, .L13+12
 112 0030 FFF7FEFF 		bl	UART_1_PutString
ARM GAS  C:\Users\chris\AppData\Local\Temp\ccOkwn3c.s 			page 4


 113              	.LVL11:
  60:main.c        ****     UART_1_PutString("2: Drive backwards\r\n");
 114              		.loc 1 60 0
 115 0034 2248     		ldr	r0, .L13+16
 116 0036 FFF7FEFF 		bl	UART_1_PutString
 117              	.LVL12:
  61:main.c        ****     UART_1_PutString("q: Decrease speed\r\n");
 118              		.loc 1 61 0
 119 003a 2248     		ldr	r0, .L13+20
 120 003c FFF7FEFF 		bl	UART_1_PutString
 121              	.LVL13:
  62:main.c        ****     UART_1_PutString("w: Increase speed\r\n");
 122              		.loc 1 62 0
 123 0040 2148     		ldr	r0, .L13+24
 124 0042 FFF7FEFF 		bl	UART_1_PutString
 125              	.LVL14:
 126              	.L7:
  63:main.c        **** 
  64:main.c        ****     for(;;)
  65:main.c        ****     {
  66:main.c        ****         //If and interrupt has occurred
  67:main.c        ****         if(intFlag == 1)
 127              		.loc 1 67 0
 128 0046 214B     		ldr	r3, .L13+28
 129 0048 5B78     		ldrb	r3, [r3, #1]	@ zero_extendqisi2
 130 004a DBB2     		uxtb	r3, r3
 131 004c 012B     		cmp	r3, #1
 132 004e FAD1     		bne	.L7
  68:main.c        ****         {
  69:main.c        ****             intFlag = 0; //Reset to next interrupt
 133              		.loc 1 69 0
 134 0050 1E4B     		ldr	r3, .L13+28
 135 0052 0022     		movs	r2, #0
 136 0054 5A70     		strb	r2, [r3, #1]
  70:main.c        ****             
  71:main.c        ****             //Looking at what is recevied
  72:main.c        ****             if(received == '1')
 137              		.loc 1 72 0
 138 0056 1B78     		ldrb	r3, [r3]	@ zero_extendqisi2
 139 0058 DBB2     		uxtb	r3, r3
 140 005a 312B     		cmp	r3, #49
 141 005c 03D1     		bne	.L8
  73:main.c        ****             {
  74:main.c        ****                 UART_1_PutString("Modtaget: '1' fra spi\r\n");
 142              		.loc 1 74 0
 143 005e 1C48     		ldr	r0, .L13+32
 144 0060 FFF7FEFF 		bl	UART_1_PutString
 145              	.LVL15:
 146 0064 EFE7     		b	.L7
 147              	.L8:
  75:main.c        ****             }
  76:main.c        ****             else if( received == '0')
 148              		.loc 1 76 0
 149 0066 194B     		ldr	r3, .L13+28
 150 0068 1B78     		ldrb	r3, [r3]	@ zero_extendqisi2
 151 006a DBB2     		uxtb	r3, r3
 152 006c 302B     		cmp	r3, #48
ARM GAS  C:\Users\chris\AppData\Local\Temp\ccOkwn3c.s 			page 5


 153 006e 03D1     		bne	.L10
  77:main.c        ****             {
  78:main.c        ****                 UART_1_PutString("Modtaget: '0' fra spi\r\n");
 154              		.loc 1 78 0
 155 0070 1848     		ldr	r0, .L13+36
 156 0072 FFF7FEFF 		bl	UART_1_PutString
 157              	.LVL16:
 158 0076 E6E7     		b	.L7
 159              	.L10:
  79:main.c        ****             }
  80:main.c        ****             else if(received == 's')
 160              		.loc 1 80 0
 161 0078 144B     		ldr	r3, .L13+28
 162 007a 1B78     		ldrb	r3, [r3]	@ zero_extendqisi2
 163 007c DBB2     		uxtb	r3, r3
 164 007e 732B     		cmp	r3, #115
 165 0080 0BD1     		bne	.L11
  81:main.c        ****             {
  82:main.c        ****                 UART_1_PutString("Modtaget: 's' fra spi sender s tilbage\r\n");
 166              		.loc 1 82 0
 167 0082 1548     		ldr	r0, .L13+40
 168 0084 FFF7FEFF 		bl	UART_1_PutString
 169              	.LVL17:
  83:main.c        ****                 SPI_Slave_WriteTxData(received); //WriteData the status of the LED back to the mast
 170              		.loc 1 83 0
 171 0088 104B     		ldr	r3, .L13+28
 172 008a 1878     		ldrb	r0, [r3]	@ zero_extendqisi2
 173 008c FFF7FEFF 		bl	SPI_Slave_WriteTxData
 174              	.LVL18:
  84:main.c        ****                 SPI_Slave_ClearRxBuffer();
 175              		.loc 1 84 0
 176 0090 FFF7FEFF 		bl	SPI_Slave_ClearRxBuffer
 177              	.LVL19:
  85:main.c        ****                 SPI_Slave_ClearTxBuffer();                
 178              		.loc 1 85 0
 179 0094 FFF7FEFF 		bl	SPI_Slave_ClearTxBuffer
 180              	.LVL20:
 181 0098 D5E7     		b	.L7
 182              	.L11:
 183              	.LBB2:
  86:main.c        ****             }
  87:main.c        ****             else
  88:main.c        ****             {
  89:main.c        ****                 UART_1_PutString("Har modtaget: ");
 184              		.loc 1 89 0
 185 009a 1048     		ldr	r0, .L13+44
 186 009c FFF7FEFF 		bl	UART_1_PutString
 187              	.LVL21:
  90:main.c        ****                 char mod[8]; 
  91:main.c        ****                 mod[0]= received;
 188              		.loc 1 91 0
 189 00a0 0A4B     		ldr	r3, .L13+28
 190 00a2 1878     		ldrb	r0, [r3]	@ zero_extendqisi2
  92:main.c        ****                 UART_1_PutChar(mod[0]);
 191              		.loc 1 92 0
 192 00a4 FFF7FEFF 		bl	UART_1_PutChar
 193              	.LVL22:
ARM GAS  C:\Users\chris\AppData\Local\Temp\ccOkwn3c.s 			page 6


  93:main.c        ****                 UART_1_PutString("\r\n");
 194              		.loc 1 93 0
 195 00a8 0D48     		ldr	r0, .L13+48
 196 00aa FFF7FEFF 		bl	UART_1_PutString
 197              	.LVL23:
 198 00ae CAE7     		b	.L7
 199              	.L14:
 200              		.align	2
 201              	.L13:
 202 00b0 00000000 		.word	ISR_UART_rx_handler
 203 00b4 00000000 		.word	.LC0
 204 00b8 24000000 		.word	.LC1
 205 00bc 30000000 		.word	.LC2
 206 00c0 44000000 		.word	.LC3
 207 00c4 5C000000 		.word	.LC4
 208 00c8 70000000 		.word	.LC5
 209 00cc 00000000 		.word	.LANCHOR0
 210 00d0 84000000 		.word	.LC6
 211 00d4 9C000000 		.word	.LC7
 212 00d8 B4000000 		.word	.LC8
 213 00dc E0000000 		.word	.LC9
 214 00e0 F0000000 		.word	.LC10
 215              	.LBE2:
 216              		.cfi_endproc
 217              	.LFE64:
 218              		.size	main, .-main
 219              		.section	.text.decreaseSpeed,"ax",%progbits
 220              		.align	2
 221              		.global	decreaseSpeed
 222              		.thumb
 223              		.thumb_func
 224              		.type	decreaseSpeed, %function
 225              	decreaseSpeed:
 226              	.LFB67:
  94:main.c        ****             }
  95:main.c        ****         }
  96:main.c        ****     }
  97:main.c        **** }
  98:main.c        **** 
  99:main.c        **** CY_ISR(ISR_UART_rx_handler)
 100:main.c        **** {
 101:main.c        **** 	//Read char from RX buffer and react
 102:main.c        ****     uint8_t bytesToRead = UART_1_GetRxBufferSize();
 103:main.c        ****     while (bytesToRead > 0)
 104:main.c        ****     {
 105:main.c        ****         uint8_t byteReceived = UART_1_ReadRxData();
 106:main.c        ****         UART_1_WriteTxData(byteReceived); // echo back
 107:main.c        ****         
 108:main.c        ****         handleByteReceived(byteReceived);
 109:main.c        ****         
 110:main.c        ****         bytesToRead--;
 111:main.c        ****     }
 112:main.c        **** }
 113:main.c        **** 
 114:main.c        **** void handleByteReceived(uint8_t byteReceived)
 115:main.c        **** {
 116:main.c        ****     switch(byteReceived)
ARM GAS  C:\Users\chris\AppData\Local\Temp\ccOkwn3c.s 			page 7


 117:main.c        ****     {
 118:main.c        ****         case 'q' :
 119:main.c        ****         {
 120:main.c        ****             decreaseSpeed();
 121:main.c        ****         }
 122:main.c        ****         break;
 123:main.c        ****         case 'w' :
 124:main.c        ****         {
 125:main.c        ****             increaseSpeed();
 126:main.c        ****         }
 127:main.c        ****         break;
 128:main.c        ****         case '1' :
 129:main.c        ****         {
 130:main.c        ****             driveForwards();
 131:main.c        ****         }
 132:main.c        ****         break;
 133:main.c        ****         case '2' :
 134:main.c        ****         {
 135:main.c        ****             driveBackwards();
 136:main.c        ****         }
 137:main.c        ****         break;
 138:main.c        ****         case '0' :
 139:main.c        ****         {
 140:main.c        ****             stop();
 141:main.c        ****             
 142:main.c        ****         }
 143:main.c        ****         break;
 144:main.c        ****         default :
 145:main.c        ****         {
 146:main.c        ****             // nothing
 147:main.c        ****         }
 148:main.c        ****         break;
 149:main.c        ****     }
 150:main.c        **** }
 151:main.c        **** 
 152:main.c        **** //void turnRight(void)
 153:main.c        **** //{
 154:main.c        **** //    UART_1_PutString("Turning right\r\n");
 155:main.c        **** //    PWM_M2_WriteCompare(speed);
 156:main.c        **** //    PWM_M1_WriteCompare(0);
 157:main.c        **** //    CyDelay(Turnspeed);
 158:main.c        **** //    PWM_M1_WriteCompare(speed);
 159:main.c        **** //}
 160:main.c        **** //void turnLeft(void)
 161:main.c        **** //{
 162:main.c        **** //    UART_1_PutString("Turning left\r\n");
 163:main.c        **** //    PWM_M1_WriteCompare(speed);
 164:main.c        **** //    PWM_M2_WriteCompare(0);
 165:main.c        **** //    CyDelay(Turnspeed);
 166:main.c        **** //    PWM_M2_WriteCompare(speed);
 167:main.c        **** //}
 168:main.c        **** 
 169:main.c        **** void decreaseSpeed()
 170:main.c        **** {
 227              		.loc 1 170 0
 228              		.cfi_startproc
 229              		@ args = 0, pretend = 0, frame = 0
ARM GAS  C:\Users\chris\AppData\Local\Temp\ccOkwn3c.s 			page 8


 230              		@ frame_needed = 0, uses_anonymous_args = 0
 231 0000 10B5     		push	{r4, lr}
 232              		.cfi_def_cfa_offset 8
 233              		.cfi_offset 4, -8
 234              		.cfi_offset 14, -4
 171:main.c        ****     UART_1_PutString("Decreasing speed\r\n");
 235              		.loc 1 171 0
 236 0002 0C48     		ldr	r0, .L19
 237 0004 FFF7FEFF 		bl	UART_1_PutString
 238              	.LVL24:
 172:main.c        **** 
 173:main.c        **** 	if (speed <= 10)
 239              		.loc 1 173 0
 240 0008 0B4B     		ldr	r3, .L19+4
 241 000a 1B78     		ldrb	r3, [r3]	@ zero_extendqisi2
 242 000c DBB2     		uxtb	r3, r3
 243 000e 0A2B     		cmp	r3, #10
 244 0010 03D8     		bhi	.L16
 174:main.c        **** 	{
 175:main.c        **** 		speed = 0;
 245              		.loc 1 175 0
 246 0012 0022     		movs	r2, #0
 247 0014 084B     		ldr	r3, .L19+4
 248 0016 1A70     		strb	r2, [r3]
 249 0018 04E0     		b	.L17
 250              	.L16:
 176:main.c        **** 	}
 177:main.c        **** 	else
 178:main.c        **** 	{
 179:main.c        **** 		speed -= 10;
 251              		.loc 1 179 0
 252 001a 074A     		ldr	r2, .L19+4
 253 001c 1378     		ldrb	r3, [r2]	@ zero_extendqisi2
 254 001e 0A3B     		subs	r3, r3, #10
 255 0020 DBB2     		uxtb	r3, r3
 256 0022 1370     		strb	r3, [r2]
 257              	.L17:
 180:main.c        **** 	}
 181:main.c        **** 
 182:main.c        ****     PWM_M1_WriteCompare(speed); //Decrease compare variable to decrease speed
 258              		.loc 1 182 0
 259 0024 044C     		ldr	r4, .L19+4
 260 0026 2078     		ldrb	r0, [r4]	@ zero_extendqisi2
 261 0028 FFF7FEFF 		bl	PWM_M1_WriteCompare
 262              	.LVL25:
 183:main.c        ****     PWM_M2_WriteCompare(speed);
 263              		.loc 1 183 0
 264 002c 2078     		ldrb	r0, [r4]	@ zero_extendqisi2
 265 002e FFF7FEFF 		bl	PWM_M2_WriteCompare
 266              	.LVL26:
 267 0032 10BD     		pop	{r4, pc}
 268              	.L20:
 269              		.align	2
 270              	.L19:
 271 0034 F4000000 		.word	.LC11
 272 0038 00000000 		.word	.LANCHOR1
 273              		.cfi_endproc
ARM GAS  C:\Users\chris\AppData\Local\Temp\ccOkwn3c.s 			page 9


 274              	.LFE67:
 275              		.size	decreaseSpeed, .-decreaseSpeed
 276              		.section	.text.increaseSpeed,"ax",%progbits
 277              		.align	2
 278              		.global	increaseSpeed
 279              		.thumb
 280              		.thumb_func
 281              		.type	increaseSpeed, %function
 282              	increaseSpeed:
 283              	.LFB68:
 184:main.c        **** }
 185:main.c        **** 
 186:main.c        **** void increaseSpeed()
 187:main.c        **** {
 284              		.loc 1 187 0
 285              		.cfi_startproc
 286              		@ args = 0, pretend = 0, frame = 0
 287              		@ frame_needed = 0, uses_anonymous_args = 0
 288 0000 10B5     		push	{r4, lr}
 289              		.cfi_def_cfa_offset 8
 290              		.cfi_offset 4, -8
 291              		.cfi_offset 14, -4
 188:main.c        ****     UART_1_PutString("Increasing speed\r\n");
 292              		.loc 1 188 0
 293 0002 0B48     		ldr	r0, .L24
 294 0004 FFF7FEFF 		bl	UART_1_PutString
 295              	.LVL27:
 189:main.c        **** 	speed = speed + 10;
 296              		.loc 1 189 0
 297 0008 0A4A     		ldr	r2, .L24+4
 298 000a 1378     		ldrb	r3, [r2]	@ zero_extendqisi2
 299 000c 0A33     		adds	r3, r3, #10
 300 000e DBB2     		uxtb	r3, r3
 301 0010 1370     		strb	r3, [r2]
 190:main.c        **** 	if (speed > 100)
 302              		.loc 1 190 0
 303 0012 1378     		ldrb	r3, [r2]	@ zero_extendqisi2
 304 0014 DBB2     		uxtb	r3, r3
 305 0016 642B     		cmp	r3, #100
 306 0018 02D9     		bls	.L22
 191:main.c        **** 	{
 192:main.c        **** 		speed = 100;
 307              		.loc 1 192 0
 308 001a 6422     		movs	r2, #100
 309 001c 054B     		ldr	r3, .L24+4
 310 001e 1A70     		strb	r2, [r3]
 311              	.L22:
 193:main.c        **** 	}
 194:main.c        ****     
 195:main.c        ****     PWM_M1_WriteCompare(speed);
 312              		.loc 1 195 0
 313 0020 044C     		ldr	r4, .L24+4
 314 0022 2078     		ldrb	r0, [r4]	@ zero_extendqisi2
 315 0024 FFF7FEFF 		bl	PWM_M1_WriteCompare
 316              	.LVL28:
 196:main.c        ****     PWM_M2_WriteCompare(speed);//Increase compare variable to increase speed
 317              		.loc 1 196 0
ARM GAS  C:\Users\chris\AppData\Local\Temp\ccOkwn3c.s 			page 10


 318 0028 2078     		ldrb	r0, [r4]	@ zero_extendqisi2
 319 002a FFF7FEFF 		bl	PWM_M2_WriteCompare
 320              	.LVL29:
 321 002e 10BD     		pop	{r4, pc}
 322              	.L25:
 323              		.align	2
 324              	.L24:
 325 0030 08010000 		.word	.LC12
 326 0034 00000000 		.word	.LANCHOR1
 327              		.cfi_endproc
 328              	.LFE68:
 329              		.size	increaseSpeed, .-increaseSpeed
 330              		.section	.text.driveForwards,"ax",%progbits
 331              		.align	2
 332              		.global	driveForwards
 333              		.thumb
 334              		.thumb_func
 335              		.type	driveForwards, %function
 336              	driveForwards:
 337              	.LFB69:
 197:main.c        **** }
 198:main.c        **** 
 199:main.c        **** void driveForwards()
 200:main.c        **** {
 338              		.loc 1 200 0
 339              		.cfi_startproc
 340              		@ args = 0, pretend = 0, frame = 0
 341              		@ frame_needed = 0, uses_anonymous_args = 0
 342 0000 10B5     		push	{r4, lr}
 343              		.cfi_def_cfa_offset 8
 344              		.cfi_offset 4, -8
 345              		.cfi_offset 14, -4
 201:main.c        ****     UART_1_PutString("Set direction: forwards\r\n");
 346              		.loc 1 201 0
 347 0002 0C48     		ldr	r0, .L29
 348 0004 FFF7FEFF 		bl	UART_1_PutString
 349              	.LVL30:
 202:main.c        **** 	if (speed == 0) //Start from stop
 350              		.loc 1 202 0
 351 0008 0B4B     		ldr	r3, .L29+4
 352 000a 1B78     		ldrb	r3, [r3]	@ zero_extendqisi2
 353 000c 13F0FF0F 		tst	r3, #255
 354 0010 08D1     		bne	.L27
 203:main.c        **** 	{
 204:main.c        **** 		speed = 50;
 355              		.loc 1 204 0
 356 0012 094C     		ldr	r4, .L29+4
 357 0014 3223     		movs	r3, #50
 358 0016 2370     		strb	r3, [r4]
 205:main.c        **** 		PWM_M1_WriteCompare(speed);
 359              		.loc 1 205 0
 360 0018 2078     		ldrb	r0, [r4]	@ zero_extendqisi2
 361 001a FFF7FEFF 		bl	PWM_M1_WriteCompare
 362              	.LVL31:
 206:main.c        ****         PWM_M2_WriteCompare(speed);
 363              		.loc 1 206 0
 364 001e 2078     		ldrb	r0, [r4]	@ zero_extendqisi2
ARM GAS  C:\Users\chris\AppData\Local\Temp\ccOkwn3c.s 			page 11


 365 0020 FFF7FEFF 		bl	PWM_M2_WriteCompare
 366              	.LVL32:
 367              	.L27:
 207:main.c        **** 	}
 208:main.c        **** 	Pin_1_H_Write(1);
 368              		.loc 1 208 0
 369 0024 0120     		movs	r0, #1
 370 0026 FFF7FEFF 		bl	Pin_1_H_Write
 371              	.LVL33:
 209:main.c        **** 	Pin_2_H_Write(0);
 372              		.loc 1 209 0
 373 002a 0020     		movs	r0, #0
 374 002c FFF7FEFF 		bl	Pin_2_H_Write
 375              	.LVL34:
 376 0030 10BD     		pop	{r4, pc}
 377              	.L30:
 378 0032 00BF     		.align	2
 379              	.L29:
 380 0034 1C010000 		.word	.LC13
 381 0038 00000000 		.word	.LANCHOR1
 382              		.cfi_endproc
 383              	.LFE69:
 384              		.size	driveForwards, .-driveForwards
 385              		.section	.text.driveBackwards,"ax",%progbits
 386              		.align	2
 387              		.global	driveBackwards
 388              		.thumb
 389              		.thumb_func
 390              		.type	driveBackwards, %function
 391              	driveBackwards:
 392              	.LFB70:
 210:main.c        **** }
 211:main.c        **** 
 212:main.c        **** void driveBackwards()
 213:main.c        **** {
 393              		.loc 1 213 0
 394              		.cfi_startproc
 395              		@ args = 0, pretend = 0, frame = 0
 396              		@ frame_needed = 0, uses_anonymous_args = 0
 397 0000 10B5     		push	{r4, lr}
 398              		.cfi_def_cfa_offset 8
 399              		.cfi_offset 4, -8
 400              		.cfi_offset 14, -4
 214:main.c        ****     UART_1_PutString("Set direction: backwards\r\n");
 401              		.loc 1 214 0
 402 0002 0C48     		ldr	r0, .L34
 403 0004 FFF7FEFF 		bl	UART_1_PutString
 404              	.LVL35:
 215:main.c        **** 	if (speed == 0) //Start from stop
 405              		.loc 1 215 0
 406 0008 0B4B     		ldr	r3, .L34+4
 407 000a 1B78     		ldrb	r3, [r3]	@ zero_extendqisi2
 408 000c 13F0FF0F 		tst	r3, #255
 409 0010 08D1     		bne	.L32
 216:main.c        **** 	{
 217:main.c        **** 		speed = 50;
 410              		.loc 1 217 0
ARM GAS  C:\Users\chris\AppData\Local\Temp\ccOkwn3c.s 			page 12


 411 0012 094C     		ldr	r4, .L34+4
 412 0014 3223     		movs	r3, #50
 413 0016 2370     		strb	r3, [r4]
 218:main.c        **** 		PWM_M1_WriteCompare(speed);
 414              		.loc 1 218 0
 415 0018 2078     		ldrb	r0, [r4]	@ zero_extendqisi2
 416 001a FFF7FEFF 		bl	PWM_M1_WriteCompare
 417              	.LVL36:
 219:main.c        ****         PWM_M2_WriteCompare(speed);
 418              		.loc 1 219 0
 419 001e 2078     		ldrb	r0, [r4]	@ zero_extendqisi2
 420 0020 FFF7FEFF 		bl	PWM_M2_WriteCompare
 421              	.LVL37:
 422              	.L32:
 220:main.c        **** 	}
 221:main.c        **** 	Pin_1_H_Write(0);
 423              		.loc 1 221 0
 424 0024 0020     		movs	r0, #0
 425 0026 FFF7FEFF 		bl	Pin_1_H_Write
 426              	.LVL38:
 222:main.c        **** 	Pin_2_H_Write(1);
 427              		.loc 1 222 0
 428 002a 0120     		movs	r0, #1
 429 002c FFF7FEFF 		bl	Pin_2_H_Write
 430              	.LVL39:
 431 0030 10BD     		pop	{r4, pc}
 432              	.L35:
 433 0032 00BF     		.align	2
 434              	.L34:
 435 0034 38010000 		.word	.LC14
 436 0038 00000000 		.word	.LANCHOR1
 437              		.cfi_endproc
 438              	.LFE70:
 439              		.size	driveBackwards, .-driveBackwards
 440              		.section	.text.stop,"ax",%progbits
 441              		.align	2
 442              		.global	stop
 443              		.thumb
 444              		.thumb_func
 445              		.type	stop, %function
 446              	stop:
 447              	.LFB71:
 223:main.c        **** }
 224:main.c        **** 
 225:main.c        **** void stop()
 226:main.c        **** {
 448              		.loc 1 226 0
 449              		.cfi_startproc
 450              		@ args = 0, pretend = 0, frame = 0
 451              		@ frame_needed = 0, uses_anonymous_args = 0
 452 0000 10B5     		push	{r4, lr}
 453              		.cfi_def_cfa_offset 8
 454              		.cfi_offset 4, -8
 455              		.cfi_offset 14, -4
 227:main.c        ****     UART_1_PutString("Stop\r\n");
 456              		.loc 1 227 0
 457 0002 0648     		ldr	r0, .L38
ARM GAS  C:\Users\chris\AppData\Local\Temp\ccOkwn3c.s 			page 13


 458 0004 FFF7FEFF 		bl	UART_1_PutString
 459              	.LVL40:
 228:main.c        **** 	speed = 0;
 460              		.loc 1 228 0
 461 0008 054C     		ldr	r4, .L38+4
 462 000a 0023     		movs	r3, #0
 463 000c 2370     		strb	r3, [r4]
 229:main.c        **** 	PWM_M1_WriteCompare(speed);
 464              		.loc 1 229 0
 465 000e 2078     		ldrb	r0, [r4]	@ zero_extendqisi2
 466 0010 FFF7FEFF 		bl	PWM_M1_WriteCompare
 467              	.LVL41:
 230:main.c        ****     PWM_M2_WriteCompare(speed);
 468              		.loc 1 230 0
 469 0014 2078     		ldrb	r0, [r4]	@ zero_extendqisi2
 470 0016 FFF7FEFF 		bl	PWM_M2_WriteCompare
 471              	.LVL42:
 472 001a 10BD     		pop	{r4, pc}
 473              	.L39:
 474              		.align	2
 475              	.L38:
 476 001c 54010000 		.word	.LC15
 477 0020 00000000 		.word	.LANCHOR1
 478              		.cfi_endproc
 479              	.LFE71:
 480              		.size	stop, .-stop
 481              		.section	.text.handleByteReceived,"ax",%progbits
 482              		.align	2
 483              		.global	handleByteReceived
 484              		.thumb
 485              		.thumb_func
 486              		.type	handleByteReceived, %function
 487              	handleByteReceived:
 488              	.LFB66:
 115:main.c        ****     switch(byteReceived)
 489              		.loc 1 115 0
 490              		.cfi_startproc
 491              		@ args = 0, pretend = 0, frame = 0
 492              		@ frame_needed = 0, uses_anonymous_args = 0
 493              	.LVL43:
 494 0000 08B5     		push	{r3, lr}
 495              		.cfi_def_cfa_offset 8
 496              		.cfi_offset 3, -8
 497              		.cfi_offset 14, -4
 116:main.c        ****     {
 498              		.loc 1 116 0
 499 0002 3228     		cmp	r0, #50
 500 0004 13D0     		beq	.L42
 501 0006 04D8     		bhi	.L43
 502 0008 3028     		cmp	r0, #48
 503 000a 13D0     		beq	.L44
 504 000c 3128     		cmp	r0, #49
 505 000e 0BD0     		beq	.L45
 506 0010 08BD     		pop	{r3, pc}
 507              	.L43:
 508 0012 7128     		cmp	r0, #113
 509 0014 02D0     		beq	.L46
ARM GAS  C:\Users\chris\AppData\Local\Temp\ccOkwn3c.s 			page 14


 510 0016 7728     		cmp	r0, #119
 511 0018 03D0     		beq	.L47
 512 001a 08BD     		pop	{r3, pc}
 513              	.L46:
 120:main.c        ****         }
 514              		.loc 1 120 0
 515 001c FFF7FEFF 		bl	decreaseSpeed
 516              	.LVL44:
 122:main.c        ****         case 'w' :
 517              		.loc 1 122 0
 518 0020 08BD     		pop	{r3, pc}
 519              	.LVL45:
 520              	.L47:
 125:main.c        ****         }
 521              		.loc 1 125 0
 522 0022 FFF7FEFF 		bl	increaseSpeed
 523              	.LVL46:
 127:main.c        ****         case '1' :
 524              		.loc 1 127 0
 525 0026 08BD     		pop	{r3, pc}
 526              	.LVL47:
 527              	.L45:
 130:main.c        ****         }
 528              		.loc 1 130 0
 529 0028 FFF7FEFF 		bl	driveForwards
 530              	.LVL48:
 132:main.c        ****         case '2' :
 531              		.loc 1 132 0
 532 002c 08BD     		pop	{r3, pc}
 533              	.LVL49:
 534              	.L42:
 135:main.c        ****         }
 535              		.loc 1 135 0
 536 002e FFF7FEFF 		bl	driveBackwards
 537              	.LVL50:
 137:main.c        ****         case '0' :
 538              		.loc 1 137 0
 539 0032 08BD     		pop	{r3, pc}
 540              	.LVL51:
 541              	.L44:
 140:main.c        ****             
 542              		.loc 1 140 0
 543 0034 FFF7FEFF 		bl	stop
 544              	.LVL52:
 545 0038 08BD     		pop	{r3, pc}
 546              		.cfi_endproc
 547              	.LFE66:
 548              		.size	handleByteReceived, .-handleByteReceived
 549 003a 00BF     		.section	.text.ISR_UART_rx_handler,"ax",%progbits
 550              		.align	2
 551              		.global	ISR_UART_rx_handler
 552              		.thumb
 553              		.thumb_func
 554              		.type	ISR_UART_rx_handler, %function
 555              	ISR_UART_rx_handler:
 556              	.LFB65:
 100:main.c        **** 	//Read char from RX buffer and react
ARM GAS  C:\Users\chris\AppData\Local\Temp\ccOkwn3c.s 			page 15


 557              		.loc 1 100 0
 558              		.cfi_startproc
 559              		@ args = 0, pretend = 0, frame = 0
 560              		@ frame_needed = 0, uses_anonymous_args = 0
 561 0000 38B5     		push	{r3, r4, r5, lr}
 562              		.cfi_def_cfa_offset 16
 563              		.cfi_offset 3, -16
 564              		.cfi_offset 4, -12
 565              		.cfi_offset 5, -8
 566              		.cfi_offset 14, -4
 102:main.c        ****     while (bytesToRead > 0)
 567              		.loc 1 102 0
 568 0002 FFF7FEFF 		bl	UART_1_GetRxBufferSize
 569              	.LVL53:
 570 0006 0446     		mov	r4, r0
 571              	.LVL54:
 103:main.c        ****     {
 572              		.loc 1 103 0
 573 0008 09E0     		b	.L50
 574              	.L51:
 575              	.LBB3:
 105:main.c        ****         UART_1_WriteTxData(byteReceived); // echo back
 576              		.loc 1 105 0
 577 000a FFF7FEFF 		bl	UART_1_ReadRxData
 578              	.LVL55:
 579 000e 0546     		mov	r5, r0
 580              	.LVL56:
 106:main.c        ****         
 581              		.loc 1 106 0
 582 0010 FFF7FEFF 		bl	UART_1_WriteTxData
 583              	.LVL57:
 108:main.c        ****         
 584              		.loc 1 108 0
 585 0014 2846     		mov	r0, r5
 586 0016 FFF7FEFF 		bl	handleByteReceived
 587              	.LVL58:
 110:main.c        ****     }
 588              		.loc 1 110 0
 589 001a 013C     		subs	r4, r4, #1
 590              	.LVL59:
 591 001c E4B2     		uxtb	r4, r4
 592              	.LVL60:
 593              	.L50:
 594              	.LBE3:
 103:main.c        ****     {
 595              		.loc 1 103 0
 596 001e 002C     		cmp	r4, #0
 597 0020 F3D1     		bne	.L51
 112:main.c        **** 
 598              		.loc 1 112 0
 599 0022 38BD     		pop	{r3, r4, r5, pc}
 600              		.cfi_endproc
 601              	.LFE65:
 602              		.size	ISR_UART_rx_handler, .-ISR_UART_rx_handler
 603              		.global	intFlag
 604              		.global	received
 605              		.global	turnspeed
ARM GAS  C:\Users\chris\AppData\Local\Temp\ccOkwn3c.s 			page 16


 606              		.global	speed
 607              		.data
 608              		.set	.LANCHOR1,. + 0
 609              		.type	speed, %object
 610              		.size	speed, 1
 611              	speed:
 612 0000 32       		.byte	50
 613              		.type	turnspeed, %object
 614              		.size	turnspeed, 1
 615              	turnspeed:
 616 0001 03       		.byte	3
 617              		.section	.rodata.str1.4,"aMS",%progbits,1
 618              		.align	2
 619              	.LC0:
 620 0000 44432D4D 		.ascii	"DC-Motor-PWM application started\015\012\000"
 620      6F746F72 
 620      2D50574D 
 620      20617070 
 620      6C696361 
 621 0023 00       		.space	1
 622              	.LC1:
 623 0024 303A2053 		.ascii	"0: Stop\015\012\000"
 623      746F700D 
 623      0A00
 624 002e 0000     		.space	2
 625              	.LC2:
 626 0030 313A2044 		.ascii	"1: Drive forwards\015\012\000"
 626      72697665 
 626      20666F72 
 626      77617264 
 626      730D0A00 
 627              	.LC3:
 628 0044 323A2044 		.ascii	"2: Drive backwards\015\012\000"
 628      72697665 
 628      20626163 
 628      6B776172 
 628      64730D0A 
 629 0059 000000   		.space	3
 630              	.LC4:
 631 005c 713A2044 		.ascii	"q: Decrease speed\015\012\000"
 631      65637265 
 631      61736520 
 631      73706565 
 631      640D0A00 
 632              	.LC5:
 633 0070 773A2049 		.ascii	"w: Increase speed\015\012\000"
 633      6E637265 
 633      61736520 
 633      73706565 
 633      640D0A00 
 634              	.LC6:
 635 0084 4D6F6474 		.ascii	"Modtaget: '1' fra spi\015\012\000"
 635      61676574 
 635      3A202731 
 635      27206672 
 635      61207370 
 636              	.LC7:
ARM GAS  C:\Users\chris\AppData\Local\Temp\ccOkwn3c.s 			page 17


 637 009c 4D6F6474 		.ascii	"Modtaget: '0' fra spi\015\012\000"
 637      61676574 
 637      3A202730 
 637      27206672 
 637      61207370 
 638              	.LC8:
 639 00b4 4D6F6474 		.ascii	"Modtaget: 's' fra spi sender s tilbage\015\012\000"
 639      61676574 
 639      3A202773 
 639      27206672 
 639      61207370 
 640 00dd 000000   		.space	3
 641              	.LC9:
 642 00e0 48617220 		.ascii	"Har modtaget: \000"
 642      6D6F6474 
 642      61676574 
 642      3A2000
 643 00ef 00       		.space	1
 644              	.LC10:
 645 00f0 0D0A00   		.ascii	"\015\012\000"
 646 00f3 00       		.space	1
 647              	.LC11:
 648 00f4 44656372 		.ascii	"Decreasing speed\015\012\000"
 648      65617369 
 648      6E672073 
 648      70656564 
 648      0D0A00
 649 0107 00       		.space	1
 650              	.LC12:
 651 0108 496E6372 		.ascii	"Increasing speed\015\012\000"
 651      65617369 
 651      6E672073 
 651      70656564 
 651      0D0A00
 652 011b 00       		.space	1
 653              	.LC13:
 654 011c 53657420 		.ascii	"Set direction: forwards\015\012\000"
 654      64697265 
 654      6374696F 
 654      6E3A2066 
 654      6F727761 
 655 0136 0000     		.space	2
 656              	.LC14:
 657 0138 53657420 		.ascii	"Set direction: backwards\015\012\000"
 657      64697265 
 657      6374696F 
 657      6E3A2062 
 657      61636B77 
 658 0153 00       		.space	1
 659              	.LC15:
 660 0154 53746F70 		.ascii	"Stop\015\012\000"
 660      0D0A00
 661              		.bss
 662              		.set	.LANCHOR0,. + 0
 663              		.type	received, %object
 664              		.size	received, 1
 665              	received:
ARM GAS  C:\Users\chris\AppData\Local\Temp\ccOkwn3c.s 			page 18


 666 0000 00       		.space	1
 667              		.type	intFlag, %object
 668              		.size	intFlag, 1
 669              	intFlag:
 670 0001 00       		.space	1
 671              		.text
 672              	.Letext0:
 673              		.file 2 "c:\\program files (x86)\\cypress\\psoc creator\\4.1\\psoc creator\\import\\gnu\\arm\\5.4.
 674              		.file 3 "c:\\program files (x86)\\cypress\\psoc creator\\4.1\\psoc creator\\import\\gnu\\arm\\5.4.
 675              		.file 4 "Generated_Source\\PSoC5/cytypes.h"
 676              		.file 5 "Generated_Source\\PSoC5/core_cm3.h"
 677              		.file 6 "Generated_Source\\PSoC5/SPI_Slave.h"
 678              		.file 7 "Generated_Source\\PSoC5/UART_1.h"
 679              		.file 8 "Generated_Source\\PSoC5/isr_uart_rx.h"
 680              		.file 9 "Generated_Source\\PSoC5/PWM_M1.h"
 681              		.file 10 "Generated_Source\\PSoC5/PWM_M2.h"
 682              		.file 11 "Generated_Source\\PSoC5/Pin_1_H.h"
 683              		.file 12 "Generated_Source\\PSoC5/Pin_2_H.h"
 684              		.section	.debug_info,"",%progbits
 685              	.Ldebug_info0:
 686 0000 1A060000 		.4byte	0x61a
 687 0004 0400     		.2byte	0x4
 688 0006 00000000 		.4byte	.Ldebug_abbrev0
 689 000a 04       		.byte	0x4
 690 000b 01       		.uleb128 0x1
 691 000c CE000000 		.4byte	.LASF52
 692 0010 0C       		.byte	0xc
 693 0011 CE020000 		.4byte	.LASF53
 694 0015 4F030000 		.4byte	.LASF54
 695 0019 00000000 		.4byte	.Ldebug_ranges0+0
 696 001d 00000000 		.4byte	0
 697 0021 00000000 		.4byte	.Ldebug_line0
 698 0025 02       		.uleb128 0x2
 699 0026 01       		.byte	0x1
 700 0027 06       		.byte	0x6
 701 0028 B8000000 		.4byte	.LASF0
 702 002c 03       		.uleb128 0x3
 703 002d 35000000 		.4byte	.LASF4
 704 0031 02       		.byte	0x2
 705 0032 1D       		.byte	0x1d
 706 0033 37000000 		.4byte	0x37
 707 0037 02       		.uleb128 0x2
 708 0038 01       		.byte	0x1
 709 0039 08       		.byte	0x8
 710 003a D5010000 		.4byte	.LASF1
 711 003e 02       		.uleb128 0x2
 712 003f 02       		.byte	0x2
 713 0040 05       		.byte	0x5
 714 0041 F0020000 		.4byte	.LASF2
 715 0045 02       		.uleb128 0x2
 716 0046 02       		.byte	0x2
 717 0047 07       		.byte	0x7
 718 0048 5D000000 		.4byte	.LASF3
 719 004c 03       		.uleb128 0x3
 720 004d 45000000 		.4byte	.LASF5
 721 0051 02       		.byte	0x2
 722 0052 3F       		.byte	0x3f
ARM GAS  C:\Users\chris\AppData\Local\Temp\ccOkwn3c.s 			page 19


 723 0053 57000000 		.4byte	0x57
 724 0057 02       		.uleb128 0x2
 725 0058 04       		.byte	0x4
 726 0059 05       		.byte	0x5
 727 005a 2C030000 		.4byte	.LASF6
 728 005e 02       		.uleb128 0x2
 729 005f 04       		.byte	0x4
 730 0060 07       		.byte	0x7
 731 0061 84010000 		.4byte	.LASF7
 732 0065 02       		.uleb128 0x2
 733 0066 08       		.byte	0x8
 734 0067 05       		.byte	0x5
 735 0068 C0020000 		.4byte	.LASF8
 736 006c 02       		.uleb128 0x2
 737 006d 08       		.byte	0x8
 738 006e 07       		.byte	0x7
 739 006f 47020000 		.4byte	.LASF9
 740 0073 04       		.uleb128 0x4
 741 0074 04       		.byte	0x4
 742 0075 05       		.byte	0x5
 743 0076 696E7400 		.ascii	"int\000"
 744 007a 02       		.uleb128 0x2
 745 007b 04       		.byte	0x4
 746 007c 07       		.byte	0x7
 747 007d 2C020000 		.4byte	.LASF10
 748 0081 03       		.uleb128 0x3
 749 0082 5E020000 		.4byte	.LASF11
 750 0086 03       		.byte	0x3
 751 0087 18       		.byte	0x18
 752 0088 2C000000 		.4byte	0x2c
 753 008c 03       		.uleb128 0x3
 754 008d 9D000000 		.4byte	.LASF12
 755 0091 03       		.byte	0x3
 756 0092 2C       		.byte	0x2c
 757 0093 4C000000 		.4byte	0x4c
 758 0097 05       		.uleb128 0x5
 759 0098 0E030000 		.4byte	.LASF13
 760 009c 04       		.byte	0x4
 761 009d 9201     		.2byte	0x192
 762 009f 37000000 		.4byte	0x37
 763 00a3 02       		.uleb128 0x2
 764 00a4 04       		.byte	0x4
 765 00a5 04       		.byte	0x4
 766 00a6 B2000000 		.4byte	.LASF14
 767 00aa 02       		.uleb128 0x2
 768 00ab 08       		.byte	0x8
 769 00ac 04       		.byte	0x4
 770 00ad F6010000 		.4byte	.LASF15
 771 00b1 02       		.uleb128 0x2
 772 00b2 01       		.byte	0x1
 773 00b3 08       		.byte	0x8
 774 00b4 D5020000 		.4byte	.LASF16
 775 00b8 06       		.uleb128 0x6
 776 00b9 97000000 		.4byte	0x97
 777 00bd 02       		.uleb128 0x2
 778 00be 08       		.byte	0x8
 779 00bf 04       		.byte	0x4
ARM GAS  C:\Users\chris\AppData\Local\Temp\ccOkwn3c.s 			page 20


 780 00c0 35030000 		.4byte	.LASF17
 781 00c4 02       		.uleb128 0x2
 782 00c5 04       		.byte	0x4
 783 00c6 07       		.byte	0x7
 784 00c7 B7020000 		.4byte	.LASF18
 785 00cb 07       		.uleb128 0x7
 786 00cc B1000000 		.4byte	0xb1
 787 00d0 DB000000 		.4byte	0xdb
 788 00d4 08       		.uleb128 0x8
 789 00d5 C4000000 		.4byte	0xc4
 790 00d9 07       		.byte	0x7
 791 00da 00       		.byte	0
 792 00db 06       		.uleb128 0x6
 793 00dc 81000000 		.4byte	0x81
 794 00e0 09       		.uleb128 0x9
 795 00e1 BB010000 		.4byte	.LASF19
 796 00e5 01       		.byte	0x1
 797 00e6 15       		.byte	0x15
 798 00e7 00000000 		.4byte	.LFB63
 799 00eb 1C000000 		.4byte	.LFE63-.LFB63
 800 00ef 01       		.uleb128 0x1
 801 00f0 9C       		.byte	0x9c
 802 00f1 11010000 		.4byte	0x111
 803 00f5 0A       		.uleb128 0xa
 804 00f6 06000000 		.4byte	.LVL0
 805 00fa 57050000 		.4byte	0x557
 806 00fe 0A       		.uleb128 0xa
 807 00ff 12000000 		.4byte	.LVL1
 808 0103 62050000 		.4byte	0x562
 809 0107 0A       		.uleb128 0xa
 810 0108 16000000 		.4byte	.LVL2
 811 010c 6D050000 		.4byte	0x56d
 812 0110 00       		.byte	0
 813 0111 0B       		.uleb128 0xb
 814 0112 FD010000 		.4byte	.LASF55
 815 0116 01       		.byte	0x1
 816 0117 28       		.byte	0x28
 817 0118 73000000 		.4byte	0x73
 818 011c 00000000 		.4byte	.LFB64
 819 0120 E4000000 		.4byte	.LFE64-.LFB64
 820 0124 01       		.uleb128 0x1
 821 0125 9C       		.byte	0x9c
 822 0126 B9020000 		.4byte	0x2b9
 823 012a 0C       		.uleb128 0xc
 824 012b 9A000000 		.4byte	.LBB2
 825 012f 4A000000 		.4byte	.LBE2-.LBB2
 826 0133 76010000 		.4byte	0x176
 827 0137 0D       		.uleb128 0xd
 828 0138 6D6F6400 		.ascii	"mod\000"
 829 013c 01       		.byte	0x1
 830 013d 5A       		.byte	0x5a
 831 013e CB000000 		.4byte	0xcb
 832 0142 0E       		.uleb128 0xe
 833 0143 A0000000 		.4byte	.LVL21
 834 0147 78050000 		.4byte	0x578
 835 014b 59010000 		.4byte	0x159
 836 014f 0F       		.uleb128 0xf
ARM GAS  C:\Users\chris\AppData\Local\Temp\ccOkwn3c.s 			page 21


 837 0150 01       		.uleb128 0x1
 838 0151 50       		.byte	0x50
 839 0152 05       		.uleb128 0x5
 840 0153 03       		.byte	0x3
 841 0154 E0000000 		.4byte	.LC9
 842 0158 00       		.byte	0
 843 0159 0A       		.uleb128 0xa
 844 015a A8000000 		.4byte	.LVL22
 845 015e 83050000 		.4byte	0x583
 846 0162 10       		.uleb128 0x10
 847 0163 AE000000 		.4byte	.LVL23
 848 0167 78050000 		.4byte	0x578
 849 016b 0F       		.uleb128 0xf
 850 016c 01       		.uleb128 0x1
 851 016d 50       		.byte	0x50
 852 016e 05       		.uleb128 0x5
 853 016f 03       		.byte	0x3
 854 0170 F0000000 		.4byte	.LC10
 855 0174 00       		.byte	0
 856 0175 00       		.byte	0
 857 0176 0E       		.uleb128 0xe
 858 0177 0A000000 		.4byte	.LVL3
 859 017b 8E050000 		.4byte	0x58e
 860 017f 8D010000 		.4byte	0x18d
 861 0183 0F       		.uleb128 0xf
 862 0184 01       		.uleb128 0x1
 863 0185 50       		.byte	0x50
 864 0186 05       		.uleb128 0x5
 865 0187 03       		.byte	0x3
 866 0188 00000000 		.4byte	ISR_UART_rx_handler
 867 018c 00       		.byte	0
 868 018d 0A       		.uleb128 0xa
 869 018e 0E000000 		.4byte	.LVL4
 870 0192 99050000 		.4byte	0x599
 871 0196 0A       		.uleb128 0xa
 872 0197 12000000 		.4byte	.LVL5
 873 019b A4050000 		.4byte	0x5a4
 874 019f 0A       		.uleb128 0xa
 875 01a0 16000000 		.4byte	.LVL6
 876 01a4 AF050000 		.4byte	0x5af
 877 01a8 0E       		.uleb128 0xe
 878 01a9 1C000000 		.4byte	.LVL7
 879 01ad BA050000 		.4byte	0x5ba
 880 01b1 BB010000 		.4byte	0x1bb
 881 01b5 0F       		.uleb128 0xf
 882 01b6 01       		.uleb128 0x1
 883 01b7 50       		.byte	0x50
 884 01b8 01       		.uleb128 0x1
 885 01b9 31       		.byte	0x31
 886 01ba 00       		.byte	0
 887 01bb 0E       		.uleb128 0xe
 888 01bc 22000000 		.4byte	.LVL8
 889 01c0 C5050000 		.4byte	0x5c5
 890 01c4 CE010000 		.4byte	0x1ce
 891 01c8 0F       		.uleb128 0xf
 892 01c9 01       		.uleb128 0x1
 893 01ca 50       		.byte	0x50
ARM GAS  C:\Users\chris\AppData\Local\Temp\ccOkwn3c.s 			page 22


 894 01cb 01       		.uleb128 0x1
 895 01cc 30       		.byte	0x30
 896 01cd 00       		.byte	0
 897 01ce 0E       		.uleb128 0xe
 898 01cf 28000000 		.4byte	.LVL9
 899 01d3 78050000 		.4byte	0x578
 900 01d7 E5010000 		.4byte	0x1e5
 901 01db 0F       		.uleb128 0xf
 902 01dc 01       		.uleb128 0x1
 903 01dd 50       		.byte	0x50
 904 01de 05       		.uleb128 0x5
 905 01df 03       		.byte	0x3
 906 01e0 00000000 		.4byte	.LC0
 907 01e4 00       		.byte	0
 908 01e5 0E       		.uleb128 0xe
 909 01e6 2E000000 		.4byte	.LVL10
 910 01ea 78050000 		.4byte	0x578
 911 01ee FC010000 		.4byte	0x1fc
 912 01f2 0F       		.uleb128 0xf
 913 01f3 01       		.uleb128 0x1
 914 01f4 50       		.byte	0x50
 915 01f5 05       		.uleb128 0x5
 916 01f6 03       		.byte	0x3
 917 01f7 24000000 		.4byte	.LC1
 918 01fb 00       		.byte	0
 919 01fc 0E       		.uleb128 0xe
 920 01fd 34000000 		.4byte	.LVL11
 921 0201 78050000 		.4byte	0x578
 922 0205 13020000 		.4byte	0x213
 923 0209 0F       		.uleb128 0xf
 924 020a 01       		.uleb128 0x1
 925 020b 50       		.byte	0x50
 926 020c 05       		.uleb128 0x5
 927 020d 03       		.byte	0x3
 928 020e 30000000 		.4byte	.LC2
 929 0212 00       		.byte	0
 930 0213 0E       		.uleb128 0xe
 931 0214 3A000000 		.4byte	.LVL12
 932 0218 78050000 		.4byte	0x578
 933 021c 2A020000 		.4byte	0x22a
 934 0220 0F       		.uleb128 0xf
 935 0221 01       		.uleb128 0x1
 936 0222 50       		.byte	0x50
 937 0223 05       		.uleb128 0x5
 938 0224 03       		.byte	0x3
 939 0225 44000000 		.4byte	.LC3
 940 0229 00       		.byte	0
 941 022a 0E       		.uleb128 0xe
 942 022b 40000000 		.4byte	.LVL13
 943 022f 78050000 		.4byte	0x578
 944 0233 41020000 		.4byte	0x241
 945 0237 0F       		.uleb128 0xf
 946 0238 01       		.uleb128 0x1
 947 0239 50       		.byte	0x50
 948 023a 05       		.uleb128 0x5
 949 023b 03       		.byte	0x3
 950 023c 5C000000 		.4byte	.LC4
ARM GAS  C:\Users\chris\AppData\Local\Temp\ccOkwn3c.s 			page 23


 951 0240 00       		.byte	0
 952 0241 0E       		.uleb128 0xe
 953 0242 46000000 		.4byte	.LVL14
 954 0246 78050000 		.4byte	0x578
 955 024a 58020000 		.4byte	0x258
 956 024e 0F       		.uleb128 0xf
 957 024f 01       		.uleb128 0x1
 958 0250 50       		.byte	0x50
 959 0251 05       		.uleb128 0x5
 960 0252 03       		.byte	0x3
 961 0253 70000000 		.4byte	.LC5
 962 0257 00       		.byte	0
 963 0258 0E       		.uleb128 0xe
 964 0259 64000000 		.4byte	.LVL15
 965 025d 78050000 		.4byte	0x578
 966 0261 6F020000 		.4byte	0x26f
 967 0265 0F       		.uleb128 0xf
 968 0266 01       		.uleb128 0x1
 969 0267 50       		.byte	0x50
 970 0268 05       		.uleb128 0x5
 971 0269 03       		.byte	0x3
 972 026a 84000000 		.4byte	.LC6
 973 026e 00       		.byte	0
 974 026f 0E       		.uleb128 0xe
 975 0270 76000000 		.4byte	.LVL16
 976 0274 78050000 		.4byte	0x578
 977 0278 86020000 		.4byte	0x286
 978 027c 0F       		.uleb128 0xf
 979 027d 01       		.uleb128 0x1
 980 027e 50       		.byte	0x50
 981 027f 05       		.uleb128 0x5
 982 0280 03       		.byte	0x3
 983 0281 9C000000 		.4byte	.LC7
 984 0285 00       		.byte	0
 985 0286 0E       		.uleb128 0xe
 986 0287 88000000 		.4byte	.LVL17
 987 028b 78050000 		.4byte	0x578
 988 028f 9D020000 		.4byte	0x29d
 989 0293 0F       		.uleb128 0xf
 990 0294 01       		.uleb128 0x1
 991 0295 50       		.byte	0x50
 992 0296 05       		.uleb128 0x5
 993 0297 03       		.byte	0x3
 994 0298 B4000000 		.4byte	.LC8
 995 029c 00       		.byte	0
 996 029d 0A       		.uleb128 0xa
 997 029e 90000000 		.4byte	.LVL18
 998 02a2 D0050000 		.4byte	0x5d0
 999 02a6 0A       		.uleb128 0xa
 1000 02a7 94000000 		.4byte	.LVL19
 1001 02ab 62050000 		.4byte	0x562
 1002 02af 0A       		.uleb128 0xa
 1003 02b0 98000000 		.4byte	.LVL20
 1004 02b4 DB050000 		.4byte	0x5db
 1005 02b8 00       		.byte	0
 1006 02b9 09       		.uleb128 0x9
 1007 02ba DA020000 		.4byte	.LASF20
ARM GAS  C:\Users\chris\AppData\Local\Temp\ccOkwn3c.s 			page 24


 1008 02be 01       		.byte	0x1
 1009 02bf A9       		.byte	0xa9
 1010 02c0 00000000 		.4byte	.LFB67
 1011 02c4 3C000000 		.4byte	.LFE67-.LFB67
 1012 02c8 01       		.uleb128 0x1
 1013 02c9 9C       		.byte	0x9c
 1014 02ca F8020000 		.4byte	0x2f8
 1015 02ce 0E       		.uleb128 0xe
 1016 02cf 08000000 		.4byte	.LVL24
 1017 02d3 78050000 		.4byte	0x578
 1018 02d7 E5020000 		.4byte	0x2e5
 1019 02db 0F       		.uleb128 0xf
 1020 02dc 01       		.uleb128 0x1
 1021 02dd 50       		.byte	0x50
 1022 02de 05       		.uleb128 0x5
 1023 02df 03       		.byte	0x3
 1024 02e0 F4000000 		.4byte	.LC11
 1025 02e4 00       		.byte	0
 1026 02e5 0A       		.uleb128 0xa
 1027 02e6 2C000000 		.4byte	.LVL25
 1028 02ea E6050000 		.4byte	0x5e6
 1029 02ee 0A       		.uleb128 0xa
 1030 02ef 32000000 		.4byte	.LVL26
 1031 02f3 F1050000 		.4byte	0x5f1
 1032 02f7 00       		.byte	0
 1033 02f8 09       		.uleb128 0x9
 1034 02f9 4F000000 		.4byte	.LASF21
 1035 02fd 01       		.byte	0x1
 1036 02fe BA       		.byte	0xba
 1037 02ff 00000000 		.4byte	.LFB68
 1038 0303 38000000 		.4byte	.LFE68-.LFB68
 1039 0307 01       		.uleb128 0x1
 1040 0308 9C       		.byte	0x9c
 1041 0309 37030000 		.4byte	0x337
 1042 030d 0E       		.uleb128 0xe
 1043 030e 08000000 		.4byte	.LVL27
 1044 0312 78050000 		.4byte	0x578
 1045 0316 24030000 		.4byte	0x324
 1046 031a 0F       		.uleb128 0xf
 1047 031b 01       		.uleb128 0x1
 1048 031c 50       		.byte	0x50
 1049 031d 05       		.uleb128 0x5
 1050 031e 03       		.byte	0x3
 1051 031f 08010000 		.4byte	.LC12
 1052 0323 00       		.byte	0
 1053 0324 0A       		.uleb128 0xa
 1054 0325 28000000 		.4byte	.LVL28
 1055 0329 E6050000 		.4byte	0x5e6
 1056 032d 0A       		.uleb128 0xa
 1057 032e 2E000000 		.4byte	.LVL29
 1058 0332 F1050000 		.4byte	0x5f1
 1059 0336 00       		.byte	0
 1060 0337 09       		.uleb128 0x9
 1061 0338 39020000 		.4byte	.LASF22
 1062 033c 01       		.byte	0x1
 1063 033d C7       		.byte	0xc7
 1064 033e 00000000 		.4byte	.LFB69
ARM GAS  C:\Users\chris\AppData\Local\Temp\ccOkwn3c.s 			page 25


 1065 0342 3C000000 		.4byte	.LFE69-.LFB69
 1066 0346 01       		.uleb128 0x1
 1067 0347 9C       		.byte	0x9c
 1068 0348 98030000 		.4byte	0x398
 1069 034c 0E       		.uleb128 0xe
 1070 034d 08000000 		.4byte	.LVL30
 1071 0351 78050000 		.4byte	0x578
 1072 0355 63030000 		.4byte	0x363
 1073 0359 0F       		.uleb128 0xf
 1074 035a 01       		.uleb128 0x1
 1075 035b 50       		.byte	0x50
 1076 035c 05       		.uleb128 0x5
 1077 035d 03       		.byte	0x3
 1078 035e 1C010000 		.4byte	.LC13
 1079 0362 00       		.byte	0
 1080 0363 0A       		.uleb128 0xa
 1081 0364 1E000000 		.4byte	.LVL31
 1082 0368 E6050000 		.4byte	0x5e6
 1083 036c 0A       		.uleb128 0xa
 1084 036d 24000000 		.4byte	.LVL32
 1085 0371 F1050000 		.4byte	0x5f1
 1086 0375 0E       		.uleb128 0xe
 1087 0376 2A000000 		.4byte	.LVL33
 1088 037a BA050000 		.4byte	0x5ba
 1089 037e 88030000 		.4byte	0x388
 1090 0382 0F       		.uleb128 0xf
 1091 0383 01       		.uleb128 0x1
 1092 0384 50       		.byte	0x50
 1093 0385 01       		.uleb128 0x1
 1094 0386 31       		.byte	0x31
 1095 0387 00       		.byte	0
 1096 0388 10       		.uleb128 0x10
 1097 0389 30000000 		.4byte	.LVL34
 1098 038d C5050000 		.4byte	0x5c5
 1099 0391 0F       		.uleb128 0xf
 1100 0392 01       		.uleb128 0x1
 1101 0393 50       		.byte	0x50
 1102 0394 01       		.uleb128 0x1
 1103 0395 30       		.byte	0x30
 1104 0396 00       		.byte	0
 1105 0397 00       		.byte	0
 1106 0398 09       		.uleb128 0x9
 1107 0399 A8020000 		.4byte	.LASF23
 1108 039d 01       		.byte	0x1
 1109 039e D4       		.byte	0xd4
 1110 039f 00000000 		.4byte	.LFB70
 1111 03a3 3C000000 		.4byte	.LFE70-.LFB70
 1112 03a7 01       		.uleb128 0x1
 1113 03a8 9C       		.byte	0x9c
 1114 03a9 F9030000 		.4byte	0x3f9
 1115 03ad 0E       		.uleb128 0xe
 1116 03ae 08000000 		.4byte	.LVL35
 1117 03b2 78050000 		.4byte	0x578
 1118 03b6 C4030000 		.4byte	0x3c4
 1119 03ba 0F       		.uleb128 0xf
 1120 03bb 01       		.uleb128 0x1
 1121 03bc 50       		.byte	0x50
ARM GAS  C:\Users\chris\AppData\Local\Temp\ccOkwn3c.s 			page 26


 1122 03bd 05       		.uleb128 0x5
 1123 03be 03       		.byte	0x3
 1124 03bf 38010000 		.4byte	.LC14
 1125 03c3 00       		.byte	0
 1126 03c4 0A       		.uleb128 0xa
 1127 03c5 1E000000 		.4byte	.LVL36
 1128 03c9 E6050000 		.4byte	0x5e6
 1129 03cd 0A       		.uleb128 0xa
 1130 03ce 24000000 		.4byte	.LVL37
 1131 03d2 F1050000 		.4byte	0x5f1
 1132 03d6 0E       		.uleb128 0xe
 1133 03d7 2A000000 		.4byte	.LVL38
 1134 03db BA050000 		.4byte	0x5ba
 1135 03df E9030000 		.4byte	0x3e9
 1136 03e3 0F       		.uleb128 0xf
 1137 03e4 01       		.uleb128 0x1
 1138 03e5 50       		.byte	0x50
 1139 03e6 01       		.uleb128 0x1
 1140 03e7 30       		.byte	0x30
 1141 03e8 00       		.byte	0
 1142 03e9 10       		.uleb128 0x10
 1143 03ea 30000000 		.4byte	.LVL39
 1144 03ee C5050000 		.4byte	0x5c5
 1145 03f2 0F       		.uleb128 0xf
 1146 03f3 01       		.uleb128 0x1
 1147 03f4 50       		.byte	0x50
 1148 03f5 01       		.uleb128 0x1
 1149 03f6 31       		.byte	0x31
 1150 03f7 00       		.byte	0
 1151 03f8 00       		.byte	0
 1152 03f9 09       		.uleb128 0x9
 1153 03fa C3010000 		.4byte	.LASF24
 1154 03fe 01       		.byte	0x1
 1155 03ff E1       		.byte	0xe1
 1156 0400 00000000 		.4byte	.LFB71
 1157 0404 24000000 		.4byte	.LFE71-.LFB71
 1158 0408 01       		.uleb128 0x1
 1159 0409 9C       		.byte	0x9c
 1160 040a 38040000 		.4byte	0x438
 1161 040e 0E       		.uleb128 0xe
 1162 040f 08000000 		.4byte	.LVL40
 1163 0413 78050000 		.4byte	0x578
 1164 0417 25040000 		.4byte	0x425
 1165 041b 0F       		.uleb128 0xf
 1166 041c 01       		.uleb128 0x1
 1167 041d 50       		.byte	0x50
 1168 041e 05       		.uleb128 0x5
 1169 041f 03       		.byte	0x3
 1170 0420 54010000 		.4byte	.LC15
 1171 0424 00       		.byte	0
 1172 0425 0A       		.uleb128 0xa
 1173 0426 14000000 		.4byte	.LVL41
 1174 042a E6050000 		.4byte	0x5e6
 1175 042e 0A       		.uleb128 0xa
 1176 042f 1A000000 		.4byte	.LVL42
 1177 0433 F1050000 		.4byte	0x5f1
 1178 0437 00       		.byte	0
ARM GAS  C:\Users\chris\AppData\Local\Temp\ccOkwn3c.s 			page 27


 1179 0438 09       		.uleb128 0x9
 1180 0439 A8010000 		.4byte	.LASF25
 1181 043d 01       		.byte	0x1
 1182 043e 72       		.byte	0x72
 1183 043f 00000000 		.4byte	.LFB66
 1184 0443 3A000000 		.4byte	.LFE66-.LFB66
 1185 0447 01       		.uleb128 0x1
 1186 0448 9C       		.byte	0x9c
 1187 0449 8A040000 		.4byte	0x48a
 1188 044d 11       		.uleb128 0x11
 1189 044e BF030000 		.4byte	.LASF28
 1190 0452 01       		.byte	0x1
 1191 0453 72       		.byte	0x72
 1192 0454 81000000 		.4byte	0x81
 1193 0458 00000000 		.4byte	.LLST0
 1194 045c 0A       		.uleb128 0xa
 1195 045d 20000000 		.4byte	.LVL44
 1196 0461 B9020000 		.4byte	0x2b9
 1197 0465 0A       		.uleb128 0xa
 1198 0466 26000000 		.4byte	.LVL46
 1199 046a F8020000 		.4byte	0x2f8
 1200 046e 0A       		.uleb128 0xa
 1201 046f 2C000000 		.4byte	.LVL48
 1202 0473 37030000 		.4byte	0x337
 1203 0477 0A       		.uleb128 0xa
 1204 0478 32000000 		.4byte	.LVL50
 1205 047c 98030000 		.4byte	0x398
 1206 0480 0A       		.uleb128 0xa
 1207 0481 38000000 		.4byte	.LVL52
 1208 0485 F9030000 		.4byte	0x3f9
 1209 0489 00       		.byte	0
 1210 048a 09       		.uleb128 0x9
 1211 048b 70010000 		.4byte	.LASF26
 1212 048f 01       		.byte	0x1
 1213 0490 63       		.byte	0x63
 1214 0491 00000000 		.4byte	.LFB65
 1215 0495 24000000 		.4byte	.LFE65-.LFB65
 1216 0499 01       		.uleb128 0x1
 1217 049a 9C       		.byte	0x9c
 1218 049b 02050000 		.4byte	0x502
 1219 049f 12       		.uleb128 0x12
 1220 04a0 91000000 		.4byte	.LASF27
 1221 04a4 01       		.byte	0x1
 1222 04a5 66       		.byte	0x66
 1223 04a6 81000000 		.4byte	0x81
 1224 04aa 85000000 		.4byte	.LLST1
 1225 04ae 0C       		.uleb128 0xc
 1226 04af 0A000000 		.4byte	.LBB3
 1227 04b3 14000000 		.4byte	.LBE3-.LBB3
 1228 04b7 F8040000 		.4byte	0x4f8
 1229 04bb 12       		.uleb128 0x12
 1230 04bc BF030000 		.4byte	.LASF28
 1231 04c0 01       		.byte	0x1
 1232 04c1 69       		.byte	0x69
 1233 04c2 81000000 		.4byte	0x81
 1234 04c6 A3000000 		.4byte	.LLST2
 1235 04ca 0A       		.uleb128 0xa
ARM GAS  C:\Users\chris\AppData\Local\Temp\ccOkwn3c.s 			page 28


 1236 04cb 0E000000 		.4byte	.LVL55
 1237 04cf FC050000 		.4byte	0x5fc
 1238 04d3 0E       		.uleb128 0xe
 1239 04d4 14000000 		.4byte	.LVL57
 1240 04d8 07060000 		.4byte	0x607
 1241 04dc E7040000 		.4byte	0x4e7
 1242 04e0 0F       		.uleb128 0xf
 1243 04e1 01       		.uleb128 0x1
 1244 04e2 50       		.byte	0x50
 1245 04e3 02       		.uleb128 0x2
 1246 04e4 75       		.byte	0x75
 1247 04e5 00       		.sleb128 0
 1248 04e6 00       		.byte	0
 1249 04e7 10       		.uleb128 0x10
 1250 04e8 1A000000 		.4byte	.LVL58
 1251 04ec 38040000 		.4byte	0x438
 1252 04f0 0F       		.uleb128 0xf
 1253 04f1 01       		.uleb128 0x1
 1254 04f2 50       		.byte	0x50
 1255 04f3 02       		.uleb128 0x2
 1256 04f4 75       		.byte	0x75
 1257 04f5 00       		.sleb128 0
 1258 04f6 00       		.byte	0
 1259 04f7 00       		.byte	0
 1260 04f8 0A       		.uleb128 0xa
 1261 04f9 06000000 		.4byte	.LVL53
 1262 04fd 12060000 		.4byte	0x612
 1263 0501 00       		.byte	0
 1264 0502 13       		.uleb128 0x13
 1265 0503 C8010000 		.4byte	.LASF29
 1266 0507 05       		.byte	0x5
 1267 0508 9606     		.2byte	0x696
 1268 050a 0E050000 		.4byte	0x50e
 1269 050e 06       		.uleb128 0x6
 1270 050f 8C000000 		.4byte	0x8c
 1271 0513 14       		.uleb128 0x14
 1272 0514 3F000000 		.4byte	.LASF30
 1273 0518 01       		.byte	0x1
 1274 0519 0F       		.byte	0xf
 1275 051a DB000000 		.4byte	0xdb
 1276 051e 05       		.uleb128 0x5
 1277 051f 03       		.byte	0x3
 1278 0520 00000000 		.4byte	speed
 1279 0524 14       		.uleb128 0x14
 1280 0525 C4000000 		.4byte	.LASF31
 1281 0529 01       		.byte	0x1
 1282 052a 10       		.byte	0x10
 1283 052b DB000000 		.4byte	0xdb
 1284 052f 05       		.uleb128 0x5
 1285 0530 03       		.byte	0x3
 1286 0531 00000000 		.4byte	turnspeed
 1287 0535 14       		.uleb128 0x14
 1288 0536 70000000 		.4byte	.LASF32
 1289 053a 01       		.byte	0x1
 1290 053b 11       		.byte	0x11
 1291 053c B8000000 		.4byte	0xb8
 1292 0540 05       		.uleb128 0x5
ARM GAS  C:\Users\chris\AppData\Local\Temp\ccOkwn3c.s 			page 29


 1293 0541 03       		.byte	0x3
 1294 0542 00000000 		.4byte	received
 1295 0546 14       		.uleb128 0x14
 1296 0547 E8020000 		.4byte	.LASF33
 1297 054b 01       		.byte	0x1
 1298 054c 12       		.byte	0x12
 1299 054d B8000000 		.4byte	0xb8
 1300 0551 05       		.uleb128 0x5
 1301 0552 03       		.byte	0x3
 1302 0553 00000000 		.4byte	intFlag
 1303 0557 15       		.uleb128 0x15
 1304 0558 93020000 		.4byte	.LASF34
 1305 055c 93020000 		.4byte	.LASF34
 1306 0560 06       		.byte	0x6
 1307 0561 57       		.byte	0x57
 1308 0562 15       		.uleb128 0x15
 1309 0563 79000000 		.4byte	.LASF35
 1310 0567 79000000 		.4byte	.LASF35
 1311 056b 06       		.byte	0x6
 1312 056c 5A       		.byte	0x5a
 1313 056d 15       		.uleb128 0x15
 1314 056e 00000000 		.4byte	.LASF36
 1315 0572 00000000 		.4byte	.LASF36
 1316 0576 06       		.byte	0x6
 1317 0577 63       		.byte	0x63
 1318 0578 15       		.uleb128 0x15
 1319 0579 AE030000 		.4byte	.LASF37
 1320 057d AE030000 		.4byte	.LASF37
 1321 0581 07       		.byte	0x7
 1322 0582 8B       		.byte	0x8b
 1323 0583 15       		.uleb128 0x15
 1324 0584 1D020000 		.4byte	.LASF38
 1325 0588 1D020000 		.4byte	.LASF38
 1326 058c 07       		.byte	0x7
 1327 058d 8A       		.byte	0x8a
 1328 058e 15       		.uleb128 0x15
 1329 058f 14000000 		.4byte	.LASF39
 1330 0593 14000000 		.4byte	.LASF39
 1331 0597 08       		.byte	0x8
 1332 0598 18       		.byte	0x18
 1333 0599 15       		.uleb128 0x15
 1334 059a 28000000 		.4byte	.LASF40
 1335 059e 28000000 		.4byte	.LASF40
 1336 05a2 07       		.byte	0x7
 1337 05a3 54       		.byte	0x54
 1338 05a4 15       		.uleb128 0x15
 1339 05a5 A5000000 		.4byte	.LASF41
 1340 05a9 A5000000 		.4byte	.LASF41
 1341 05ad 09       		.byte	0x9
 1342 05ae 92       		.byte	0x92
 1343 05af 15       		.uleb128 0x15
 1344 05b0 02020000 		.4byte	.LASF42
 1345 05b4 02020000 		.4byte	.LASF42
 1346 05b8 0A       		.byte	0xa
 1347 05b9 92       		.byte	0x92
 1348 05ba 15       		.uleb128 0x15
 1349 05bb 0F020000 		.4byte	.LASF43
ARM GAS  C:\Users\chris\AppData\Local\Temp\ccOkwn3c.s 			page 30


 1350 05bf 0F020000 		.4byte	.LASF43
 1351 05c3 0B       		.byte	0xb
 1352 05c4 26       		.byte	0x26
 1353 05c5 15       		.uleb128 0x15
 1354 05c6 41030000 		.4byte	.LASF44
 1355 05ca 41030000 		.4byte	.LASF44
 1356 05ce 0C       		.byte	0xc
 1357 05cf 26       		.byte	0x26
 1358 05d0 15       		.uleb128 0x15
 1359 05d1 7D020000 		.4byte	.LASF45
 1360 05d5 7D020000 		.4byte	.LASF45
 1361 05d9 06       		.byte	0x6
 1362 05da 50       		.byte	0x50
 1363 05db 15       		.uleb128 0x15
 1364 05dc 14030000 		.4byte	.LASF46
 1365 05e0 14030000 		.4byte	.LASF46
 1366 05e4 06       		.byte	0x6
 1367 05e5 5B       		.byte	0x5b
 1368 05e6 15       		.uleb128 0x15
 1369 05e7 FA020000 		.4byte	.LASF47
 1370 05eb FA020000 		.4byte	.LASF47
 1371 05ef 09       		.byte	0x9
 1372 05f0 C3       		.byte	0xc3
 1373 05f1 15       		.uleb128 0x15
 1374 05f2 5C010000 		.4byte	.LASF48
 1375 05f6 5C010000 		.4byte	.LASF48
 1376 05fa 0A       		.byte	0xa
 1377 05fb C3       		.byte	0xc3
 1378 05fc 15       		.uleb128 0x15
 1379 05fd 96010000 		.4byte	.LASF49
 1380 0601 96010000 		.4byte	.LASF49
 1381 0605 07       		.byte	0x7
 1382 0606 6F       		.byte	0x6f
 1383 0607 15       		.uleb128 0x15
 1384 0608 E3010000 		.4byte	.LASF50
 1385 060c E3010000 		.4byte	.LASF50
 1386 0610 07       		.byte	0x7
 1387 0611 88       		.byte	0x88
 1388 0612 15       		.uleb128 0x15
 1389 0613 66020000 		.4byte	.LASF51
 1390 0617 66020000 		.4byte	.LASF51
 1391 061b 07       		.byte	0x7
 1392 061c 73       		.byte	0x73
 1393 061d 00       		.byte	0
 1394              		.section	.debug_abbrev,"",%progbits
 1395              	.Ldebug_abbrev0:
 1396 0000 01       		.uleb128 0x1
 1397 0001 11       		.uleb128 0x11
 1398 0002 01       		.byte	0x1
 1399 0003 25       		.uleb128 0x25
 1400 0004 0E       		.uleb128 0xe
 1401 0005 13       		.uleb128 0x13
 1402 0006 0B       		.uleb128 0xb
 1403 0007 03       		.uleb128 0x3
 1404 0008 0E       		.uleb128 0xe
 1405 0009 1B       		.uleb128 0x1b
 1406 000a 0E       		.uleb128 0xe
ARM GAS  C:\Users\chris\AppData\Local\Temp\ccOkwn3c.s 			page 31


 1407 000b 55       		.uleb128 0x55
 1408 000c 17       		.uleb128 0x17
 1409 000d 11       		.uleb128 0x11
 1410 000e 01       		.uleb128 0x1
 1411 000f 10       		.uleb128 0x10
 1412 0010 17       		.uleb128 0x17
 1413 0011 00       		.byte	0
 1414 0012 00       		.byte	0
 1415 0013 02       		.uleb128 0x2
 1416 0014 24       		.uleb128 0x24
 1417 0015 00       		.byte	0
 1418 0016 0B       		.uleb128 0xb
 1419 0017 0B       		.uleb128 0xb
 1420 0018 3E       		.uleb128 0x3e
 1421 0019 0B       		.uleb128 0xb
 1422 001a 03       		.uleb128 0x3
 1423 001b 0E       		.uleb128 0xe
 1424 001c 00       		.byte	0
 1425 001d 00       		.byte	0
 1426 001e 03       		.uleb128 0x3
 1427 001f 16       		.uleb128 0x16
 1428 0020 00       		.byte	0
 1429 0021 03       		.uleb128 0x3
 1430 0022 0E       		.uleb128 0xe
 1431 0023 3A       		.uleb128 0x3a
 1432 0024 0B       		.uleb128 0xb
 1433 0025 3B       		.uleb128 0x3b
 1434 0026 0B       		.uleb128 0xb
 1435 0027 49       		.uleb128 0x49
 1436 0028 13       		.uleb128 0x13
 1437 0029 00       		.byte	0
 1438 002a 00       		.byte	0
 1439 002b 04       		.uleb128 0x4
 1440 002c 24       		.uleb128 0x24
 1441 002d 00       		.byte	0
 1442 002e 0B       		.uleb128 0xb
 1443 002f 0B       		.uleb128 0xb
 1444 0030 3E       		.uleb128 0x3e
 1445 0031 0B       		.uleb128 0xb
 1446 0032 03       		.uleb128 0x3
 1447 0033 08       		.uleb128 0x8
 1448 0034 00       		.byte	0
 1449 0035 00       		.byte	0
 1450 0036 05       		.uleb128 0x5
 1451 0037 16       		.uleb128 0x16
 1452 0038 00       		.byte	0
 1453 0039 03       		.uleb128 0x3
 1454 003a 0E       		.uleb128 0xe
 1455 003b 3A       		.uleb128 0x3a
 1456 003c 0B       		.uleb128 0xb
 1457 003d 3B       		.uleb128 0x3b
 1458 003e 05       		.uleb128 0x5
 1459 003f 49       		.uleb128 0x49
 1460 0040 13       		.uleb128 0x13
 1461 0041 00       		.byte	0
 1462 0042 00       		.byte	0
 1463 0043 06       		.uleb128 0x6
ARM GAS  C:\Users\chris\AppData\Local\Temp\ccOkwn3c.s 			page 32


 1464 0044 35       		.uleb128 0x35
 1465 0045 00       		.byte	0
 1466 0046 49       		.uleb128 0x49
 1467 0047 13       		.uleb128 0x13
 1468 0048 00       		.byte	0
 1469 0049 00       		.byte	0
 1470 004a 07       		.uleb128 0x7
 1471 004b 01       		.uleb128 0x1
 1472 004c 01       		.byte	0x1
 1473 004d 49       		.uleb128 0x49
 1474 004e 13       		.uleb128 0x13
 1475 004f 01       		.uleb128 0x1
 1476 0050 13       		.uleb128 0x13
 1477 0051 00       		.byte	0
 1478 0052 00       		.byte	0
 1479 0053 08       		.uleb128 0x8
 1480 0054 21       		.uleb128 0x21
 1481 0055 00       		.byte	0
 1482 0056 49       		.uleb128 0x49
 1483 0057 13       		.uleb128 0x13
 1484 0058 2F       		.uleb128 0x2f
 1485 0059 0B       		.uleb128 0xb
 1486 005a 00       		.byte	0
 1487 005b 00       		.byte	0
 1488 005c 09       		.uleb128 0x9
 1489 005d 2E       		.uleb128 0x2e
 1490 005e 01       		.byte	0x1
 1491 005f 3F       		.uleb128 0x3f
 1492 0060 19       		.uleb128 0x19
 1493 0061 03       		.uleb128 0x3
 1494 0062 0E       		.uleb128 0xe
 1495 0063 3A       		.uleb128 0x3a
 1496 0064 0B       		.uleb128 0xb
 1497 0065 3B       		.uleb128 0x3b
 1498 0066 0B       		.uleb128 0xb
 1499 0067 27       		.uleb128 0x27
 1500 0068 19       		.uleb128 0x19
 1501 0069 11       		.uleb128 0x11
 1502 006a 01       		.uleb128 0x1
 1503 006b 12       		.uleb128 0x12
 1504 006c 06       		.uleb128 0x6
 1505 006d 40       		.uleb128 0x40
 1506 006e 18       		.uleb128 0x18
 1507 006f 9742     		.uleb128 0x2117
 1508 0071 19       		.uleb128 0x19
 1509 0072 01       		.uleb128 0x1
 1510 0073 13       		.uleb128 0x13
 1511 0074 00       		.byte	0
 1512 0075 00       		.byte	0
 1513 0076 0A       		.uleb128 0xa
 1514 0077 898201   		.uleb128 0x4109
 1515 007a 00       		.byte	0
 1516 007b 11       		.uleb128 0x11
 1517 007c 01       		.uleb128 0x1
 1518 007d 31       		.uleb128 0x31
 1519 007e 13       		.uleb128 0x13
 1520 007f 00       		.byte	0
ARM GAS  C:\Users\chris\AppData\Local\Temp\ccOkwn3c.s 			page 33


 1521 0080 00       		.byte	0
 1522 0081 0B       		.uleb128 0xb
 1523 0082 2E       		.uleb128 0x2e
 1524 0083 01       		.byte	0x1
 1525 0084 3F       		.uleb128 0x3f
 1526 0085 19       		.uleb128 0x19
 1527 0086 03       		.uleb128 0x3
 1528 0087 0E       		.uleb128 0xe
 1529 0088 3A       		.uleb128 0x3a
 1530 0089 0B       		.uleb128 0xb
 1531 008a 3B       		.uleb128 0x3b
 1532 008b 0B       		.uleb128 0xb
 1533 008c 27       		.uleb128 0x27
 1534 008d 19       		.uleb128 0x19
 1535 008e 49       		.uleb128 0x49
 1536 008f 13       		.uleb128 0x13
 1537 0090 8701     		.uleb128 0x87
 1538 0092 19       		.uleb128 0x19
 1539 0093 11       		.uleb128 0x11
 1540 0094 01       		.uleb128 0x1
 1541 0095 12       		.uleb128 0x12
 1542 0096 06       		.uleb128 0x6
 1543 0097 40       		.uleb128 0x40
 1544 0098 18       		.uleb128 0x18
 1545 0099 9742     		.uleb128 0x2117
 1546 009b 19       		.uleb128 0x19
 1547 009c 01       		.uleb128 0x1
 1548 009d 13       		.uleb128 0x13
 1549 009e 00       		.byte	0
 1550 009f 00       		.byte	0
 1551 00a0 0C       		.uleb128 0xc
 1552 00a1 0B       		.uleb128 0xb
 1553 00a2 01       		.byte	0x1
 1554 00a3 11       		.uleb128 0x11
 1555 00a4 01       		.uleb128 0x1
 1556 00a5 12       		.uleb128 0x12
 1557 00a6 06       		.uleb128 0x6
 1558 00a7 01       		.uleb128 0x1
 1559 00a8 13       		.uleb128 0x13
 1560 00a9 00       		.byte	0
 1561 00aa 00       		.byte	0
 1562 00ab 0D       		.uleb128 0xd
 1563 00ac 34       		.uleb128 0x34
 1564 00ad 00       		.byte	0
 1565 00ae 03       		.uleb128 0x3
 1566 00af 08       		.uleb128 0x8
 1567 00b0 3A       		.uleb128 0x3a
 1568 00b1 0B       		.uleb128 0xb
 1569 00b2 3B       		.uleb128 0x3b
 1570 00b3 0B       		.uleb128 0xb
 1571 00b4 49       		.uleb128 0x49
 1572 00b5 13       		.uleb128 0x13
 1573 00b6 00       		.byte	0
 1574 00b7 00       		.byte	0
 1575 00b8 0E       		.uleb128 0xe
 1576 00b9 898201   		.uleb128 0x4109
 1577 00bc 01       		.byte	0x1
ARM GAS  C:\Users\chris\AppData\Local\Temp\ccOkwn3c.s 			page 34


 1578 00bd 11       		.uleb128 0x11
 1579 00be 01       		.uleb128 0x1
 1580 00bf 31       		.uleb128 0x31
 1581 00c0 13       		.uleb128 0x13
 1582 00c1 01       		.uleb128 0x1
 1583 00c2 13       		.uleb128 0x13
 1584 00c3 00       		.byte	0
 1585 00c4 00       		.byte	0
 1586 00c5 0F       		.uleb128 0xf
 1587 00c6 8A8201   		.uleb128 0x410a
 1588 00c9 00       		.byte	0
 1589 00ca 02       		.uleb128 0x2
 1590 00cb 18       		.uleb128 0x18
 1591 00cc 9142     		.uleb128 0x2111
 1592 00ce 18       		.uleb128 0x18
 1593 00cf 00       		.byte	0
 1594 00d0 00       		.byte	0
 1595 00d1 10       		.uleb128 0x10
 1596 00d2 898201   		.uleb128 0x4109
 1597 00d5 01       		.byte	0x1
 1598 00d6 11       		.uleb128 0x11
 1599 00d7 01       		.uleb128 0x1
 1600 00d8 31       		.uleb128 0x31
 1601 00d9 13       		.uleb128 0x13
 1602 00da 00       		.byte	0
 1603 00db 00       		.byte	0
 1604 00dc 11       		.uleb128 0x11
 1605 00dd 05       		.uleb128 0x5
 1606 00de 00       		.byte	0
 1607 00df 03       		.uleb128 0x3
 1608 00e0 0E       		.uleb128 0xe
 1609 00e1 3A       		.uleb128 0x3a
 1610 00e2 0B       		.uleb128 0xb
 1611 00e3 3B       		.uleb128 0x3b
 1612 00e4 0B       		.uleb128 0xb
 1613 00e5 49       		.uleb128 0x49
 1614 00e6 13       		.uleb128 0x13
 1615 00e7 02       		.uleb128 0x2
 1616 00e8 17       		.uleb128 0x17
 1617 00e9 00       		.byte	0
 1618 00ea 00       		.byte	0
 1619 00eb 12       		.uleb128 0x12
 1620 00ec 34       		.uleb128 0x34
 1621 00ed 00       		.byte	0
 1622 00ee 03       		.uleb128 0x3
 1623 00ef 0E       		.uleb128 0xe
 1624 00f0 3A       		.uleb128 0x3a
 1625 00f1 0B       		.uleb128 0xb
 1626 00f2 3B       		.uleb128 0x3b
 1627 00f3 0B       		.uleb128 0xb
 1628 00f4 49       		.uleb128 0x49
 1629 00f5 13       		.uleb128 0x13
 1630 00f6 02       		.uleb128 0x2
 1631 00f7 17       		.uleb128 0x17
 1632 00f8 00       		.byte	0
 1633 00f9 00       		.byte	0
 1634 00fa 13       		.uleb128 0x13
ARM GAS  C:\Users\chris\AppData\Local\Temp\ccOkwn3c.s 			page 35


 1635 00fb 34       		.uleb128 0x34
 1636 00fc 00       		.byte	0
 1637 00fd 03       		.uleb128 0x3
 1638 00fe 0E       		.uleb128 0xe
 1639 00ff 3A       		.uleb128 0x3a
 1640 0100 0B       		.uleb128 0xb
 1641 0101 3B       		.uleb128 0x3b
 1642 0102 05       		.uleb128 0x5
 1643 0103 49       		.uleb128 0x49
 1644 0104 13       		.uleb128 0x13
 1645 0105 3F       		.uleb128 0x3f
 1646 0106 19       		.uleb128 0x19
 1647 0107 3C       		.uleb128 0x3c
 1648 0108 19       		.uleb128 0x19
 1649 0109 00       		.byte	0
 1650 010a 00       		.byte	0
 1651 010b 14       		.uleb128 0x14
 1652 010c 34       		.uleb128 0x34
 1653 010d 00       		.byte	0
 1654 010e 03       		.uleb128 0x3
 1655 010f 0E       		.uleb128 0xe
 1656 0110 3A       		.uleb128 0x3a
 1657 0111 0B       		.uleb128 0xb
 1658 0112 3B       		.uleb128 0x3b
 1659 0113 0B       		.uleb128 0xb
 1660 0114 49       		.uleb128 0x49
 1661 0115 13       		.uleb128 0x13
 1662 0116 3F       		.uleb128 0x3f
 1663 0117 19       		.uleb128 0x19
 1664 0118 02       		.uleb128 0x2
 1665 0119 18       		.uleb128 0x18
 1666 011a 00       		.byte	0
 1667 011b 00       		.byte	0
 1668 011c 15       		.uleb128 0x15
 1669 011d 2E       		.uleb128 0x2e
 1670 011e 00       		.byte	0
 1671 011f 3F       		.uleb128 0x3f
 1672 0120 19       		.uleb128 0x19
 1673 0121 3C       		.uleb128 0x3c
 1674 0122 19       		.uleb128 0x19
 1675 0123 6E       		.uleb128 0x6e
 1676 0124 0E       		.uleb128 0xe
 1677 0125 03       		.uleb128 0x3
 1678 0126 0E       		.uleb128 0xe
 1679 0127 3A       		.uleb128 0x3a
 1680 0128 0B       		.uleb128 0xb
 1681 0129 3B       		.uleb128 0x3b
 1682 012a 0B       		.uleb128 0xb
 1683 012b 00       		.byte	0
 1684 012c 00       		.byte	0
 1685 012d 00       		.byte	0
 1686              		.section	.debug_loc,"",%progbits
 1687              	.Ldebug_loc0:
 1688              	.LLST0:
 1689 0000 00000000 		.4byte	.LVL43
 1690 0004 1F000000 		.4byte	.LVL44-1
 1691 0008 0100     		.2byte	0x1
ARM GAS  C:\Users\chris\AppData\Local\Temp\ccOkwn3c.s 			page 36


 1692 000a 50       		.byte	0x50
 1693 000b 1F000000 		.4byte	.LVL44-1
 1694 000f 22000000 		.4byte	.LVL45
 1695 0013 0400     		.2byte	0x4
 1696 0015 F3       		.byte	0xf3
 1697 0016 01       		.uleb128 0x1
 1698 0017 50       		.byte	0x50
 1699 0018 9F       		.byte	0x9f
 1700 0019 22000000 		.4byte	.LVL45
 1701 001d 25000000 		.4byte	.LVL46-1
 1702 0021 0100     		.2byte	0x1
 1703 0023 50       		.byte	0x50
 1704 0024 25000000 		.4byte	.LVL46-1
 1705 0028 28000000 		.4byte	.LVL47
 1706 002c 0400     		.2byte	0x4
 1707 002e F3       		.byte	0xf3
 1708 002f 01       		.uleb128 0x1
 1709 0030 50       		.byte	0x50
 1710 0031 9F       		.byte	0x9f
 1711 0032 28000000 		.4byte	.LVL47
 1712 0036 2B000000 		.4byte	.LVL48-1
 1713 003a 0100     		.2byte	0x1
 1714 003c 50       		.byte	0x50
 1715 003d 2B000000 		.4byte	.LVL48-1
 1716 0041 2E000000 		.4byte	.LVL49
 1717 0045 0400     		.2byte	0x4
 1718 0047 F3       		.byte	0xf3
 1719 0048 01       		.uleb128 0x1
 1720 0049 50       		.byte	0x50
 1721 004a 9F       		.byte	0x9f
 1722 004b 2E000000 		.4byte	.LVL49
 1723 004f 31000000 		.4byte	.LVL50-1
 1724 0053 0100     		.2byte	0x1
 1725 0055 50       		.byte	0x50
 1726 0056 31000000 		.4byte	.LVL50-1
 1727 005a 34000000 		.4byte	.LVL51
 1728 005e 0400     		.2byte	0x4
 1729 0060 F3       		.byte	0xf3
 1730 0061 01       		.uleb128 0x1
 1731 0062 50       		.byte	0x50
 1732 0063 9F       		.byte	0x9f
 1733 0064 34000000 		.4byte	.LVL51
 1734 0068 37000000 		.4byte	.LVL52-1
 1735 006c 0100     		.2byte	0x1
 1736 006e 50       		.byte	0x50
 1737 006f 37000000 		.4byte	.LVL52-1
 1738 0073 3A000000 		.4byte	.LFE66
 1739 0077 0400     		.2byte	0x4
 1740 0079 F3       		.byte	0xf3
 1741 007a 01       		.uleb128 0x1
 1742 007b 50       		.byte	0x50
 1743 007c 9F       		.byte	0x9f
 1744 007d 00000000 		.4byte	0
 1745 0081 00000000 		.4byte	0
 1746              	.LLST1:
 1747 0085 08000000 		.4byte	.LVL54
 1748 0089 1C000000 		.4byte	.LVL59
ARM GAS  C:\Users\chris\AppData\Local\Temp\ccOkwn3c.s 			page 37


 1749 008d 0100     		.2byte	0x1
 1750 008f 54       		.byte	0x54
 1751 0090 1E000000 		.4byte	.LVL60
 1752 0094 24000000 		.4byte	.LFE65
 1753 0098 0100     		.2byte	0x1
 1754 009a 54       		.byte	0x54
 1755 009b 00000000 		.4byte	0
 1756 009f 00000000 		.4byte	0
 1757              	.LLST2:
 1758 00a3 10000000 		.4byte	.LVL56
 1759 00a7 1E000000 		.4byte	.LVL60
 1760 00ab 0100     		.2byte	0x1
 1761 00ad 55       		.byte	0x55
 1762 00ae 00000000 		.4byte	0
 1763 00b2 00000000 		.4byte	0
 1764              		.section	.debug_aranges,"",%progbits
 1765 0000 5C000000 		.4byte	0x5c
 1766 0004 0200     		.2byte	0x2
 1767 0006 00000000 		.4byte	.Ldebug_info0
 1768 000a 04       		.byte	0x4
 1769 000b 00       		.byte	0
 1770 000c 0000     		.2byte	0
 1771 000e 0000     		.2byte	0
 1772 0010 00000000 		.4byte	.LFB63
 1773 0014 1C000000 		.4byte	.LFE63-.LFB63
 1774 0018 00000000 		.4byte	.LFB64
 1775 001c E4000000 		.4byte	.LFE64-.LFB64
 1776 0020 00000000 		.4byte	.LFB67
 1777 0024 3C000000 		.4byte	.LFE67-.LFB67
 1778 0028 00000000 		.4byte	.LFB68
 1779 002c 38000000 		.4byte	.LFE68-.LFB68
 1780 0030 00000000 		.4byte	.LFB69
 1781 0034 3C000000 		.4byte	.LFE69-.LFB69
 1782 0038 00000000 		.4byte	.LFB70
 1783 003c 3C000000 		.4byte	.LFE70-.LFB70
 1784 0040 00000000 		.4byte	.LFB71
 1785 0044 24000000 		.4byte	.LFE71-.LFB71
 1786 0048 00000000 		.4byte	.LFB66
 1787 004c 3A000000 		.4byte	.LFE66-.LFB66
 1788 0050 00000000 		.4byte	.LFB65
 1789 0054 24000000 		.4byte	.LFE65-.LFB65
 1790 0058 00000000 		.4byte	0
 1791 005c 00000000 		.4byte	0
 1792              		.section	.debug_ranges,"",%progbits
 1793              	.Ldebug_ranges0:
 1794 0000 00000000 		.4byte	.LFB63
 1795 0004 1C000000 		.4byte	.LFE63
 1796 0008 00000000 		.4byte	.LFB64
 1797 000c E4000000 		.4byte	.LFE64
 1798 0010 00000000 		.4byte	.LFB67
 1799 0014 3C000000 		.4byte	.LFE67
 1800 0018 00000000 		.4byte	.LFB68
 1801 001c 38000000 		.4byte	.LFE68
 1802 0020 00000000 		.4byte	.LFB69
 1803 0024 3C000000 		.4byte	.LFE69
 1804 0028 00000000 		.4byte	.LFB70
 1805 002c 3C000000 		.4byte	.LFE70
ARM GAS  C:\Users\chris\AppData\Local\Temp\ccOkwn3c.s 			page 38


 1806 0030 00000000 		.4byte	.LFB71
 1807 0034 24000000 		.4byte	.LFE71
 1808 0038 00000000 		.4byte	.LFB66
 1809 003c 3A000000 		.4byte	.LFE66
 1810 0040 00000000 		.4byte	.LFB65
 1811 0044 24000000 		.4byte	.LFE65
 1812 0048 00000000 		.4byte	0
 1813 004c 00000000 		.4byte	0
 1814              		.section	.debug_line,"",%progbits
 1815              	.Ldebug_line0:
 1816 0000 92020000 		.section	.debug_str,"MS",%progbits,1
 1816      0200AA01 
 1816      00000201 
 1816      FB0E0D00 
 1816      01010101 
 1817              	.LASF36:
 1818 0000 5350495F 		.ascii	"SPI_Slave_ClearFIFO\000"
 1818      536C6176 
 1818      655F436C 
 1818      65617246 
 1818      49464F00 
 1819              	.LASF39:
 1820 0014 6973725F 		.ascii	"isr_uart_rx_StartEx\000"
 1820      75617274 
 1820      5F72785F 
 1820      53746172 
 1820      74457800 
 1821              	.LASF40:
 1822 0028 55415254 		.ascii	"UART_1_Start\000"
 1822      5F315F53 
 1822      74617274 
 1822      00
 1823              	.LASF4:
 1824 0035 5F5F7569 		.ascii	"__uint8_t\000"
 1824      6E74385F 
 1824      7400
 1825              	.LASF30:
 1826 003f 73706565 		.ascii	"speed\000"
 1826      6400
 1827              	.LASF5:
 1828 0045 5F5F696E 		.ascii	"__int32_t\000"
 1828      7433325F 
 1828      7400
 1829              	.LASF21:
 1830 004f 696E6372 		.ascii	"increaseSpeed\000"
 1830      65617365 
 1830      53706565 
 1830      6400
 1831              	.LASF3:
 1832 005d 73686F72 		.ascii	"short unsigned int\000"
 1832      7420756E 
 1832      7369676E 
 1832      65642069 
 1832      6E7400
 1833              	.LASF32:
 1834 0070 72656365 		.ascii	"received\000"
 1834      69766564 
ARM GAS  C:\Users\chris\AppData\Local\Temp\ccOkwn3c.s 			page 39


 1834      00
 1835              	.LASF35:
 1836 0079 5350495F 		.ascii	"SPI_Slave_ClearRxBuffer\000"
 1836      536C6176 
 1836      655F436C 
 1836      65617252 
 1836      78427566 
 1837              	.LASF27:
 1838 0091 62797465 		.ascii	"bytesToRead\000"
 1838      73546F52 
 1838      65616400 
 1839              	.LASF12:
 1840 009d 696E7433 		.ascii	"int32_t\000"
 1840      325F7400 
 1841              	.LASF41:
 1842 00a5 50574D5F 		.ascii	"PWM_M1_Start\000"
 1842      4D315F53 
 1842      74617274 
 1842      00
 1843              	.LASF14:
 1844 00b2 666C6F61 		.ascii	"float\000"
 1844      7400
 1845              	.LASF0:
 1846 00b8 7369676E 		.ascii	"signed char\000"
 1846      65642063 
 1846      68617200 
 1847              	.LASF31:
 1848 00c4 7475726E 		.ascii	"turnspeed\000"
 1848      73706565 
 1848      6400
 1849              	.LASF52:
 1850 00ce 474E5520 		.ascii	"GNU C11 5.4.1 20160609 (release) [ARM/embedded-5-br"
 1850      43313120 
 1850      352E342E 
 1850      31203230 
 1850      31363036 
 1851 0101 616E6368 		.ascii	"anch revision 237715] -mcpu=cortex-m3 -mthumb -g -O"
 1851      20726576 
 1851      6973696F 
 1851      6E203233 
 1851      37373135 
 1852 0134 67202D66 		.ascii	"g -ffunction-sections -ffat-lto-objects\000"
 1852      66756E63 
 1852      74696F6E 
 1852      2D736563 
 1852      74696F6E 
 1853              	.LASF48:
 1854 015c 50574D5F 		.ascii	"PWM_M2_WriteCompare\000"
 1854      4D325F57 
 1854      72697465 
 1854      436F6D70 
 1854      61726500 
 1855              	.LASF26:
 1856 0170 4953525F 		.ascii	"ISR_UART_rx_handler\000"
 1856      55415254 
 1856      5F72785F 
 1856      68616E64 
ARM GAS  C:\Users\chris\AppData\Local\Temp\ccOkwn3c.s 			page 40


 1856      6C657200 
 1857              	.LASF7:
 1858 0184 6C6F6E67 		.ascii	"long unsigned int\000"
 1858      20756E73 
 1858      69676E65 
 1858      6420696E 
 1858      7400
 1859              	.LASF49:
 1860 0196 55415254 		.ascii	"UART_1_ReadRxData\000"
 1860      5F315F52 
 1860      65616452 
 1860      78446174 
 1860      6100
 1861              	.LASF25:
 1862 01a8 68616E64 		.ascii	"handleByteReceived\000"
 1862      6C654279 
 1862      74655265 
 1862      63656976 
 1862      656400
 1863              	.LASF19:
 1864 01bb 4953525F 		.ascii	"ISR_SPI\000"
 1864      53504900 
 1865              	.LASF24:
 1866 01c3 73746F70 		.ascii	"stop\000"
 1866      00
 1867              	.LASF29:
 1868 01c8 49544D5F 		.ascii	"ITM_RxBuffer\000"
 1868      52784275 
 1868      66666572 
 1868      00
 1869              	.LASF1:
 1870 01d5 756E7369 		.ascii	"unsigned char\000"
 1870      676E6564 
 1870      20636861 
 1870      7200
 1871              	.LASF50:
 1872 01e3 55415254 		.ascii	"UART_1_WriteTxData\000"
 1872      5F315F57 
 1872      72697465 
 1872      54784461 
 1872      746100
 1873              	.LASF15:
 1874 01f6 646F7562 		.ascii	"double\000"
 1874      6C6500
 1875              	.LASF55:
 1876 01fd 6D61696E 		.ascii	"main\000"
 1876      00
 1877              	.LASF42:
 1878 0202 50574D5F 		.ascii	"PWM_M2_Start\000"
 1878      4D325F53 
 1878      74617274 
 1878      00
 1879              	.LASF43:
 1880 020f 50696E5F 		.ascii	"Pin_1_H_Write\000"
 1880      315F485F 
 1880      57726974 
 1880      6500
ARM GAS  C:\Users\chris\AppData\Local\Temp\ccOkwn3c.s 			page 41


 1881              	.LASF38:
 1882 021d 55415254 		.ascii	"UART_1_PutChar\000"
 1882      5F315F50 
 1882      75744368 
 1882      617200
 1883              	.LASF10:
 1884 022c 756E7369 		.ascii	"unsigned int\000"
 1884      676E6564 
 1884      20696E74 
 1884      00
 1885              	.LASF22:
 1886 0239 64726976 		.ascii	"driveForwards\000"
 1886      65466F72 
 1886      77617264 
 1886      7300
 1887              	.LASF9:
 1888 0247 6C6F6E67 		.ascii	"long long unsigned int\000"
 1888      206C6F6E 
 1888      6720756E 
 1888      7369676E 
 1888      65642069 
 1889              	.LASF11:
 1890 025e 75696E74 		.ascii	"uint8_t\000"
 1890      385F7400 
 1891              	.LASF51:
 1892 0266 55415254 		.ascii	"UART_1_GetRxBufferSize\000"
 1892      5F315F47 
 1892      65745278 
 1892      42756666 
 1892      65725369 
 1893              	.LASF45:
 1894 027d 5350495F 		.ascii	"SPI_Slave_WriteTxData\000"
 1894      536C6176 
 1894      655F5772 
 1894      69746554 
 1894      78446174 
 1895              	.LASF34:
 1896 0293 5350495F 		.ascii	"SPI_Slave_ReadRxData\000"
 1896      536C6176 
 1896      655F5265 
 1896      61645278 
 1896      44617461 
 1897              	.LASF23:
 1898 02a8 64726976 		.ascii	"driveBackwards\000"
 1898      65426163 
 1898      6B776172 
 1898      647300
 1899              	.LASF18:
 1900 02b7 73697A65 		.ascii	"sizetype\000"
 1900      74797065 
 1900      00
 1901              	.LASF8:
 1902 02c0 6C6F6E67 		.ascii	"long long int\000"
 1902      206C6F6E 
 1902      6720696E 
 1902      7400
 1903              	.LASF53:
ARM GAS  C:\Users\chris\AppData\Local\Temp\ccOkwn3c.s 			page 42


 1904 02ce 6D61696E 		.ascii	"main.c\000"
 1904      2E6300
 1905              	.LASF16:
 1906 02d5 63686172 		.ascii	"char\000"
 1906      00
 1907              	.LASF20:
 1908 02da 64656372 		.ascii	"decreaseSpeed\000"
 1908      65617365 
 1908      53706565 
 1908      6400
 1909              	.LASF33:
 1910 02e8 696E7446 		.ascii	"intFlag\000"
 1910      6C616700 
 1911              	.LASF2:
 1912 02f0 73686F72 		.ascii	"short int\000"
 1912      7420696E 
 1912      7400
 1913              	.LASF47:
 1914 02fa 50574D5F 		.ascii	"PWM_M1_WriteCompare\000"
 1914      4D315F57 
 1914      72697465 
 1914      436F6D70 
 1914      61726500 
 1915              	.LASF13:
 1916 030e 75696E74 		.ascii	"uint8\000"
 1916      3800
 1917              	.LASF46:
 1918 0314 5350495F 		.ascii	"SPI_Slave_ClearTxBuffer\000"
 1918      536C6176 
 1918      655F436C 
 1918      65617254 
 1918      78427566 
 1919              	.LASF6:
 1920 032c 6C6F6E67 		.ascii	"long int\000"
 1920      20696E74 
 1920      00
 1921              	.LASF17:
 1922 0335 6C6F6E67 		.ascii	"long double\000"
 1922      20646F75 
 1922      626C6500 
 1923              	.LASF44:
 1924 0341 50696E5F 		.ascii	"Pin_2_H_Write\000"
 1924      325F485F 
 1924      57726974 
 1924      6500
 1925              	.LASF54:
 1926 034f 433A5C55 		.ascii	"C:\\Users\\chris\\Documents\\3. Semester\\I3GFV\\Mo"
 1926      73657273 
 1926      5C636872 
 1926      69735C44 
 1926      6F63756D 
 1927 037c 746F7263 		.ascii	"torcontrol\\03_DC_Motor_Control\\DC-Motor-PWM.cydsn"
 1927      6F6E7472 
 1927      6F6C5C30 
 1927      335F4443 
 1927      5F4D6F74 
 1928 03ad 00       		.ascii	"\000"
ARM GAS  C:\Users\chris\AppData\Local\Temp\ccOkwn3c.s 			page 43


 1929              	.LASF37:
 1930 03ae 55415254 		.ascii	"UART_1_PutString\000"
 1930      5F315F50 
 1930      75745374 
 1930      72696E67 
 1930      00
 1931              	.LASF28:
 1932 03bf 62797465 		.ascii	"byteReceived\000"
 1932      52656365 
 1932      69766564 
 1932      00
 1933              		.ident	"GCC: (GNU Tools for ARM Embedded Processors) 5.4.1 20160609 (release) [ARM/embedded-5-bran
