ARM GAS  C:\Users\chris\AppData\Local\Temp\cc92DYZj.s 			page 1


   1              		.syntax unified
   2              		.cpu cortex-m3
   3              		.fpu softvfp
   4              		.eabi_attribute 20, 1
   5              		.eabi_attribute 21, 1
   6              		.eabi_attribute 23, 3
   7              		.eabi_attribute 24, 1
   8              		.eabi_attribute 25, 1
   9              		.eabi_attribute 26, 1
  10              		.eabi_attribute 30, 1
  11              		.eabi_attribute 34, 1
  12              		.eabi_attribute 18, 4
  13              		.thumb
  14              		.syntax unified
  15              		.file	"cymetadata.c"
  16              		.text
  17              	.Ltext0:
  18              		.cfi_sections	.debug_frame
  19              		.global	cy_metadata
  20              		.global	cy_meta_flashprotect
  21              		.global	cy_meta_wonvl
  22              		.global	cy_meta_custnvl
  23              		.global	cy_meta_configecc
  24              		.section	.cyconfigecc,"a",%progbits
  25              		.align	2
  26              		.type	cy_meta_configecc, %object
  27              		.size	cy_meta_configecc, 2032
  28              	cy_meta_configecc:
  29 0000 02       		.byte	2
  30 0001 45       		.byte	69
  31 0002 00       		.byte	0
  32 0003 40       		.byte	64
  33 0004 05       		.byte	5
  34 0005 52       		.byte	82
  35 0006 00       		.byte	0
  36 0007 40       		.byte	64
  37 0008 06       		.byte	6
  38 0009 64       		.byte	100
  39 000a 00       		.byte	0
  40 000b 40       		.byte	64
  41 000c 04       		.byte	4
  42 000d 65       		.byte	101
  43 000e 00       		.byte	0
  44 000f 40       		.byte	64
  45 0010 5B       		.byte	91
  46 0011 02       		.byte	2
  47 0012 01       		.byte	1
  48 0013 40       		.byte	64
  49 0014 2F       		.byte	47
  50 0015 03       		.byte	3
  51 0016 01       		.byte	1
  52 0017 40       		.byte	64
  53 0018 49       		.byte	73
  54 0019 04       		.byte	4
  55 001a 01       		.byte	1
  56 001b 40       		.byte	64
  57 001c 3D       		.byte	61
ARM GAS  C:\Users\chris\AppData\Local\Temp\cc92DYZj.s 			page 2


  58 001d 05       		.byte	5
  59 001e 01       		.byte	1
  60 001f 40       		.byte	64
  61 0020 59       		.byte	89
  62 0021 06       		.byte	6
  63 0022 01       		.byte	1
  64 0023 40       		.byte	64
  65 0024 47       		.byte	71
  66 0025 07       		.byte	7
  67 0026 01       		.byte	1
  68 0027 40       		.byte	64
  69 0028 01       		.byte	1
  70 0029 09       		.byte	9
  71 002a 01       		.byte	1
  72 002b 40       		.byte	64
  73 002c 04       		.byte	4
  74 002d 0B       		.byte	11
  75 002e 01       		.byte	1
  76 002f 40       		.byte	64
  77 0030 54       		.byte	84
  78 0031 0C       		.byte	12
  79 0032 01       		.byte	1
  80 0033 40       		.byte	64
  81 0034 2E       		.byte	46
  82 0035 0D       		.byte	13
  83 0036 01       		.byte	1
  84 0037 40       		.byte	64
  85 0038 52       		.byte	82
  86 0039 14       		.byte	20
  87 003a 01       		.byte	1
  88 003b 40       		.byte	64
  89 003c 43       		.byte	67
  90 003d 15       		.byte	21
  91 003e 01       		.byte	1
  92 003f 40       		.byte	64
  93 0040 3E       		.byte	62
  94 0041 16       		.byte	22
  95 0042 01       		.byte	1
  96 0043 40       		.byte	64
  97 0044 4E       		.byte	78
  98 0045 17       		.byte	23
  99 0046 01       		.byte	1
 100 0047 40       		.byte	64
 101 0048 01       		.byte	1
 102 0049 19       		.byte	25
 103 004a 01       		.byte	1
 104 004b 40       		.byte	64
 105 004c 02       		.byte	2
 106 004d 1B       		.byte	27
 107 004e 01       		.byte	1
 108 004f 40       		.byte	64
 109 0050 04       		.byte	4
 110 0051 40       		.byte	64
 111 0052 01       		.byte	1
 112 0053 40       		.byte	64
 113 0054 04       		.byte	4
 114 0055 41       		.byte	65
ARM GAS  C:\Users\chris\AppData\Local\Temp\cc92DYZj.s 			page 3


 115 0056 01       		.byte	1
 116 0057 40       		.byte	64
 117 0058 01       		.byte	1
 118 0059 42       		.byte	66
 119 005a 01       		.byte	1
 120 005b 40       		.byte	64
 121 005c 01       		.byte	1
 122 005d 43       		.byte	67
 123 005e 01       		.byte	1
 124 005f 40       		.byte	64
 125 0060 02       		.byte	2
 126 0061 44       		.byte	68
 127 0062 01       		.byte	1
 128 0063 40       		.byte	64
 129 0064 0B       		.byte	11
 130 0065 45       		.byte	69
 131 0066 01       		.byte	1
 132 0067 40       		.byte	64
 133 0068 02       		.byte	2
 134 0069 46       		.byte	70
 135 006a 01       		.byte	1
 136 006b 40       		.byte	64
 137 006c 02       		.byte	2
 138 006d 47       		.byte	71
 139 006e 01       		.byte	1
 140 006f 40       		.byte	64
 141 0070 02       		.byte	2
 142 0071 48       		.byte	72
 143 0072 01       		.byte	1
 144 0073 40       		.byte	64
 145 0074 0A       		.byte	10
 146 0075 4C       		.byte	76
 147 0076 01       		.byte	1
 148 0077 40       		.byte	64
 149 0078 06       		.byte	6
 150 0079 4D       		.byte	77
 151 007a 01       		.byte	1
 152 007b 40       		.byte	64
 153 007c 0A       		.byte	10
 154 007d 50       		.byte	80
 155 007e 01       		.byte	1
 156 007f 40       		.byte	64
 157 0080 01       		.byte	1
 158 0081 51       		.byte	81
 159 0082 01       		.byte	1
 160 0083 40       		.byte	64
 161 0084 00       		.byte	0
 162 0085 02       		.byte	2
 163 0086 01       		.byte	1
 164 0087 02       		.byte	2
 165 0088 08       		.byte	8
 166 0089 20       		.byte	32
 167 008a 10       		.byte	16
 168 008b 05       		.byte	5
 169 008c 11       		.byte	17
 170 008d 06       		.byte	6
 171 008e 60       		.byte	96
ARM GAS  C:\Users\chris\AppData\Local\Temp\cc92DYZj.s 			page 4


 172 008f 80       		.byte	-128
 173 0090 64       		.byte	100
 174 0091 40       		.byte	64
 175 0092 82       		.byte	-126
 176 0093 0D       		.byte	13
 177 0094 83       		.byte	-125
 178 0095 0D       		.byte	13
 179 0096 85       		.byte	-123
 180 0097 47       		.byte	71
 181 0098 87       		.byte	-121
 182 0099 78       		.byte	120
 183 009a 8C       		.byte	-116
 184 009b 0D       		.byte	13
 185 009c 8D       		.byte	-115
 186 009d 0D       		.byte	13
 187 009e 84       		.byte	-124
 188 009f 72       		.byte	114
 189 00a0 85       		.byte	-123
 190 00a1 0F       		.byte	15
 191 00a2 86       		.byte	-122
 192 00a3 38       		.byte	56
 193 00a4 87       		.byte	-121
 194 00a5 07       		.byte	7
 195 00a6 03       		.byte	3
 196 00a7 01       		.byte	1
 197 00a8 07       		.byte	7
 198 00a9 02       		.byte	2
 199 00aa 0E       		.byte	14
 200 00ab 05       		.byte	5
 201 00ac 16       		.byte	22
 202 00ad 01       		.byte	1
 203 00ae 22       		.byte	34
 204 00af 02       		.byte	2
 205 00b0 25       		.byte	37
 206 00b1 01       		.byte	1
 207 00b2 2B       		.byte	43
 208 00b3 02       		.byte	2
 209 00b4 30       		.byte	48
 210 00b5 01       		.byte	1
 211 00b6 31       		.byte	49
 212 00b7 01       		.byte	1
 213 00b8 32       		.byte	50
 214 00b9 02       		.byte	2
 215 00ba 34       		.byte	52
 216 00bb 04       		.byte	4
 217 00bc 35       		.byte	53
 218 00bd 02       		.byte	2
 219 00be 3F       		.byte	63
 220 00bf 10       		.byte	16
 221 00c0 40       		.byte	64
 222 00c1 20       		.byte	32
 223 00c2 41       		.byte	65
 224 00c3 03       		.byte	3
 225 00c4 45       		.byte	69
 226 00c5 D0       		.byte	-48
 227 00c6 47       		.byte	71
 228 00c7 12       		.byte	18
ARM GAS  C:\Users\chris\AppData\Local\Temp\cc92DYZj.s 			page 5


 229 00c8 48       		.byte	72
 230 00c9 32       		.byte	50
 231 00ca 49       		.byte	73
 232 00cb FF       		.byte	-1
 233 00cc 4A       		.byte	74
 234 00cd FF       		.byte	-1
 235 00ce 4B       		.byte	75
 236 00cf FF       		.byte	-1
 237 00d0 4D       		.byte	77
 238 00d1 A0       		.byte	-96
 239 00d2 4F       		.byte	79
 240 00d3 04       		.byte	4
 241 00d4 50       		.byte	80
 242 00d5 18       		.byte	24
 243 00d6 52       		.byte	82
 244 00d7 80       		.byte	-128
 245 00d8 54       		.byte	84
 246 00d9 05       		.byte	5
 247 00da 58       		.byte	88
 248 00db 04       		.byte	4
 249 00dc 59       		.byte	89
 250 00dd 04       		.byte	4
 251 00de 5A       		.byte	90
 252 00df 04       		.byte	4
 253 00e0 5B       		.byte	91
 254 00e1 04       		.byte	4
 255 00e2 5C       		.byte	92
 256 00e3 55       		.byte	85
 257 00e4 5D       		.byte	93
 258 00e5 55       		.byte	85
 259 00e6 5F       		.byte	95
 260 00e7 01       		.byte	1
 261 00e8 60       		.byte	96
 262 00e9 40       		.byte	64
 263 00ea 62       		.byte	98
 264 00eb C0       		.byte	-64
 265 00ec 64       		.byte	100
 266 00ed 40       		.byte	64
 267 00ee 65       		.byte	101
 268 00ef 40       		.byte	64
 269 00f0 66       		.byte	102
 270 00f1 C0       		.byte	-64
 271 00f2 68       		.byte	104
 272 00f3 C0       		.byte	-64
 273 00f4 6A       		.byte	106
 274 00f5 C0       		.byte	-64
 275 00f6 6C       		.byte	108
 276 00f7 C0       		.byte	-64
 277 00f8 6E       		.byte	110
 278 00f9 C0       		.byte	-64
 279 00fa 83       		.byte	-125
 280 00fb 02       		.byte	2
 281 00fc 8C       		.byte	-116
 282 00fd 02       		.byte	2
 283 00fe 92       		.byte	-110
 284 00ff 02       		.byte	2
 285 0100 93       		.byte	-109
ARM GAS  C:\Users\chris\AppData\Local\Temp\cc92DYZj.s 			page 6


 286 0101 01       		.byte	1
 287 0102 94       		.byte	-108
 288 0103 02       		.byte	2
 289 0104 9A       		.byte	-102
 290 0105 04       		.byte	4
 291 0106 9C       		.byte	-100
 292 0107 01       		.byte	1
 293 0108 9F       		.byte	-97
 294 0109 01       		.byte	1
 295 010a A2       		.byte	-94
 296 010b 01       		.byte	1
 297 010c A6       		.byte	-90
 298 010d 01       		.byte	1
 299 010e AA       		.byte	-86
 300 010f 02       		.byte	2
 301 0110 AE       		.byte	-82
 302 0111 04       		.byte	4
 303 0112 B0       		.byte	-80
 304 0113 01       		.byte	1
 305 0114 B1       		.byte	-79
 306 0115 02       		.byte	2
 307 0116 B2       		.byte	-78
 308 0117 04       		.byte	4
 309 0118 B3       		.byte	-77
 310 0119 01       		.byte	1
 311 011a B4       		.byte	-76
 312 011b 02       		.byte	2
 313 011c B8       		.byte	-72
 314 011d 20       		.byte	32
 315 011e BE       		.byte	-66
 316 011f 05       		.byte	5
 317 0120 C0       		.byte	-64
 318 0121 50       		.byte	80
 319 0122 C1       		.byte	-63
 320 0123 03       		.byte	3
 321 0124 C5       		.byte	-59
 322 0125 D0       		.byte	-48
 323 0126 C6       		.byte	-58
 324 0127 01       		.byte	1
 325 0128 C7       		.byte	-57
 326 0129 02       		.byte	2
 327 012a C8       		.byte	-56
 328 012b 16       		.byte	22
 329 012c C9       		.byte	-55
 330 012d FF       		.byte	-1
 331 012e CA       		.byte	-54
 332 012f FF       		.byte	-1
 333 0130 CB       		.byte	-53
 334 0131 FF       		.byte	-1
 335 0132 CD       		.byte	-51
 336 0133 A0       		.byte	-96
 337 0134 CF       		.byte	-49
 338 0135 04       		.byte	4
 339 0136 D0       		.byte	-48
 340 0137 18       		.byte	24
 341 0138 D2       		.byte	-46
 342 0139 80       		.byte	-128
ARM GAS  C:\Users\chris\AppData\Local\Temp\cc92DYZj.s 			page 7


 343 013a D4       		.byte	-44
 344 013b 05       		.byte	5
 345 013c D8       		.byte	-40
 346 013d 04       		.byte	4
 347 013e D9       		.byte	-39
 348 013f 04       		.byte	4
 349 0140 DA       		.byte	-38
 350 0141 04       		.byte	4
 351 0142 DB       		.byte	-37
 352 0143 04       		.byte	4
 353 0144 DC       		.byte	-36
 354 0145 30       		.byte	48
 355 0146 DD       		.byte	-35
 356 0147 33       		.byte	51
 357 0148 DF       		.byte	-33
 358 0149 01       		.byte	1
 359 014a E0       		.byte	-32
 360 014b 40       		.byte	64
 361 014c E2       		.byte	-30
 362 014d C0       		.byte	-64
 363 014e E4       		.byte	-28
 364 014f 40       		.byte	64
 365 0150 E5       		.byte	-27
 366 0151 40       		.byte	64
 367 0152 E6       		.byte	-26
 368 0153 C0       		.byte	-64
 369 0154 E8       		.byte	-24
 370 0155 C0       		.byte	-64
 371 0156 EA       		.byte	-22
 372 0157 C0       		.byte	-64
 373 0158 EC       		.byte	-20
 374 0159 C0       		.byte	-64
 375 015a EE       		.byte	-18
 376 015b C0       		.byte	-64
 377 015c 00       		.byte	0
 378 015d 80       		.byte	-128
 379 015e 06       		.byte	6
 380 015f 01       		.byte	1
 381 0160 0A       		.byte	10
 382 0161 02       		.byte	2
 383 0162 0B       		.byte	11
 384 0163 68       		.byte	104
 385 0164 0E       		.byte	14
 386 0165 10       		.byte	16
 387 0166 12       		.byte	18
 388 0167 9A       		.byte	-102
 389 0168 16       		.byte	22
 390 0169 80       		.byte	-128
 391 016a 18       		.byte	24
 392 016b 08       		.byte	8
 393 016c 19       		.byte	25
 394 016d 04       		.byte	4
 395 016e 1A       		.byte	26
 396 016f 40       		.byte	64
 397 0170 1E       		.byte	30
 398 0171 14       		.byte	20
 399 0172 1F       		.byte	31
ARM GAS  C:\Users\chris\AppData\Local\Temp\cc92DYZj.s 			page 8


 400 0173 02       		.byte	2
 401 0174 21       		.byte	33
 402 0175 08       		.byte	8
 403 0176 22       		.byte	34
 404 0177 02       		.byte	2
 405 0178 27       		.byte	39
 406 0179 88       		.byte	-120
 407 017a 2C       		.byte	44
 408 017b 04       		.byte	4
 409 017c 2E       		.byte	46
 410 017d 14       		.byte	20
 411 017e 30       		.byte	48
 412 017f 80       		.byte	-128
 413 0180 32       		.byte	50
 414 0181 02       		.byte	2
 415 0182 38       		.byte	56
 416 0183 02       		.byte	2
 417 0184 3D       		.byte	61
 418 0185 0A       		.byte	10
 419 0186 43       		.byte	67
 420 0187 08       		.byte	8
 421 0188 44       		.byte	68
 422 0189 04       		.byte	4
 423 018a 45       		.byte	69
 424 018b 04       		.byte	4
 425 018c 49       		.byte	73
 426 018d 01       		.byte	1
 427 018e 4A       		.byte	74
 428 018f 02       		.byte	2
 429 0190 4F       		.byte	79
 430 0191 01       		.byte	1
 431 0192 50       		.byte	80
 432 0193 C0       		.byte	-64
 433 0194 53       		.byte	83
 434 0195 0C       		.byte	12
 435 0196 55       		.byte	85
 436 0197 05       		.byte	5
 437 0198 56       		.byte	86
 438 0199 01       		.byte	1
 439 019a 59       		.byte	89
 440 019b 45       		.byte	69
 441 019c 5F       		.byte	95
 442 019d 89       		.byte	-119
 443 019e 70       		.byte	112
 444 019f 01       		.byte	1
 445 01a0 76       		.byte	118
 446 01a1 80       		.byte	-128
 447 01a2 85       		.byte	-123
 448 01a3 02       		.byte	2
 449 01a4 8D       		.byte	-115
 450 01a5 08       		.byte	8
 451 01a6 8E       		.byte	-114
 452 01a7 04       		.byte	4
 453 01a8 C0       		.byte	-64
 454 01a9 81       		.byte	-127
 455 01aa C2       		.byte	-62
 456 01ab 2F       		.byte	47
ARM GAS  C:\Users\chris\AppData\Local\Temp\cc92DYZj.s 			page 9


 457 01ac C4       		.byte	-60
 458 01ad 1F       		.byte	31
 459 01ae CA       		.byte	-54
 460 01af 60       		.byte	96
 461 01b0 CC       		.byte	-52
 462 01b1 09       		.byte	9
 463 01b2 CE       		.byte	-50
 464 01b3 C1       		.byte	-63
 465 01b4 D0       		.byte	-48
 466 01b5 62       		.byte	98
 467 01b6 D2       		.byte	-46
 468 01b7 08       		.byte	8
 469 01b8 D6       		.byte	-42
 470 01b9 DB       		.byte	-37
 471 01ba 07       		.byte	7
 472 01bb 02       		.byte	2
 473 01bc 08       		.byte	8
 474 01bd 02       		.byte	2
 475 01be 0B       		.byte	11
 476 01bf 05       		.byte	5
 477 01c0 10       		.byte	16
 478 01c1 01       		.byte	1
 479 01c2 11       		.byte	17
 480 01c3 04       		.byte	4
 481 01c4 1E       		.byte	30
 482 01c5 01       		.byte	1
 483 01c6 23       		.byte	35
 484 01c7 02       		.byte	2
 485 01c8 2A       		.byte	42
 486 01c9 06       		.byte	6
 487 01ca 30       		.byte	48
 488 01cb 01       		.byte	1
 489 01cc 31       		.byte	49
 490 01cd 01       		.byte	1
 491 01ce 32       		.byte	50
 492 01cf 04       		.byte	4
 493 01d0 33       		.byte	51
 494 01d1 04       		.byte	4
 495 01d2 34       		.byte	52
 496 01d3 02       		.byte	2
 497 01d4 35       		.byte	53
 498 01d5 02       		.byte	2
 499 01d6 3E       		.byte	62
 500 01d7 11       		.byte	17
 501 01d8 3F       		.byte	63
 502 01d9 14       		.byte	20
 503 01da 56       		.byte	86
 504 01db 08       		.byte	8
 505 01dc 58       		.byte	88
 506 01dd 04       		.byte	4
 507 01de 59       		.byte	89
 508 01df 04       		.byte	4
 509 01e0 5B       		.byte	91
 510 01e1 04       		.byte	4
 511 01e2 5C       		.byte	92
 512 01e3 11       		.byte	17
 513 01e4 5D       		.byte	93
ARM GAS  C:\Users\chris\AppData\Local\Temp\cc92DYZj.s 			page 10


 514 01e5 10       		.byte	16
 515 01e6 5F       		.byte	95
 516 01e7 01       		.byte	1
 517 01e8 80       		.byte	-128
 518 01e9 04       		.byte	4
 519 01ea 84       		.byte	-124
 520 01eb 08       		.byte	8
 521 01ec 87       		.byte	-121
 522 01ed 20       		.byte	32
 523 01ee 89       		.byte	-119
 524 01ef 10       		.byte	16
 525 01f0 8A       		.byte	-118
 526 01f1 02       		.byte	2
 527 01f2 8B       		.byte	-117
 528 01f3 AC       		.byte	-84
 529 01f4 91       		.byte	-111
 530 01f5 0C       		.byte	12
 531 01f6 93       		.byte	-109
 532 01f7 71       		.byte	113
 533 01f8 94       		.byte	-108
 534 01f9 06       		.byte	6
 535 01fa 95       		.byte	-107
 536 01fb 09       		.byte	9
 537 01fc 97       		.byte	-105
 538 01fd D0       		.byte	-48
 539 01fe 98       		.byte	-104
 540 01ff 01       		.byte	1
 541 0200 9B       		.byte	-101
 542 0201 03       		.byte	3
 543 0202 9E       		.byte	-98
 544 0203 01       		.byte	1
 545 0204 A0       		.byte	-96
 546 0205 06       		.byte	6
 547 0206 A5       		.byte	-91
 548 0207 10       		.byte	16
 549 0208 A7       		.byte	-89
 550 0209 40       		.byte	64
 551 020a A9       		.byte	-87
 552 020b 14       		.byte	20
 553 020c AD       		.byte	-83
 554 020d DC       		.byte	-36
 555 020e AF       		.byte	-81
 556 020f 22       		.byte	34
 557 0210 B2       		.byte	-78
 558 0211 06       		.byte	6
 559 0212 B3       		.byte	-77
 560 0213 1F       		.byte	31
 561 0214 B4       		.byte	-76
 562 0215 08       		.byte	8
 563 0216 B6       		.byte	-74
 564 0217 01       		.byte	1
 565 0218 B7       		.byte	-73
 566 0219 E0       		.byte	-32
 567 021a B8       		.byte	-72
 568 021b 08       		.byte	8
 569 021c BB       		.byte	-69
 570 021d 80       		.byte	-128
ARM GAS  C:\Users\chris\AppData\Local\Temp\cc92DYZj.s 			page 11


 571 021e BE       		.byte	-66
 572 021f 14       		.byte	20
 573 0220 C0       		.byte	-64
 574 0221 62       		.byte	98
 575 0222 C1       		.byte	-63
 576 0223 04       		.byte	4
 577 0224 C5       		.byte	-59
 578 0225 E0       		.byte	-32
 579 0226 C7       		.byte	-57
 580 0227 CB       		.byte	-53
 581 0228 C8       		.byte	-56
 582 0229 32       		.byte	50
 583 022a C9       		.byte	-55
 584 022b FF       		.byte	-1
 585 022c CA       		.byte	-54
 586 022d FF       		.byte	-1
 587 022e CB       		.byte	-53
 588 022f FF       		.byte	-1
 589 0230 CE       		.byte	-50
 590 0231 F0       		.byte	-16
 591 0232 CF       		.byte	-49
 592 0233 44       		.byte	68
 593 0234 D0       		.byte	-48
 594 0235 0C       		.byte	12
 595 0236 D4       		.byte	-44
 596 0237 41       		.byte	65
 597 0238 D8       		.byte	-40
 598 0239 04       		.byte	4
 599 023a D9       		.byte	-39
 600 023b 04       		.byte	4
 601 023c DA       		.byte	-38
 602 023d 04       		.byte	4
 603 023e DB       		.byte	-37
 604 023f 04       		.byte	4
 605 0240 DC       		.byte	-36
 606 0241 03       		.byte	3
 607 0242 DD       		.byte	-35
 608 0243 10       		.byte	16
 609 0244 DF       		.byte	-33
 610 0245 01       		.byte	1
 611 0246 E6       		.byte	-26
 612 0247 C0       		.byte	-64
 613 0248 EA       		.byte	-22
 614 0249 40       		.byte	64
 615 024a EB       		.byte	-21
 616 024b 02       		.byte	2
 617 024c 00       		.byte	0
 618 024d 10       		.byte	16
 619 024e 06       		.byte	6
 620 024f 88       		.byte	-120
 621 0250 07       		.byte	7
 622 0251 50       		.byte	80
 623 0252 0B       		.byte	11
 624 0253 82       		.byte	-126
 625 0254 0C       		.byte	12
 626 0255 80       		.byte	-128
 627 0256 0D       		.byte	13
ARM GAS  C:\Users\chris\AppData\Local\Temp\cc92DYZj.s 			page 12


 628 0257 20       		.byte	32
 629 0258 0E       		.byte	14
 630 0259 10       		.byte	16
 631 025a 0F       		.byte	15
 632 025b 20       		.byte	32
 633 025c 12       		.byte	18
 634 025d 04       		.byte	4
 635 025e 16       		.byte	22
 636 025f 40       		.byte	64
 637 0260 17       		.byte	23
 638 0261 02       		.byte	2
 639 0262 18       		.byte	24
 640 0263 10       		.byte	16
 641 0264 19       		.byte	25
 642 0265 10       		.byte	16
 643 0266 1B       		.byte	27
 644 0267 02       		.byte	2
 645 0268 1D       		.byte	29
 646 0269 48       		.byte	72
 647 026a 1E       		.byte	30
 648 026b 08       		.byte	8
 649 026c 22       		.byte	34
 650 026d 01       		.byte	1
 651 026e 23       		.byte	35
 652 026f 14       		.byte	20
 653 0270 27       		.byte	39
 654 0271 13       		.byte	19
 655 0272 29       		.byte	41
 656 0273 01       		.byte	1
 657 0274 2C       		.byte	44
 658 0275 20       		.byte	32
 659 0276 2E       		.byte	46
 660 0277 80       		.byte	-128
 661 0278 2F       		.byte	47
 662 0279 08       		.byte	8
 663 027a 32       		.byte	50
 664 027b 01       		.byte	1
 665 027c 37       		.byte	55
 666 027d 1A       		.byte	26
 667 027e 38       		.byte	56
 668 027f 08       		.byte	8
 669 0280 3A       		.byte	58
 670 0281 10       		.byte	16
 671 0282 3E       		.byte	62
 672 0283 18       		.byte	24
 673 0284 46       		.byte	70
 674 0285 08       		.byte	8
 675 0286 47       		.byte	71
 676 0287 02       		.byte	2
 677 0288 4F       		.byte	79
 678 0289 21       		.byte	33
 679 028a 57       		.byte	87
 680 028b 09       		.byte	9
 681 028c 5A       		.byte	90
 682 028d A8       		.byte	-88
 683 028e 5C       		.byte	92
 684 028f 08       		.byte	8
ARM GAS  C:\Users\chris\AppData\Local\Temp\cc92DYZj.s 			page 13


 685 0290 5E       		.byte	94
 686 0291 60       		.byte	96
 687 0292 62       		.byte	98
 688 0293 94       		.byte	-108
 689 0294 67       		.byte	103
 690 0295 10       		.byte	16
 691 0296 87       		.byte	-121
 692 0297 02       		.byte	2
 693 0298 90       		.byte	-112
 694 0299 88       		.byte	-120
 695 029a 92       		.byte	-110
 696 029b 40       		.byte	64
 697 029c 96       		.byte	-106
 698 029d 02       		.byte	2
 699 029e 97       		.byte	-105
 700 029f 60       		.byte	96
 701 02a0 9D       		.byte	-99
 702 02a1 40       		.byte	64
 703 02a2 9E       		.byte	-98
 704 02a3 10       		.byte	16
 705 02a4 A0       		.byte	-96
 706 02a5 80       		.byte	-128
 707 02a6 A4       		.byte	-92
 708 02a7 40       		.byte	64
 709 02a8 A5       		.byte	-91
 710 02a9 02       		.byte	2
 711 02aa A6       		.byte	-90
 712 02ab 8C       		.byte	-116
 713 02ac AF       		.byte	-81
 714 02ad 02       		.byte	2
 715 02ae C0       		.byte	-64
 716 02af 72       		.byte	114
 717 02b0 C2       		.byte	-62
 718 02b1 E9       		.byte	-23
 719 02b2 C4       		.byte	-60
 720 02b3 12       		.byte	18
 721 02b4 CA       		.byte	-54
 722 02b5 71       		.byte	113
 723 02b6 CC       		.byte	-52
 724 02b7 E1       		.byte	-31
 725 02b8 CE       		.byte	-50
 726 02b9 66       		.byte	102
 727 02ba D0       		.byte	-48
 728 02bb A0       		.byte	-96
 729 02bc D2       		.byte	-46
 730 02bd 20       		.byte	32
 731 02be D6       		.byte	-42
 732 02bf 7E       		.byte	126
 733 02c0 D8       		.byte	-40
 734 02c1 4E       		.byte	78
 735 02c2 E0       		.byte	-32
 736 02c3 08       		.byte	8
 737 02c4 E8       		.byte	-24
 738 02c5 08       		.byte	8
 739 02c6 05       		.byte	5
 740 02c7 02       		.byte	2
 741 02c8 09       		.byte	9
ARM GAS  C:\Users\chris\AppData\Local\Temp\cc92DYZj.s 			page 14


 742 02c9 01       		.byte	1
 743 02ca 0E       		.byte	14
 744 02cb 01       		.byte	1
 745 02cc 11       		.byte	17
 746 02cd 01       		.byte	1
 747 02ce 1F       		.byte	31
 748 02cf 01       		.byte	1
 749 02d0 34       		.byte	52
 750 02d1 01       		.byte	1
 751 02d2 35       		.byte	53
 752 02d3 03       		.byte	3
 753 02d4 39       		.byte	57
 754 02d5 20       		.byte	32
 755 02d6 40       		.byte	64
 756 02d7 03       		.byte	3
 757 02d8 45       		.byte	69
 758 02d9 04       		.byte	4
 759 02da 49       		.byte	73
 760 02db FF       		.byte	-1
 761 02dc 4A       		.byte	74
 762 02dd 07       		.byte	7
 763 02de 4B       		.byte	75
 764 02df FF       		.byte	-1
 765 02e0 4C       		.byte	76
 766 02e1 40       		.byte	64
 767 02e2 4D       		.byte	77
 768 02e3 20       		.byte	32
 769 02e4 4E       		.byte	78
 770 02e5 F0       		.byte	-16
 771 02e6 4F       		.byte	79
 772 02e7 05       		.byte	5
 773 02e8 50       		.byte	80
 774 02e9 08       		.byte	8
 775 02ea 56       		.byte	86
 776 02eb 08       		.byte	8
 777 02ec 58       		.byte	88
 778 02ed 04       		.byte	4
 779 02ee 59       		.byte	89
 780 02ef 04       		.byte	4
 781 02f0 5A       		.byte	90
 782 02f1 04       		.byte	4
 783 02f2 5B       		.byte	91
 784 02f3 04       		.byte	4
 785 02f4 5C       		.byte	92
 786 02f5 03       		.byte	3
 787 02f6 5D       		.byte	93
 788 02f7 10       		.byte	16
 789 02f8 5F       		.byte	95
 790 02f9 01       		.byte	1
 791 02fa 60       		.byte	96
 792 02fb 40       		.byte	64
 793 02fc 61       		.byte	97
 794 02fd A8       		.byte	-88
 795 02fe 62       		.byte	98
 796 02ff 40       		.byte	64
 797 0300 63       		.byte	99
 798 0301 20       		.byte	32
ARM GAS  C:\Users\chris\AppData\Local\Temp\cc92DYZj.s 			page 15


 799 0302 88       		.byte	-120
 800 0303 07       		.byte	7
 801 0304 89       		.byte	-119
 802 0305 0F       		.byte	15
 803 0306 8B       		.byte	-117
 804 0307 40       		.byte	64
 805 0308 8C       		.byte	-116
 806 0309 07       		.byte	7
 807 030a 8D       		.byte	-115
 808 030b 0D       		.byte	13
 809 030c 8F       		.byte	-113
 810 030d 82       		.byte	-126
 811 030e 90       		.byte	-112
 812 030f 06       		.byte	6
 813 0310 91       		.byte	-111
 814 0311 0F       		.byte	15
 815 0312 92       		.byte	-110
 816 0313 01       		.byte	1
 817 0314 93       		.byte	-109
 818 0315 10       		.byte	16
 819 0316 94       		.byte	-108
 820 0317 01       		.byte	1
 821 0318 96       		.byte	-106
 822 0319 06       		.byte	6
 823 031a 97       		.byte	-105
 824 031b 08       		.byte	8
 825 031c 98       		.byte	-104
 826 031d 02       		.byte	2
 827 031e 99       		.byte	-103
 828 031f 0F       		.byte	15
 829 0320 9B       		.byte	-101
 830 0321 20       		.byte	32
 831 0322 9C       		.byte	-100
 832 0323 04       		.byte	4
 833 0324 9F       		.byte	-97
 834 0325 F0       		.byte	-16
 835 0326 A2       		.byte	-94
 836 0327 01       		.byte	1
 837 0328 A3       		.byte	-93
 838 0329 01       		.byte	1
 839 032a A4       		.byte	-92
 840 032b 08       		.byte	8
 841 032c A8       		.byte	-88
 842 032d 06       		.byte	6
 843 032e B1       		.byte	-79
 844 032f 04       		.byte	4
 845 0330 B3       		.byte	-77
 846 0331 01       		.byte	1
 847 0332 B4       		.byte	-76
 848 0333 07       		.byte	7
 849 0334 B5       		.byte	-75
 850 0335 02       		.byte	2
 851 0336 B6       		.byte	-74
 852 0337 08       		.byte	8
 853 0338 B7       		.byte	-73
 854 0339 F8       		.byte	-8
 855 033a BA       		.byte	-70
ARM GAS  C:\Users\chris\AppData\Local\Temp\cc92DYZj.s 			page 16


 856 033b 02       		.byte	2
 857 033c BE       		.byte	-66
 858 033d 40       		.byte	64
 859 033e BF       		.byte	-65
 860 033f 55       		.byte	85
 861 0340 C0       		.byte	-64
 862 0341 05       		.byte	5
 863 0342 C1       		.byte	-63
 864 0343 03       		.byte	3
 865 0344 C2       		.byte	-62
 866 0345 50       		.byte	80
 867 0346 C4       		.byte	-60
 868 0347 01       		.byte	1
 869 0348 C5       		.byte	-59
 870 0349 0E       		.byte	14
 871 034a C6       		.byte	-58
 872 034b FD       		.byte	-3
 873 034c C7       		.byte	-57
 874 034d BC       		.byte	-68
 875 034e C8       		.byte	-56
 876 034f 3D       		.byte	61
 877 0350 C9       		.byte	-55
 878 0351 FF       		.byte	-1
 879 0352 CA       		.byte	-54
 880 0353 FF       		.byte	-1
 881 0354 CB       		.byte	-53
 882 0355 FF       		.byte	-1
 883 0356 CC       		.byte	-52
 884 0357 22       		.byte	34
 885 0358 CE       		.byte	-50
 886 0359 F0       		.byte	-16
 887 035a CF       		.byte	-49
 888 035b 0C       		.byte	12
 889 035c D0       		.byte	-48
 890 035d 8C       		.byte	-116
 891 035e D1       		.byte	-47
 892 035f 10       		.byte	16
 893 0360 D4       		.byte	-44
 894 0361 20       		.byte	32
 895 0362 D6       		.byte	-42
 896 0363 04       		.byte	4
 897 0364 D8       		.byte	-40
 898 0365 04       		.byte	4
 899 0366 D9       		.byte	-39
 900 0367 04       		.byte	4
 901 0368 DA       		.byte	-38
 902 0369 04       		.byte	4
 903 036a DB       		.byte	-37
 904 036b 04       		.byte	4
 905 036c DD       		.byte	-35
 906 036d 18       		.byte	24
 907 036e DF       		.byte	-33
 908 036f 11       		.byte	17
 909 0370 E8       		.byte	-24
 910 0371 40       		.byte	64
 911 0372 E9       		.byte	-23
 912 0373 01       		.byte	1
ARM GAS  C:\Users\chris\AppData\Local\Temp\cc92DYZj.s 			page 17


 913 0374 EA       		.byte	-22
 914 0375 C0       		.byte	-64
 915 0376 EB       		.byte	-21
 916 0377 01       		.byte	1
 917 0378 00       		.byte	0
 918 0379 40       		.byte	64
 919 037a 02       		.byte	2
 920 037b 08       		.byte	8
 921 037c 04       		.byte	4
 922 037d 80       		.byte	-128
 923 037e 0A       		.byte	10
 924 037f 05       		.byte	5
 925 0380 0B       		.byte	11
 926 0381 60       		.byte	96
 927 0382 10       		.byte	16
 928 0383 40       		.byte	64
 929 0384 12       		.byte	18
 930 0385 10       		.byte	16
 931 0386 13       		.byte	19
 932 0387 10       		.byte	16
 933 0388 18       		.byte	24
 934 0389 40       		.byte	64
 935 038a 19       		.byte	25
 936 038b 40       		.byte	64
 937 038c 1B       		.byte	27
 938 038d 10       		.byte	16
 939 038e 1D       		.byte	29
 940 038f 20       		.byte	32
 941 0390 20       		.byte	32
 942 0391 01       		.byte	1
 943 0392 22       		.byte	34
 944 0393 16       		.byte	22
 945 0394 27       		.byte	39
 946 0395 08       		.byte	8
 947 0396 28       		.byte	40
 948 0397 80       		.byte	-128
 949 0398 2B       		.byte	43
 950 0399 80       		.byte	-128
 951 039a 30       		.byte	48
 952 039b 0C       		.byte	12
 953 039c 31       		.byte	49
 954 039d 80       		.byte	-128
 955 039e 32       		.byte	50
 956 039f 01       		.byte	1
 957 03a0 33       		.byte	51
 958 03a1 10       		.byte	16
 959 03a2 37       		.byte	55
 960 03a3 41       		.byte	65
 961 03a4 39       		.byte	57
 962 03a5 50       		.byte	80
 963 03a6 3C       		.byte	60
 964 03a7 C0       		.byte	-64
 965 03a8 3E       		.byte	62
 966 03a9 18       		.byte	24
 967 03aa 40       		.byte	64
 968 03ab 21       		.byte	33
 969 03ac 45       		.byte	69
ARM GAS  C:\Users\chris\AppData\Local\Temp\cc92DYZj.s 			page 18


 970 03ad 08       		.byte	8
 971 03ae 4A       		.byte	74
 972 03af 12       		.byte	18
 973 03b0 4C       		.byte	76
 974 03b1 20       		.byte	32
 975 03b2 4E       		.byte	78
 976 03b3 20       		.byte	32
 977 03b4 50       		.byte	80
 978 03b5 04       		.byte	4
 979 03b6 52       		.byte	82
 980 03b7 10       		.byte	16
 981 03b8 53       		.byte	83
 982 03b9 81       		.byte	-127
 983 03ba 56       		.byte	86
 984 03bb 08       		.byte	8
 985 03bc 58       		.byte	88
 986 03bd 01       		.byte	1
 987 03be 5C       		.byte	92
 988 03bf 80       		.byte	-128
 989 03c0 61       		.byte	97
 990 03c1 52       		.byte	82
 991 03c2 62       		.byte	98
 992 03c3 04       		.byte	4
 993 03c4 66       		.byte	102
 994 03c5 80       		.byte	-128
 995 03c6 7B       		.byte	123
 996 03c7 08       		.byte	8
 997 03c8 82       		.byte	-126
 998 03c9 84       		.byte	-124
 999 03ca 84       		.byte	-124
 1000 03cb 08       		.byte	8
 1001 03cc 90       		.byte	-112
 1002 03cd 80       		.byte	-128
 1003 03ce 93       		.byte	-109
 1004 03cf 05       		.byte	5
 1005 03d0 96       		.byte	-106
 1006 03d1 B8       		.byte	-72
 1007 03d2 97       		.byte	-105
 1008 03d3 E2       		.byte	-30
 1009 03d4 99       		.byte	-103
 1010 03d5 10       		.byte	16
 1011 03d6 9A       		.byte	-102
 1012 03d7 40       		.byte	64
 1013 03d8 9B       		.byte	-101
 1014 03d9 01       		.byte	1
 1015 03da 9D       		.byte	-99
 1016 03db 01       		.byte	1
 1017 03dc 9E       		.byte	-98
 1018 03dd 08       		.byte	8
 1019 03de 9F       		.byte	-97
 1020 03df 48       		.byte	72
 1021 03e0 A1       		.byte	-95
 1022 03e1 08       		.byte	8
 1023 03e2 A3       		.byte	-93
 1024 03e3 01       		.byte	1
 1025 03e4 A4       		.byte	-92
 1026 03e5 60       		.byte	96
ARM GAS  C:\Users\chris\AppData\Local\Temp\cc92DYZj.s 			page 19


 1027 03e6 A5       		.byte	-91
 1028 03e7 22       		.byte	34
 1029 03e8 A6       		.byte	-90
 1030 03e9 18       		.byte	24
 1031 03ea B0       		.byte	-80
 1032 03eb 08       		.byte	8
 1033 03ec B2       		.byte	-78
 1034 03ed 80       		.byte	-128
 1035 03ee C0       		.byte	-64
 1036 03ef 83       		.byte	-125
 1037 03f0 C2       		.byte	-62
 1038 03f1 0F       		.byte	15
 1039 03f2 C4       		.byte	-60
 1040 03f3 0E       		.byte	14
 1041 03f4 CA       		.byte	-54
 1042 03f5 01       		.byte	1
 1043 03f6 CC       		.byte	-52
 1044 03f7 9F       		.byte	-97
 1045 03f8 CE       		.byte	-50
 1046 03f9 6C       		.byte	108
 1047 03fa D0       		.byte	-48
 1048 03fb 4A       		.byte	74
 1049 03fc D2       		.byte	-46
 1050 03fd 08       		.byte	8
 1051 03fe D6       		.byte	-42
 1052 03ff 11       		.byte	17
 1053 0400 D8       		.byte	-40
 1054 0401 1F       		.byte	31
 1055 0402 DE       		.byte	-34
 1056 0403 04       		.byte	4
 1057 0404 E2       		.byte	-30
 1058 0405 02       		.byte	2
 1059 0406 E2       		.byte	-30
 1060 0407 02       		.byte	2
 1061 0408 B4       		.byte	-76
 1062 0409 40       		.byte	64
 1063 040a B5       		.byte	-75
 1064 040b 10       		.byte	16
 1065 040c E0       		.byte	-32
 1066 040d 08       		.byte	8
 1067 040e E8       		.byte	-24
 1068 040f 08       		.byte	8
 1069 0410 0F       		.byte	15
 1070 0411 01       		.byte	1
 1071 0412 16       		.byte	22
 1072 0413 04       		.byte	4
 1073 0414 1A       		.byte	26
 1074 0415 07       		.byte	7
 1075 0416 1C       		.byte	28
 1076 0417 01       		.byte	1
 1077 0418 2B       		.byte	43
 1078 0419 01       		.byte	1
 1079 041a 2E       		.byte	46
 1080 041b 08       		.byte	8
 1081 041c 30       		.byte	48
 1082 041d 04       		.byte	4
 1083 041e 32       		.byte	50
ARM GAS  C:\Users\chris\AppData\Local\Temp\cc92DYZj.s 			page 20


 1084 041f 08       		.byte	8
 1085 0420 34       		.byte	52
 1086 0421 01       		.byte	1
 1087 0422 35       		.byte	53
 1088 0423 01       		.byte	1
 1089 0424 36       		.byte	54
 1090 0425 02       		.byte	2
 1091 0426 3F       		.byte	63
 1092 0427 10       		.byte	16
 1093 0428 40       		.byte	64
 1094 0429 30       		.byte	48
 1095 042a 41       		.byte	65
 1096 042b 05       		.byte	5
 1097 042c 45       		.byte	69
 1098 042d D1       		.byte	-47
 1099 042e 46       		.byte	70
 1100 042f 02       		.byte	2
 1101 0430 48       		.byte	72
 1102 0431 07       		.byte	7
 1103 0432 49       		.byte	73
 1104 0433 FF       		.byte	-1
 1105 0434 4A       		.byte	74
 1106 0435 FF       		.byte	-1
 1107 0436 4B       		.byte	75
 1108 0437 FF       		.byte	-1
 1109 0438 4D       		.byte	77
 1110 0439 A0       		.byte	-96
 1111 043a 4F       		.byte	79
 1112 043b 04       		.byte	4
 1113 043c 50       		.byte	80
 1114 043d 18       		.byte	24
 1115 043e 52       		.byte	82
 1116 043f 80       		.byte	-128
 1117 0440 54       		.byte	84
 1118 0441 05       		.byte	5
 1119 0442 58       		.byte	88
 1120 0443 04       		.byte	4
 1121 0444 59       		.byte	89
 1122 0445 04       		.byte	4
 1123 0446 5A       		.byte	90
 1124 0447 04       		.byte	4
 1125 0448 5B       		.byte	91
 1126 0449 04       		.byte	4
 1127 044a 5C       		.byte	92
 1128 044b 04       		.byte	4
 1129 044c 5D       		.byte	93
 1130 044d 44       		.byte	68
 1131 044e 5F       		.byte	95
 1132 044f 01       		.byte	1
 1133 0450 60       		.byte	96
 1134 0451 40       		.byte	64
 1135 0452 62       		.byte	98
 1136 0453 C0       		.byte	-64
 1137 0454 64       		.byte	100
 1138 0455 40       		.byte	64
 1139 0456 65       		.byte	101
 1140 0457 40       		.byte	64
ARM GAS  C:\Users\chris\AppData\Local\Temp\cc92DYZj.s 			page 21


 1141 0458 66       		.byte	102
 1142 0459 C0       		.byte	-64
 1143 045a 68       		.byte	104
 1144 045b C0       		.byte	-64
 1145 045c 6A       		.byte	106
 1146 045d C0       		.byte	-64
 1147 045e 6C       		.byte	108
 1148 045f C0       		.byte	-64
 1149 0460 6E       		.byte	110
 1150 0461 C0       		.byte	-64
 1151 0462 85       		.byte	-123
 1152 0463 02       		.byte	2
 1153 0464 8B       		.byte	-117
 1154 0465 02       		.byte	2
 1155 0466 8E       		.byte	-114
 1156 0467 02       		.byte	2
 1157 0468 92       		.byte	-110
 1158 0469 04       		.byte	4
 1159 046a 93       		.byte	-109
 1160 046b 01       		.byte	1
 1161 046c 96       		.byte	-106
 1162 046d 03       		.byte	3
 1163 046e 97       		.byte	-105
 1164 046f 01       		.byte	1
 1165 0470 B0       		.byte	-80
 1166 0471 04       		.byte	4
 1167 0472 B3       		.byte	-77
 1168 0473 01       		.byte	1
 1169 0474 B4       		.byte	-76
 1170 0475 01       		.byte	1
 1171 0476 B6       		.byte	-74
 1172 0477 02       		.byte	2
 1173 0478 B7       		.byte	-73
 1174 0479 02       		.byte	2
 1175 047a BF       		.byte	-65
 1176 047b 04       		.byte	4
 1177 047c C0       		.byte	-64
 1178 047d 40       		.byte	64
 1179 047e C1       		.byte	-63
 1180 047f 06       		.byte	6
 1181 0480 C5       		.byte	-59
 1182 0481 D0       		.byte	-48
 1183 0482 C6       		.byte	-58
 1184 0483 10       		.byte	16
 1185 0484 C7       		.byte	-57
 1186 0485 02       		.byte	2
 1187 0486 C8       		.byte	-56
 1188 0487 1A       		.byte	26
 1189 0488 C9       		.byte	-55
 1190 0489 FF       		.byte	-1
 1191 048a CA       		.byte	-54
 1192 048b FF       		.byte	-1
 1193 048c CB       		.byte	-53
 1194 048d FF       		.byte	-1
 1195 048e CD       		.byte	-51
 1196 048f A0       		.byte	-96
 1197 0490 CF       		.byte	-49
ARM GAS  C:\Users\chris\AppData\Local\Temp\cc92DYZj.s 			page 22


 1198 0491 04       		.byte	4
 1199 0492 D0       		.byte	-48
 1200 0493 18       		.byte	24
 1201 0494 D2       		.byte	-46
 1202 0495 80       		.byte	-128
 1203 0496 D4       		.byte	-44
 1204 0497 05       		.byte	5
 1205 0498 D8       		.byte	-40
 1206 0499 04       		.byte	4
 1207 049a D9       		.byte	-39
 1208 049b 04       		.byte	4
 1209 049c DA       		.byte	-38
 1210 049d 04       		.byte	4
 1211 049e DB       		.byte	-37
 1212 049f 04       		.byte	4
 1213 04a0 DC       		.byte	-36
 1214 04a1 22       		.byte	34
 1215 04a2 DD       		.byte	-35
 1216 04a3 22       		.byte	34
 1217 04a4 DF       		.byte	-33
 1218 04a5 01       		.byte	1
 1219 04a6 E0       		.byte	-32
 1220 04a7 40       		.byte	64
 1221 04a8 E2       		.byte	-30
 1222 04a9 C0       		.byte	-64
 1223 04aa E4       		.byte	-28
 1224 04ab 40       		.byte	64
 1225 04ac E5       		.byte	-27
 1226 04ad 40       		.byte	64
 1227 04ae E6       		.byte	-26
 1228 04af C0       		.byte	-64
 1229 04b0 E8       		.byte	-24
 1230 04b1 C0       		.byte	-64
 1231 04b2 EA       		.byte	-22
 1232 04b3 C0       		.byte	-64
 1233 04b4 EC       		.byte	-20
 1234 04b5 C0       		.byte	-64
 1235 04b6 EE       		.byte	-18
 1236 04b7 C0       		.byte	-64
 1237 04b8 03       		.byte	3
 1238 04b9 02       		.byte	2
 1239 04ba 09       		.byte	9
 1240 04bb 02       		.byte	2
 1241 04bc 0B       		.byte	11
 1242 04bd 20       		.byte	32
 1243 04be 0D       		.byte	13
 1244 04bf 88       		.byte	-120
 1245 04c0 0F       		.byte	15
 1246 04c1 08       		.byte	8
 1247 04c2 17       		.byte	23
 1248 04c3 80       		.byte	-128
 1249 04c4 18       		.byte	24
 1250 04c5 04       		.byte	4
 1251 04c6 1A       		.byte	26
 1252 04c7 01       		.byte	1
 1253 04c8 1B       		.byte	27
 1254 04c9 02       		.byte	2
ARM GAS  C:\Users\chris\AppData\Local\Temp\cc92DYZj.s 			page 23


 1255 04ca 1D       		.byte	29
 1256 04cb 98       		.byte	-104
 1257 04cc 1F       		.byte	31
 1258 04cd 09       		.byte	9
 1259 04ce 22       		.byte	34
 1260 04cf 44       		.byte	68
 1261 04d0 27       		.byte	39
 1262 04d1 08       		.byte	8
 1263 04d2 2F       		.byte	47
 1264 04d3 08       		.byte	8
 1265 04d4 32       		.byte	50
 1266 04d5 08       		.byte	8
 1267 04d6 33       		.byte	51
 1268 04d7 02       		.byte	2
 1269 04d8 38       		.byte	56
 1270 04d9 04       		.byte	4
 1271 04da 3B       		.byte	59
 1272 04db 20       		.byte	32
 1273 04dc 3F       		.byte	63
 1274 04dd 80       		.byte	-128
 1275 04de 43       		.byte	67
 1276 04df 02       		.byte	2
 1277 04e0 45       		.byte	69
 1278 04e1 08       		.byte	8
 1279 04e2 49       		.byte	73
 1280 04e3 02       		.byte	2
 1281 04e4 4A       		.byte	74
 1282 04e5 08       		.byte	8
 1283 04e6 4F       		.byte	79
 1284 04e7 89       		.byte	-119
 1285 04e8 52       		.byte	82
 1286 04e9 08       		.byte	8
 1287 04ea 53       		.byte	83
 1288 04eb 10       		.byte	16
 1289 04ec 57       		.byte	87
 1290 04ed 40       		.byte	64
 1291 04ee 59       		.byte	89
 1292 04ef 02       		.byte	2
 1293 04f0 5A       		.byte	90
 1294 04f1 88       		.byte	-120
 1295 04f2 5C       		.byte	92
 1296 04f3 40       		.byte	64
 1297 04f4 5F       		.byte	95
 1298 04f5 09       		.byte	9
 1299 04f6 71       		.byte	113
 1300 04f7 02       		.byte	2
 1301 04f8 77       		.byte	119
 1302 04f9 80       		.byte	-128
 1303 04fa 83       		.byte	-125
 1304 04fb 01       		.byte	1
 1305 04fc 8A       		.byte	-118
 1306 04fd 01       		.byte	1
 1307 04fe C0       		.byte	-64
 1308 04ff 01       		.byte	1
 1309 0500 C2       		.byte	-62
 1310 0501 EC       		.byte	-20
 1311 0502 C4       		.byte	-60
ARM GAS  C:\Users\chris\AppData\Local\Temp\cc92DYZj.s 			page 24


 1312 0503 80       		.byte	-128
 1313 0504 CA       		.byte	-54
 1314 0505 20       		.byte	32
 1315 0506 CC       		.byte	-52
 1316 0507 03       		.byte	3
 1317 0508 CE       		.byte	-50
 1318 0509 16       		.byte	22
 1319 050a D0       		.byte	-48
 1320 050b 41       		.byte	65
 1321 050c D2       		.byte	-46
 1322 050d 14       		.byte	20
 1323 050e D6       		.byte	-42
 1324 050f DB       		.byte	-37
 1325 0510 E0       		.byte	-32
 1326 0511 40       		.byte	64
 1327 0512 E4       		.byte	-28
 1328 0513 14       		.byte	20
 1329 0514 04       		.byte	4
 1330 0515 0E       		.byte	14
 1331 0516 08       		.byte	8
 1332 0517 0E       		.byte	14
 1333 0518 09       		.byte	9
 1334 0519 02       		.byte	2
 1335 051a 0B       		.byte	11
 1336 051b 09       		.byte	9
 1337 051c 0D       		.byte	13
 1338 051d 10       		.byte	16
 1339 051e 14       		.byte	20
 1340 051f 08       		.byte	8
 1341 0520 15       		.byte	21
 1342 0521 13       		.byte	19
 1343 0522 16       		.byte	22
 1344 0523 02       		.byte	2
 1345 0524 18       		.byte	24
 1346 0525 02       		.byte	2
 1347 0526 19       		.byte	25
 1348 0527 13       		.byte	19
 1349 0528 1A       		.byte	26
 1350 0529 0C       		.byte	12
 1351 052a 24       		.byte	36
 1352 052b 04       		.byte	4
 1353 052c 25       		.byte	37
 1354 052d 01       		.byte	1
 1355 052e 26       		.byte	38
 1356 052f 03       		.byte	3
 1357 0530 27       		.byte	39
 1358 0531 0A       		.byte	10
 1359 0532 2B       		.byte	43
 1360 0533 04       		.byte	4
 1361 0534 31       		.byte	49
 1362 0535 10       		.byte	16
 1363 0536 32       		.byte	50
 1364 0537 01       		.byte	1
 1365 0538 33       		.byte	51
 1366 0539 0C       		.byte	12
 1367 053a 34       		.byte	52
 1368 053b 0E       		.byte	14
ARM GAS  C:\Users\chris\AppData\Local\Temp\cc92DYZj.s 			page 25


 1369 053c 35       		.byte	53
 1370 053d 03       		.byte	3
 1371 053e 3F       		.byte	63
 1372 053f 04       		.byte	4
 1373 0540 40       		.byte	64
 1374 0541 25       		.byte	37
 1375 0542 41       		.byte	65
 1376 0543 04       		.byte	4
 1377 0544 42       		.byte	66
 1378 0545 03       		.byte	3
 1379 0546 44       		.byte	68
 1380 0547 06       		.byte	6
 1381 0548 45       		.byte	69
 1382 0549 E0       		.byte	-32
 1383 054a 47       		.byte	71
 1384 054b 0C       		.byte	12
 1385 054c 48       		.byte	72
 1386 054d 12       		.byte	18
 1387 054e 49       		.byte	73
 1388 054f FF       		.byte	-1
 1389 0550 4A       		.byte	74
 1390 0551 FF       		.byte	-1
 1391 0552 4B       		.byte	75
 1392 0553 FF       		.byte	-1
 1393 0554 4C       		.byte	76
 1394 0555 62       		.byte	98
 1395 0556 4D       		.byte	77
 1396 0557 A0       		.byte	-96
 1397 0558 4E       		.byte	78
 1398 0559 F0       		.byte	-16
 1399 055a 4F       		.byte	79
 1400 055b 41       		.byte	65
 1401 055c 50       		.byte	80
 1402 055d 0C       		.byte	12
 1403 055e 56       		.byte	86
 1404 055f 02       		.byte	2
 1405 0560 57       		.byte	87
 1406 0561 13       		.byte	19
 1407 0562 58       		.byte	88
 1408 0563 04       		.byte	4
 1409 0564 59       		.byte	89
 1410 0565 04       		.byte	4
 1411 0566 5A       		.byte	90
 1412 0567 04       		.byte	4
 1413 0568 5B       		.byte	91
 1414 0569 04       		.byte	4
 1415 056a 5F       		.byte	95
 1416 056b 01       		.byte	1
 1417 056c 66       		.byte	102
 1418 056d 40       		.byte	64
 1419 056e 67       		.byte	103
 1420 056f 02       		.byte	2
 1421 0570 69       		.byte	105
 1422 0571 10       		.byte	16
 1423 0572 6A       		.byte	106
 1424 0573 30       		.byte	48
 1425 0574 6B       		.byte	107
ARM GAS  C:\Users\chris\AppData\Local\Temp\cc92DYZj.s 			page 26


 1426 0575 10       		.byte	16
 1427 0576 6D       		.byte	109
 1428 0577 10       		.byte	16
 1429 0578 6E       		.byte	110
 1430 0579 10       		.byte	16
 1431 057a 6F       		.byte	111
 1432 057b 12       		.byte	18
 1433 057c 80       		.byte	-128
 1434 057d 14       		.byte	20
 1435 057e 82       		.byte	-126
 1436 057f 09       		.byte	9
 1437 0580 87       		.byte	-121
 1438 0581 03       		.byte	3
 1439 0582 89       		.byte	-119
 1440 0583 01       		.byte	1
 1441 0584 8A       		.byte	-118
 1442 0585 0B       		.byte	11
 1443 0586 8B       		.byte	-117
 1444 0587 06       		.byte	6
 1445 0588 94       		.byte	-108
 1446 0589 07       		.byte	7
 1447 058a 96       		.byte	-106
 1448 058b 18       		.byte	24
 1449 058c 97       		.byte	-105
 1450 058d 0C       		.byte	12
 1451 058e 9B       		.byte	-101
 1452 058f 08       		.byte	8
 1453 0590 9C       		.byte	-100
 1454 0591 06       		.byte	6
 1455 0592 9D       		.byte	-99
 1456 0593 0C       		.byte	12
 1457 0594 9E       		.byte	-98
 1458 0595 09       		.byte	9
 1459 0596 9F       		.byte	-97
 1460 0597 03       		.byte	3
 1461 0598 A0       		.byte	-96
 1462 0599 07       		.byte	7
 1463 059a A2       		.byte	-94
 1464 059b 08       		.byte	8
 1465 059c A6       		.byte	-90
 1466 059d 10       		.byte	16
 1467 059e AD       		.byte	-83
 1468 059f 01       		.byte	1
 1469 05a0 AF       		.byte	-81
 1470 05a1 0E       		.byte	14
 1471 05a2 B0       		.byte	-80
 1472 05a3 01       		.byte	1
 1473 05a4 B1       		.byte	-79
 1474 05a5 0F       		.byte	15
 1475 05a6 B2       		.byte	-78
 1476 05a7 1E       		.byte	30
 1477 05a8 BA       		.byte	-70
 1478 05a9 08       		.byte	8
 1479 05aa BB       		.byte	-69
 1480 05ab 02       		.byte	2
 1481 05ac BE       		.byte	-66
 1482 05ad 01       		.byte	1
ARM GAS  C:\Users\chris\AppData\Local\Temp\cc92DYZj.s 			page 27


 1483 05ae D4       		.byte	-44
 1484 05af 01       		.byte	1
 1485 05b0 D8       		.byte	-40
 1486 05b1 04       		.byte	4
 1487 05b2 D9       		.byte	-39
 1488 05b3 04       		.byte	4
 1489 05b4 DB       		.byte	-37
 1490 05b5 04       		.byte	4
 1491 05b6 DF       		.byte	-33
 1492 05b7 01       		.byte	1
 1493 05b8 03       		.byte	3
 1494 05b9 14       		.byte	20
 1495 05ba 06       		.byte	6
 1496 05bb 08       		.byte	8
 1497 05bc 07       		.byte	7
 1498 05bd 40       		.byte	64
 1499 05be 0A       		.byte	10
 1500 05bf 28       		.byte	40
 1501 05c0 0E       		.byte	14
 1502 05c1 10       		.byte	16
 1503 05c2 0F       		.byte	15
 1504 05c3 02       		.byte	2
 1505 05c4 10       		.byte	16
 1506 05c5 10       		.byte	16
 1507 05c6 16       		.byte	22
 1508 05c7 C0       		.byte	-64
 1509 05c8 17       		.byte	23
 1510 05c9 08       		.byte	8
 1511 05ca 19       		.byte	25
 1512 05cb 38       		.byte	56
 1513 05cc 1A       		.byte	26
 1514 05cd 08       		.byte	8
 1515 05ce 1E       		.byte	30
 1516 05cf 50       		.byte	80
 1517 05d0 21       		.byte	33
 1518 05d1 10       		.byte	16
 1519 05d2 22       		.byte	34
 1520 05d3 1A       		.byte	26
 1521 05d4 27       		.byte	39
 1522 05d5 40       		.byte	64
 1523 05d6 28       		.byte	40
 1524 05d7 10       		.byte	16
 1525 05d8 29       		.byte	41
 1526 05d9 10       		.byte	16
 1527 05da 2E       		.byte	46
 1528 05db 80       		.byte	-128
 1529 05dc 33       		.byte	51
 1530 05dd 14       		.byte	20
 1531 05de 36       		.byte	54
 1532 05df 20       		.byte	32
 1533 05e0 37       		.byte	55
 1534 05e1 48       		.byte	72
 1535 05e2 39       		.byte	57
 1536 05e3 60       		.byte	96
 1537 05e4 3E       		.byte	62
 1538 05e5 18       		.byte	24
 1539 05e6 40       		.byte	64
ARM GAS  C:\Users\chris\AppData\Local\Temp\cc92DYZj.s 			page 28


 1540 05e7 44       		.byte	68
 1541 05e8 42       		.byte	66
 1542 05e9 20       		.byte	32
 1543 05ea 49       		.byte	73
 1544 05eb 01       		.byte	1
 1545 05ec 4A       		.byte	74
 1546 05ed 0A       		.byte	10
 1547 05ee 53       		.byte	83
 1548 05ef 04       		.byte	4
 1549 05f0 59       		.byte	89
 1550 05f1 02       		.byte	2
 1551 05f2 5D       		.byte	93
 1552 05f3 10       		.byte	16
 1553 05f4 5E       		.byte	94
 1554 05f5 48       		.byte	72
 1555 05f6 5F       		.byte	95
 1556 05f7 01       		.byte	1
 1557 05f8 69       		.byte	105
 1558 05f9 40       		.byte	64
 1559 05fa 6B       		.byte	107
 1560 05fb 14       		.byte	20
 1561 05fc 70       		.byte	112
 1562 05fd 80       		.byte	-128
 1563 05fe 72       		.byte	114
 1564 05ff 05       		.byte	5
 1565 0600 73       		.byte	115
 1566 0601 10       		.byte	16
 1567 0602 78       		.byte	120
 1568 0603 40       		.byte	64
 1569 0604 7A       		.byte	122
 1570 0605 02       		.byte	2
 1571 0606 88       		.byte	-120
 1572 0607 12       		.byte	18
 1573 0608 89       		.byte	-119
 1574 0609 10       		.byte	16
 1575 060a 8B       		.byte	-117
 1576 060b 01       		.byte	1
 1577 060c 90       		.byte	-112
 1578 060d 44       		.byte	68
 1579 060e 93       		.byte	-109
 1580 060f 01       		.byte	1
 1581 0610 96       		.byte	-106
 1582 0611 35       		.byte	53
 1583 0612 97       		.byte	-105
 1584 0613 18       		.byte	24
 1585 0614 99       		.byte	-103
 1586 0615 02       		.byte	2
 1587 0616 9A       		.byte	-102
 1588 0617 68       		.byte	104
 1589 0618 9B       		.byte	-101
 1590 0619 08       		.byte	8
 1591 061a 9C       		.byte	-100
 1592 061b 52       		.byte	82
 1593 061c 9D       		.byte	-99
 1594 061d 29       		.byte	41
 1595 061e 9F       		.byte	-97
 1596 061f 40       		.byte	64
ARM GAS  C:\Users\chris\AppData\Local\Temp\cc92DYZj.s 			page 29


 1597 0620 A2       		.byte	-94
 1598 0621 24       		.byte	36
 1599 0622 A3       		.byte	-93
 1600 0623 01       		.byte	1
 1601 0624 A4       		.byte	-92
 1602 0625 80       		.byte	-128
 1603 0626 AE       		.byte	-82
 1604 0627 04       		.byte	4
 1605 0628 AF       		.byte	-81
 1606 0629 01       		.byte	1
 1607 062a B7       		.byte	-73
 1608 062b 08       		.byte	8
 1609 062c C0       		.byte	-64
 1610 062d 56       		.byte	86
 1611 062e C2       		.byte	-62
 1612 062f A6       		.byte	-90
 1613 0630 C4       		.byte	-60
 1614 0631 34       		.byte	52
 1615 0632 CA       		.byte	-54
 1616 0633 16       		.byte	22
 1617 0634 CC       		.byte	-52
 1618 0635 76       		.byte	118
 1619 0636 CE       		.byte	-50
 1620 0637 6C       		.byte	108
 1621 0638 D0       		.byte	-48
 1622 0639 07       		.byte	7
 1623 063a D2       		.byte	-46
 1624 063b 0C       		.byte	12
 1625 063c D6       		.byte	-42
 1626 063d F1       		.byte	-15
 1627 063e 0B       		.byte	11
 1628 063f 02       		.byte	2
 1629 0640 17       		.byte	23
 1630 0641 01       		.byte	1
 1631 0642 1C       		.byte	28
 1632 0643 01       		.byte	1
 1633 0644 2B       		.byte	43
 1634 0645 02       		.byte	2
 1635 0646 31       		.byte	49
 1636 0647 02       		.byte	2
 1637 0648 34       		.byte	52
 1638 0649 01       		.byte	1
 1639 064a 37       		.byte	55
 1640 064b 01       		.byte	1
 1641 064c 3E       		.byte	62
 1642 064d 10       		.byte	16
 1643 064e 3F       		.byte	63
 1644 064f 01       		.byte	1
 1645 0650 54       		.byte	84
 1646 0651 18       		.byte	24
 1647 0652 56       		.byte	86
 1648 0653 04       		.byte	4
 1649 0654 58       		.byte	88
 1650 0655 04       		.byte	4
 1651 0656 59       		.byte	89
 1652 0657 24       		.byte	36
 1653 0658 5B       		.byte	91
ARM GAS  C:\Users\chris\AppData\Local\Temp\cc92DYZj.s 			page 30


 1654 0659 04       		.byte	4
 1655 065a 5C       		.byte	92
 1656 065b 80       		.byte	-128
 1657 065c 5F       		.byte	95
 1658 065d 11       		.byte	17
 1659 065e 80       		.byte	-128
 1660 065f 1C       		.byte	28
 1661 0660 81       		.byte	-127
 1662 0661 1C       		.byte	28
 1663 0662 82       		.byte	-126
 1664 0663 03       		.byte	3
 1665 0664 83       		.byte	-125
 1666 0665 E1       		.byte	-31
 1667 0666 84       		.byte	-124
 1668 0667 13       		.byte	19
 1669 0668 85       		.byte	-123
 1670 0669 E7       		.byte	-25
 1671 066a 86       		.byte	-122
 1672 066b 0C       		.byte	12
 1673 066c 87       		.byte	-121
 1674 066d 18       		.byte	24
 1675 066e 88       		.byte	-120
 1676 066f 03       		.byte	3
 1677 0670 89       		.byte	-119
 1678 0671 18       		.byte	24
 1679 0672 8C       		.byte	-116
 1680 0673 1F       		.byte	31
 1681 0674 8D       		.byte	-115
 1682 0675 FF       		.byte	-1
 1683 0676 90       		.byte	-112
 1684 0677 20       		.byte	32
 1685 0678 91       		.byte	-111
 1686 0679 08       		.byte	8
 1687 067a 94       		.byte	-108
 1688 067b 02       		.byte	2
 1689 067c 95       		.byte	-107
 1690 067d 1C       		.byte	28
 1691 067e 97       		.byte	-105
 1692 067f E2       		.byte	-30
 1693 0680 98       		.byte	-104
 1694 0681 04       		.byte	4
 1695 0682 99       		.byte	-103
 1696 0683 80       		.byte	-128
 1697 0684 9C       		.byte	-100
 1698 0685 08       		.byte	8
 1699 0686 9D       		.byte	-99
 1700 0687 10       		.byte	16
 1701 0688 A2       		.byte	-94
 1702 0689 03       		.byte	3
 1703 068a A3       		.byte	-93
 1704 068b E3       		.byte	-29
 1705 068c A4       		.byte	-92
 1706 068d 01       		.byte	1
 1707 068e A7       		.byte	-89
 1708 068f 04       		.byte	4
 1709 0690 A8       		.byte	-88
 1710 0691 0C       		.byte	12
ARM GAS  C:\Users\chris\AppData\Local\Temp\cc92DYZj.s 			page 31


 1711 0692 A9       		.byte	-87
 1712 0693 C0       		.byte	-64
 1713 0694 AC       		.byte	-84
 1714 0695 1F       		.byte	31
 1715 0696 AD       		.byte	-83
 1716 0697 44       		.byte	68
 1717 0698 B0       		.byte	-80
 1718 0699 10       		.byte	16
 1719 069a B1       		.byte	-79
 1720 069b 38       		.byte	56
 1721 069c B2       		.byte	-78
 1722 069d 20       		.byte	32
 1723 069e B3       		.byte	-77
 1724 069f 1F       		.byte	31
 1725 06a0 B4       		.byte	-76
 1726 06a1 0F       		.byte	15
 1727 06a2 B7       		.byte	-73
 1728 06a3 C0       		.byte	-64
 1729 06a4 BA       		.byte	-70
 1730 06a5 20       		.byte	32
 1731 06a6 BB       		.byte	-69
 1732 06a7 0A       		.byte	10
 1733 06a8 BE       		.byte	-66
 1734 06a9 05       		.byte	5
 1735 06aa D6       		.byte	-42
 1736 06ab 02       		.byte	2
 1737 06ac D7       		.byte	-41
 1738 06ad 28       		.byte	40
 1739 06ae D8       		.byte	-40
 1740 06af 04       		.byte	4
 1741 06b0 D9       		.byte	-39
 1742 06b1 04       		.byte	4
 1743 06b2 DB       		.byte	-37
 1744 06b3 04       		.byte	4
 1745 06b4 DD       		.byte	-35
 1746 06b5 80       		.byte	-128
 1747 06b6 DE       		.byte	-34
 1748 06b7 08       		.byte	8
 1749 06b8 DF       		.byte	-33
 1750 06b9 11       		.byte	17
 1751 06ba 00       		.byte	0
 1752 06bb 44       		.byte	68
 1753 06bc 01       		.byte	1
 1754 06bd 21       		.byte	33
 1755 06be 0A       		.byte	10
 1756 06bf 25       		.byte	37
 1757 06c0 0B       		.byte	11
 1758 06c1 80       		.byte	-128
 1759 06c2 0F       		.byte	15
 1760 06c3 01       		.byte	1
 1761 06c4 10       		.byte	16
 1762 06c5 50       		.byte	80
 1763 06c6 12       		.byte	18
 1764 06c7 02       		.byte	2
 1765 06c8 13       		.byte	19
 1766 06c9 10       		.byte	16
 1767 06ca 18       		.byte	24
ARM GAS  C:\Users\chris\AppData\Local\Temp\cc92DYZj.s 			page 32


 1768 06cb 04       		.byte	4
 1769 06cc 19       		.byte	25
 1770 06cd 06       		.byte	6
 1771 06ce 1E       		.byte	30
 1772 06cf 08       		.byte	8
 1773 06d0 21       		.byte	33
 1774 06d1 01       		.byte	1
 1775 06d2 22       		.byte	34
 1776 06d3 0A       		.byte	10
 1777 06d4 23       		.byte	35
 1778 06d5 42       		.byte	66
 1779 06d6 25       		.byte	37
 1780 06d7 80       		.byte	-128
 1781 06d8 26       		.byte	38
 1782 06d9 01       		.byte	1
 1783 06da 28       		.byte	40
 1784 06db 42       		.byte	66
 1785 06dc 29       		.byte	41
 1786 06dd 28       		.byte	40
 1787 06de 2F       		.byte	47
 1788 06df 04       		.byte	4
 1789 06e0 30       		.byte	48
 1790 06e1 80       		.byte	-128
 1791 06e2 32       		.byte	50
 1792 06e3 18       		.byte	24
 1793 06e4 33       		.byte	51
 1794 06e5 01       		.byte	1
 1795 06e6 34       		.byte	52
 1796 06e7 04       		.byte	4
 1797 06e8 38       		.byte	56
 1798 06e9 44       		.byte	68
 1799 06ea 39       		.byte	57
 1800 06eb 02       		.byte	2
 1801 06ec 3B       		.byte	59
 1802 06ed 10       		.byte	16
 1803 06ee 3E       		.byte	62
 1804 06ef 20       		.byte	32
 1805 06f0 3F       		.byte	63
 1806 06f1 20       		.byte	32
 1807 06f2 49       		.byte	73
 1808 06f3 80       		.byte	-128
 1809 06f4 4A       		.byte	74
 1810 06f5 01       		.byte	1
 1811 06f6 5F       		.byte	95
 1812 06f7 02       		.byte	2
 1813 06f8 60       		.byte	96
 1814 06f9 20       		.byte	32
 1815 06fa 61       		.byte	97
 1816 06fb 04       		.byte	4
 1817 06fc 64       		.byte	100
 1818 06fd 80       		.byte	-128
 1819 06fe 65       		.byte	101
 1820 06ff 80       		.byte	-128
 1821 0700 67       		.byte	103
 1822 0701 04       		.byte	4
 1823 0702 69       		.byte	105
 1824 0703 50       		.byte	80
ARM GAS  C:\Users\chris\AppData\Local\Temp\cc92DYZj.s 			page 33


 1825 0704 6A       		.byte	106
 1826 0705 02       		.byte	2
 1827 0706 6B       		.byte	107
 1828 0707 10       		.byte	16
 1829 0708 79       		.byte	121
 1830 0709 08       		.byte	8
 1831 070a 7B       		.byte	123
 1832 070b 08       		.byte	8
 1833 070c 7C       		.byte	124
 1834 070d 04       		.byte	4
 1835 070e 7F       		.byte	127
 1836 070f 18       		.byte	24
 1837 0710 85       		.byte	-123
 1838 0711 01       		.byte	1
 1839 0712 86       		.byte	-122
 1840 0713 08       		.byte	8
 1841 0714 88       		.byte	-120
 1842 0715 80       		.byte	-128
 1843 0716 89       		.byte	-119
 1844 0717 04       		.byte	4
 1845 0718 8B       		.byte	-117
 1846 0719 40       		.byte	64
 1847 071a 90       		.byte	-112
 1848 071b 40       		.byte	64
 1849 071c 93       		.byte	-109
 1850 071d 05       		.byte	5
 1851 071e 95       		.byte	-107
 1852 071f 50       		.byte	80
 1853 0720 96       		.byte	-106
 1854 0721 17       		.byte	23
 1855 0722 97       		.byte	-105
 1856 0723 F0       		.byte	-16
 1857 0724 98       		.byte	-104
 1858 0725 04       		.byte	4
 1859 0726 9A       		.byte	-102
 1860 0727 48       		.byte	72
 1861 0728 9B       		.byte	-101
 1862 0729 08       		.byte	8
 1863 072a 9C       		.byte	-100
 1864 072b 60       		.byte	96
 1865 072c 9D       		.byte	-99
 1866 072d 01       		.byte	1
 1867 072e 9F       		.byte	-97
 1868 072f 50       		.byte	80
 1869 0730 A2       		.byte	-94
 1870 0731 20       		.byte	32
 1871 0732 A3       		.byte	-93
 1872 0733 11       		.byte	17
 1873 0734 A5       		.byte	-91
 1874 0735 80       		.byte	-128
 1875 0736 A6       		.byte	-90
 1876 0737 08       		.byte	8
 1877 0738 A7       		.byte	-89
 1878 0739 08       		.byte	8
 1879 073a AC       		.byte	-84
 1880 073b 01       		.byte	1
 1881 073c AE       		.byte	-82
ARM GAS  C:\Users\chris\AppData\Local\Temp\cc92DYZj.s 			page 34


 1882 073d 10       		.byte	16
 1883 073e B4       		.byte	-76
 1884 073f 04       		.byte	4
 1885 0740 B6       		.byte	-74
 1886 0741 40       		.byte	64
 1887 0742 C0       		.byte	-64
 1888 0743 0F       		.byte	15
 1889 0744 C2       		.byte	-62
 1890 0745 8F       		.byte	-113
 1891 0746 C4       		.byte	-60
 1892 0747 0F       		.byte	15
 1893 0748 CA       		.byte	-54
 1894 0749 2F       		.byte	47
 1895 074a CC       		.byte	-52
 1896 074b 4F       		.byte	79
 1897 074c CE       		.byte	-50
 1898 074d 2F       		.byte	47
 1899 074e D6       		.byte	-42
 1900 074f 80       		.byte	-128
 1901 0750 D8       		.byte	-40
 1902 0751 B2       		.byte	-78
 1903 0752 DE       		.byte	-34
 1904 0753 26       		.byte	38
 1905 0754 E2       		.byte	-30
 1906 0755 20       		.byte	32
 1907 0756 E6       		.byte	-26
 1908 0757 80       		.byte	-128
 1909 0758 E2       		.byte	-30
 1910 0759 20       		.byte	32
 1911 075a EA       		.byte	-22
 1912 075b 10       		.byte	16
 1913 075c 32       		.byte	50
 1914 075d 01       		.byte	1
 1915 075e 33       		.byte	51
 1916 075f 10       		.byte	16
 1917 0760 37       		.byte	55
 1918 0761 90       		.byte	-112
 1919 0762 CC       		.byte	-52
 1920 0763 70       		.byte	112
 1921 0764 87       		.byte	-121
 1922 0765 80       		.byte	-128
 1923 0766 96       		.byte	-106
 1924 0767 02       		.byte	2
 1925 0768 9F       		.byte	-97
 1926 0769 80       		.byte	-128
 1927 076a E2       		.byte	-30
 1928 076b 40       		.byte	64
 1929 076c 96       		.byte	-106
 1930 076d 02       		.byte	2
 1931 076e 96       		.byte	-106
 1932 076f 02       		.byte	2
 1933 0770 7C       		.byte	124
 1934 0771 40       		.byte	64
 1935 0772 DE       		.byte	-34
 1936 0773 04       		.byte	4
 1937 0774 52       		.byte	82
 1938 0775 42       		.byte	66
ARM GAS  C:\Users\chris\AppData\Local\Temp\cc92DYZj.s 			page 35


 1939 0776 57       		.byte	87
 1940 0777 82       		.byte	-126
 1941 0778 83       		.byte	-125
 1942 0779 80       		.byte	-128
 1943 077a 8A       		.byte	-118
 1944 077b 40       		.byte	64
 1945 077c 8C       		.byte	-116
 1946 077d 40       		.byte	64
 1947 077e 8E       		.byte	-114
 1948 077f 02       		.byte	2
 1949 0780 94       		.byte	-108
 1950 0781 40       		.byte	64
 1951 0782 D4       		.byte	-44
 1952 0783 07       		.byte	7
 1953 0784 D6       		.byte	-42
 1954 0785 04       		.byte	4
 1955 0786 E0       		.byte	-32
 1956 0787 02       		.byte	2
 1957 0788 E4       		.byte	-28
 1958 0789 09       		.byte	9
 1959 078a 86       		.byte	-122
 1960 078b 40       		.byte	64
 1961 078c AF       		.byte	-81
 1962 078d 02       		.byte	2
 1963 078e 86       		.byte	-122
 1964 078f 04       		.byte	4
 1965 0790 9A       		.byte	-102
 1966 0791 40       		.byte	64
 1967 0792 8A       		.byte	-118
 1968 0793 01       		.byte	1
 1969 0794 96       		.byte	-106
 1970 0795 02       		.byte	2
 1971 0796 08       		.byte	8
 1972 0797 02       		.byte	2
 1973 0798 0A       		.byte	10
 1974 0799 04       		.byte	4
 1975 079a 0E       		.byte	14
 1976 079b 01       		.byte	1
 1977 079c 66       		.byte	102
 1978 079d 40       		.byte	64
 1979 079e 8A       		.byte	-118
 1980 079f 01       		.byte	1
 1981 07a0 96       		.byte	-106
 1982 07a1 04       		.byte	4
 1983 07a2 9A       		.byte	-102
 1984 07a3 40       		.byte	64
 1985 07a4 C2       		.byte	-62
 1986 07a5 0B       		.byte	11
 1987 07a6 D6       		.byte	-42
 1988 07a7 01       		.byte	1
 1989 07a8 E6       		.byte	-26
 1990 07a9 01       		.byte	1
 1991 07aa 10       		.byte	16
 1992 07ab 10       		.byte	16
 1993 07ac 88       		.byte	-120
 1994 07ad 10       		.byte	16
 1995 07ae B4       		.byte	-76
ARM GAS  C:\Users\chris\AppData\Local\Temp\cc92DYZj.s 			page 36


 1996 07af 02       		.byte	2
 1997 07b0 C4       		.byte	-60
 1998 07b1 08       		.byte	8
 1999 07b2 E2       		.byte	-30
 2000 07b3 04       		.byte	4
 2001 07b4 EA       		.byte	-22
 2002 07b5 08       		.byte	8
 2003 07b6 00       		.byte	0
 2004 07b7 3F       		.byte	63
 2005 07b8 01       		.byte	1
 2006 07b9 01       		.byte	1
 2007 07ba 08       		.byte	8
 2008 07bb 29       		.byte	41
 2009 07bc 0A       		.byte	10
 2010 07bd 0B       		.byte	11
 2011 07be 0B       		.byte	11
 2012 07bf 01       		.byte	1
 2013 07c0 0E       		.byte	14
 2014 07c1 14       		.byte	20
 2015 07c2 10       		.byte	16
 2016 07c3 01       		.byte	1
 2017 07c4 11       		.byte	17
 2018 07c5 01       		.byte	1
 2019 07c6 1A       		.byte	26
 2020 07c7 01       		.byte	1
 2021 07c8 1B       		.byte	27
 2022 07c9 01       		.byte	1
 2023 07ca 00       		.byte	0
 2024 07cb 3F       		.byte	63
 2025 07cc 00       		.byte	0
 2026 07cd 03       		.byte	3
 2027 07ce 00       		.byte	0
 2028 07cf 00       		.byte	0
 2029 07d0 00       		.byte	0
 2030 07d1 00       		.byte	0
 2031 07d2 00       		.byte	0
 2032 07d3 00       		.byte	0
 2033 07d4 80       		.byte	-128
 2034 07d5 00       		.byte	0
 2035 07d6 40       		.byte	64
 2036 07d7 80       		.byte	-128
 2037 07d8 80       		.byte	-128
 2038 07d9 00       		.byte	0
 2039 07da 80       		.byte	-128
 2040 07db 00       		.byte	0
 2041 07dc 00       		.byte	0
 2042 07dd 00       		.byte	0
 2043 07de 00       		.byte	0
 2044 07df 00       		.byte	0
 2045 07e0 D0       		.byte	-48
 2046 07e1 2B       		.byte	43
 2047 07e2 2B       		.byte	43
 2048 07e3 00       		.byte	0
 2049 07e4 20       		.byte	32
 2050 07e5 00       		.byte	0
 2051 07e6 00       		.byte	0
 2052 07e7 00       		.byte	0
ARM GAS  C:\Users\chris\AppData\Local\Temp\cc92DYZj.s 			page 37


 2053 07e8 00       		.byte	0
 2054 07e9 0F       		.byte	15
 2055 07ea 0F       		.byte	15
 2056 07eb 00       		.byte	0
 2057 07ec 0F       		.byte	15
 2058 07ed 00       		.byte	0
 2059 07ee 00       		.byte	0
 2060 07ef 00       		.byte	0
 2061              		.section	.cywolatch,"a",%progbits
 2062              		.align	2
 2063              		.type	cy_meta_wonvl, %object
 2064              		.size	cy_meta_wonvl, 4
 2065              	cy_meta_wonvl:
 2066 0000 BC       		.byte	-68
 2067 0001 90       		.byte	-112
 2068 0002 AC       		.byte	-84
 2069 0003 AF       		.byte	-81
 2070              		.section	.cycustnvl,"a",%progbits
 2071              		.align	2
 2072              		.type	cy_meta_custnvl, %object
 2073              		.size	cy_meta_custnvl, 4
 2074              	cy_meta_custnvl:
 2075 0000 00       		.byte	0
 2076 0001 00       		.byte	0
 2077 0002 40       		.byte	64
 2078 0003 05       		.byte	5
 2079              		.section	.cymeta,"a",%progbits
 2080              		.align	2
 2081              		.type	cy_metadata, %object
 2082              		.size	cy_metadata, 12
 2083              	cy_metadata:
 2084 0000 00       		.byte	0
 2085 0001 01       		.byte	1
 2086 0002 2E       		.byte	46
 2087 0003 16       		.byte	22
 2088 0004 10       		.byte	16
 2089 0005 69       		.byte	105
 2090 0006 00       		.byte	0
 2091 0007 01       		.byte	1
 2092 0008 00       		.byte	0
 2093 0009 00       		.byte	0
 2094 000a 00       		.byte	0
 2095 000b 00       		.byte	0
 2096              		.section	.cyflashprotect,"a",%progbits
 2097              		.align	2
 2098              		.type	cy_meta_flashprotect, %object
 2099              		.size	cy_meta_flashprotect, 256
 2100              	cy_meta_flashprotect:
 2101 0000 00000000 		.space	256
 2101      00000000 
 2101      00000000 
 2101      00000000 
 2101      00000000 
 2102              		.text
 2103              	.Letext0:
 2104              		.file 1 "c:\\program files (x86)\\cypress\\psoc creator\\4.1\\psoc creator\\import\\gnu\\arm\\5.4.
 2105              		.file 2 "c:\\program files (x86)\\cypress\\psoc creator\\4.1\\psoc creator\\import\\gnu\\arm\\5.4.
ARM GAS  C:\Users\chris\AppData\Local\Temp\cc92DYZj.s 			page 38


 2106              		.file 3 "Generated_Source\\PSoC5\\cymetadata.c"
 2107              		.section	.debug_info,"",%progbits
 2108              	.Ldebug_info0:
 2109 0000 35010000 		.4byte	0x135
 2110 0004 0400     		.2byte	0x4
 2111 0006 00000000 		.4byte	.Ldebug_abbrev0
 2112 000a 04       		.byte	0x4
 2113 000b 01       		.uleb128 0x1
 2114 000c 31000000 		.4byte	.LASF17
 2115 0010 0C       		.byte	0xc
 2116 0011 DD010000 		.4byte	.LASF18
 2117 0015 06010000 		.4byte	.LASF19
 2118 0019 00000000 		.4byte	.Ldebug_line0
 2119 001d 02       		.uleb128 0x2
 2120 001e 01       		.byte	0x1
 2121 001f 06       		.byte	0x6
 2122 0020 D1010000 		.4byte	.LASF0
 2123 0024 03       		.uleb128 0x3
 2124 0025 00000000 		.4byte	.LASF9
 2125 0029 01       		.byte	0x1
 2126 002a 1D       		.byte	0x1d
 2127 002b 2F000000 		.4byte	0x2f
 2128 002f 02       		.uleb128 0x2
 2129 0030 01       		.byte	0x1
 2130 0031 08       		.byte	0x8
 2131 0032 23000000 		.4byte	.LASF1
 2132 0036 02       		.uleb128 0x2
 2133 0037 02       		.byte	0x2
 2134 0038 05       		.byte	0x5
 2135 0039 BE010000 		.4byte	.LASF2
 2136 003d 02       		.uleb128 0x2
 2137 003e 02       		.byte	0x2
 2138 003f 07       		.byte	0x7
 2139 0040 D1000000 		.4byte	.LASF3
 2140 0044 02       		.uleb128 0x2
 2141 0045 04       		.byte	0x4
 2142 0046 05       		.byte	0x5
 2143 0047 C8010000 		.4byte	.LASF4
 2144 004b 02       		.uleb128 0x2
 2145 004c 04       		.byte	0x4
 2146 004d 07       		.byte	0x7
 2147 004e BF000000 		.4byte	.LASF5
 2148 0052 02       		.uleb128 0x2
 2149 0053 08       		.byte	0x8
 2150 0054 05       		.byte	0x5
 2151 0055 B0010000 		.4byte	.LASF6
 2152 0059 02       		.uleb128 0x2
 2153 005a 08       		.byte	0x8
 2154 005b 07       		.byte	0x7
 2155 005c 65010000 		.4byte	.LASF7
 2156 0060 04       		.uleb128 0x4
 2157 0061 04       		.byte	0x4
 2158 0062 05       		.byte	0x5
 2159 0063 696E7400 		.ascii	"int\000"
 2160 0067 02       		.uleb128 0x2
 2161 0068 04       		.byte	0x4
 2162 0069 07       		.byte	0x7
ARM GAS  C:\Users\chris\AppData\Local\Temp\cc92DYZj.s 			page 39


 2163 006a 0A000000 		.4byte	.LASF8
 2164 006e 03       		.uleb128 0x3
 2165 006f 7C010000 		.4byte	.LASF10
 2166 0073 02       		.byte	0x2
 2167 0074 18       		.byte	0x18
 2168 0075 24000000 		.4byte	0x24
 2169 0079 05       		.uleb128 0x5
 2170 007a 91000000 		.4byte	0x91
 2171 007e 8A000000 		.4byte	0x8a
 2172 0082 06       		.uleb128 0x6
 2173 0083 8A000000 		.4byte	0x8a
 2174 0087 EF07     		.2byte	0x7ef
 2175 0089 00       		.byte	0
 2176 008a 02       		.uleb128 0x2
 2177 008b 04       		.byte	0x4
 2178 008c 07       		.byte	0x7
 2179 008d A7010000 		.4byte	.LASF11
 2180 0091 07       		.uleb128 0x7
 2181 0092 6E000000 		.4byte	0x6e
 2182 0096 08       		.uleb128 0x8
 2183 0097 F4000000 		.4byte	.LASF12
 2184 009b 03       		.byte	0x3
 2185 009c 1F       		.byte	0x1f
 2186 009d A7000000 		.4byte	0xa7
 2187 00a1 05       		.uleb128 0x5
 2188 00a2 03       		.byte	0x3
 2189 00a3 00000000 		.4byte	cy_meta_configecc
 2190 00a7 07       		.uleb128 0x7
 2191 00a8 79000000 		.4byte	0x79
 2192 00ac 05       		.uleb128 0x5
 2193 00ad 91000000 		.4byte	0x91
 2194 00b1 BC000000 		.4byte	0xbc
 2195 00b5 09       		.uleb128 0x9
 2196 00b6 8A000000 		.4byte	0x8a
 2197 00ba 03       		.byte	0x3
 2198 00bb 00       		.byte	0
 2199 00bc 0A       		.uleb128 0xa
 2200 00bd E4000000 		.4byte	.LASF13
 2201 00c1 03       		.byte	0x3
 2202 00c2 2A01     		.2byte	0x12a
 2203 00c4 CE000000 		.4byte	0xce
 2204 00c8 05       		.uleb128 0x5
 2205 00c9 03       		.byte	0x3
 2206 00ca 00000000 		.4byte	cy_meta_custnvl
 2207 00ce 07       		.uleb128 0x7
 2208 00cf AC000000 		.4byte	0xac
 2209 00d3 0A       		.uleb128 0xa
 2210 00d4 99010000 		.4byte	.LASF14
 2211 00d8 03       		.byte	0x3
 2212 00d9 3801     		.2byte	0x138
 2213 00db E5000000 		.4byte	0xe5
 2214 00df 05       		.uleb128 0x5
 2215 00e0 03       		.byte	0x3
 2216 00e1 00000000 		.4byte	cy_meta_wonvl
 2217 00e5 07       		.uleb128 0x7
 2218 00e6 AC000000 		.4byte	0xac
 2219 00ea 05       		.uleb128 0x5
ARM GAS  C:\Users\chris\AppData\Local\Temp\cc92DYZj.s 			page 40


 2220 00eb 91000000 		.4byte	0x91
 2221 00ef FA000000 		.4byte	0xfa
 2222 00f3 09       		.uleb128 0x9
 2223 00f4 8A000000 		.4byte	0x8a
 2224 00f8 FF       		.byte	0xff
 2225 00f9 00       		.byte	0
 2226 00fa 0A       		.uleb128 0xa
 2227 00fb 84010000 		.4byte	.LASF15
 2228 00ff 03       		.byte	0x3
 2229 0100 4601     		.2byte	0x146
 2230 0102 0C010000 		.4byte	0x10c
 2231 0106 05       		.uleb128 0x5
 2232 0107 03       		.byte	0x3
 2233 0108 00000000 		.4byte	cy_meta_flashprotect
 2234 010c 07       		.uleb128 0x7
 2235 010d EA000000 		.4byte	0xea
 2236 0111 05       		.uleb128 0x5
 2237 0112 91000000 		.4byte	0x91
 2238 0116 21010000 		.4byte	0x121
 2239 011a 09       		.uleb128 0x9
 2240 011b 8A000000 		.4byte	0x8a
 2241 011f 0B       		.byte	0xb
 2242 0120 00       		.byte	0
 2243 0121 0A       		.uleb128 0xa
 2244 0122 17000000 		.4byte	.LASF16
 2245 0126 03       		.byte	0x3
 2246 0127 7301     		.2byte	0x173
 2247 0129 33010000 		.4byte	0x133
 2248 012d 05       		.uleb128 0x5
 2249 012e 03       		.byte	0x3
 2250 012f 00000000 		.4byte	cy_metadata
 2251 0133 07       		.uleb128 0x7
 2252 0134 11010000 		.4byte	0x111
 2253 0138 00       		.byte	0
 2254              		.section	.debug_abbrev,"",%progbits
 2255              	.Ldebug_abbrev0:
 2256 0000 01       		.uleb128 0x1
 2257 0001 11       		.uleb128 0x11
 2258 0002 01       		.byte	0x1
 2259 0003 25       		.uleb128 0x25
 2260 0004 0E       		.uleb128 0xe
 2261 0005 13       		.uleb128 0x13
 2262 0006 0B       		.uleb128 0xb
 2263 0007 03       		.uleb128 0x3
 2264 0008 0E       		.uleb128 0xe
 2265 0009 1B       		.uleb128 0x1b
 2266 000a 0E       		.uleb128 0xe
 2267 000b 10       		.uleb128 0x10
 2268 000c 17       		.uleb128 0x17
 2269 000d 00       		.byte	0
 2270 000e 00       		.byte	0
 2271 000f 02       		.uleb128 0x2
 2272 0010 24       		.uleb128 0x24
 2273 0011 00       		.byte	0
 2274 0012 0B       		.uleb128 0xb
 2275 0013 0B       		.uleb128 0xb
 2276 0014 3E       		.uleb128 0x3e
ARM GAS  C:\Users\chris\AppData\Local\Temp\cc92DYZj.s 			page 41


 2277 0015 0B       		.uleb128 0xb
 2278 0016 03       		.uleb128 0x3
 2279 0017 0E       		.uleb128 0xe
 2280 0018 00       		.byte	0
 2281 0019 00       		.byte	0
 2282 001a 03       		.uleb128 0x3
 2283 001b 16       		.uleb128 0x16
 2284 001c 00       		.byte	0
 2285 001d 03       		.uleb128 0x3
 2286 001e 0E       		.uleb128 0xe
 2287 001f 3A       		.uleb128 0x3a
 2288 0020 0B       		.uleb128 0xb
 2289 0021 3B       		.uleb128 0x3b
 2290 0022 0B       		.uleb128 0xb
 2291 0023 49       		.uleb128 0x49
 2292 0024 13       		.uleb128 0x13
 2293 0025 00       		.byte	0
 2294 0026 00       		.byte	0
 2295 0027 04       		.uleb128 0x4
 2296 0028 24       		.uleb128 0x24
 2297 0029 00       		.byte	0
 2298 002a 0B       		.uleb128 0xb
 2299 002b 0B       		.uleb128 0xb
 2300 002c 3E       		.uleb128 0x3e
 2301 002d 0B       		.uleb128 0xb
 2302 002e 03       		.uleb128 0x3
 2303 002f 08       		.uleb128 0x8
 2304 0030 00       		.byte	0
 2305 0031 00       		.byte	0
 2306 0032 05       		.uleb128 0x5
 2307 0033 01       		.uleb128 0x1
 2308 0034 01       		.byte	0x1
 2309 0035 49       		.uleb128 0x49
 2310 0036 13       		.uleb128 0x13
 2311 0037 01       		.uleb128 0x1
 2312 0038 13       		.uleb128 0x13
 2313 0039 00       		.byte	0
 2314 003a 00       		.byte	0
 2315 003b 06       		.uleb128 0x6
 2316 003c 21       		.uleb128 0x21
 2317 003d 00       		.byte	0
 2318 003e 49       		.uleb128 0x49
 2319 003f 13       		.uleb128 0x13
 2320 0040 2F       		.uleb128 0x2f
 2321 0041 05       		.uleb128 0x5
 2322 0042 00       		.byte	0
 2323 0043 00       		.byte	0
 2324 0044 07       		.uleb128 0x7
 2325 0045 26       		.uleb128 0x26
 2326 0046 00       		.byte	0
 2327 0047 49       		.uleb128 0x49
 2328 0048 13       		.uleb128 0x13
 2329 0049 00       		.byte	0
 2330 004a 00       		.byte	0
 2331 004b 08       		.uleb128 0x8
 2332 004c 34       		.uleb128 0x34
 2333 004d 00       		.byte	0
ARM GAS  C:\Users\chris\AppData\Local\Temp\cc92DYZj.s 			page 42


 2334 004e 03       		.uleb128 0x3
 2335 004f 0E       		.uleb128 0xe
 2336 0050 3A       		.uleb128 0x3a
 2337 0051 0B       		.uleb128 0xb
 2338 0052 3B       		.uleb128 0x3b
 2339 0053 0B       		.uleb128 0xb
 2340 0054 49       		.uleb128 0x49
 2341 0055 13       		.uleb128 0x13
 2342 0056 3F       		.uleb128 0x3f
 2343 0057 19       		.uleb128 0x19
 2344 0058 02       		.uleb128 0x2
 2345 0059 18       		.uleb128 0x18
 2346 005a 00       		.byte	0
 2347 005b 00       		.byte	0
 2348 005c 09       		.uleb128 0x9
 2349 005d 21       		.uleb128 0x21
 2350 005e 00       		.byte	0
 2351 005f 49       		.uleb128 0x49
 2352 0060 13       		.uleb128 0x13
 2353 0061 2F       		.uleb128 0x2f
 2354 0062 0B       		.uleb128 0xb
 2355 0063 00       		.byte	0
 2356 0064 00       		.byte	0
 2357 0065 0A       		.uleb128 0xa
 2358 0066 34       		.uleb128 0x34
 2359 0067 00       		.byte	0
 2360 0068 03       		.uleb128 0x3
 2361 0069 0E       		.uleb128 0xe
 2362 006a 3A       		.uleb128 0x3a
 2363 006b 0B       		.uleb128 0xb
 2364 006c 3B       		.uleb128 0x3b
 2365 006d 05       		.uleb128 0x5
 2366 006e 49       		.uleb128 0x49
 2367 006f 13       		.uleb128 0x13
 2368 0070 3F       		.uleb128 0x3f
 2369 0071 19       		.uleb128 0x19
 2370 0072 02       		.uleb128 0x2
 2371 0073 18       		.uleb128 0x18
 2372 0074 00       		.byte	0
 2373 0075 00       		.byte	0
 2374 0076 00       		.byte	0
 2375              		.section	.debug_aranges,"",%progbits
 2376 0000 14000000 		.4byte	0x14
 2377 0004 0200     		.2byte	0x2
 2378 0006 00000000 		.4byte	.Ldebug_info0
 2379 000a 04       		.byte	0x4
 2380 000b 00       		.byte	0
 2381 000c 0000     		.2byte	0
 2382 000e 0000     		.2byte	0
 2383 0010 00000000 		.4byte	0
 2384 0014 00000000 		.4byte	0
 2385              		.section	.debug_line,"",%progbits
 2386              	.Ldebug_line0:
 2387 0000 3D010000 		.section	.debug_str,"MS",%progbits,1
 2387      02003701 
 2387      00000201 
 2387      FB0E0D00 
ARM GAS  C:\Users\chris\AppData\Local\Temp\cc92DYZj.s 			page 43


 2387      01010101 
 2388              	.LASF9:
 2389 0000 5F5F7569 		.ascii	"__uint8_t\000"
 2389      6E74385F 
 2389      7400
 2390              	.LASF8:
 2391 000a 756E7369 		.ascii	"unsigned int\000"
 2391      676E6564 
 2391      20696E74 
 2391      00
 2392              	.LASF16:
 2393 0017 63795F6D 		.ascii	"cy_metadata\000"
 2393      65746164 
 2393      61746100 
 2394              	.LASF1:
 2395 0023 756E7369 		.ascii	"unsigned char\000"
 2395      676E6564 
 2395      20636861 
 2395      7200
 2396              	.LASF17:
 2397 0031 474E5520 		.ascii	"GNU C11 5.4.1 20160609 (release) [ARM/embedded-5-br"
 2397      43313120 
 2397      352E342E 
 2397      31203230 
 2397      31363036 
 2398 0064 616E6368 		.ascii	"anch revision 237715] -mcpu=cortex-m3 -mthumb -g -O"
 2398      20726576 
 2398      6973696F 
 2398      6E203233 
 2398      37373135 
 2399 0097 67202D66 		.ascii	"g -ffunction-sections -ffat-lto-objects\000"
 2399      66756E63 
 2399      74696F6E 
 2399      2D736563 
 2399      74696F6E 
 2400              	.LASF5:
 2401 00bf 6C6F6E67 		.ascii	"long unsigned int\000"
 2401      20756E73 
 2401      69676E65 
 2401      6420696E 
 2401      7400
 2402              	.LASF3:
 2403 00d1 73686F72 		.ascii	"short unsigned int\000"
 2403      7420756E 
 2403      7369676E 
 2403      65642069 
 2403      6E7400
 2404              	.LASF13:
 2405 00e4 63795F6D 		.ascii	"cy_meta_custnvl\000"
 2405      6574615F 
 2405      63757374 
 2405      6E766C00 
 2406              	.LASF12:
 2407 00f4 63795F6D 		.ascii	"cy_meta_configecc\000"
 2407      6574615F 
 2407      636F6E66 
 2407      69676563 
ARM GAS  C:\Users\chris\AppData\Local\Temp\cc92DYZj.s 			page 44


 2407      6300
 2408              	.LASF19:
 2409 0106 433A5C55 		.ascii	"C:\\Users\\chris\\Documents\\3. Semester\\I3GFV\\Mo"
 2409      73657273 
 2409      5C636872 
 2409      69735C44 
 2409      6F63756D 
 2410 0133 746F7263 		.ascii	"torcontrol\\03_DC_Motor_Control\\DC-Motor-PWM.cydsn"
 2410      6F6E7472 
 2410      6F6C5C30 
 2410      335F4443 
 2410      5F4D6F74 
 2411 0164 00       		.ascii	"\000"
 2412              	.LASF7:
 2413 0165 6C6F6E67 		.ascii	"long long unsigned int\000"
 2413      206C6F6E 
 2413      6720756E 
 2413      7369676E 
 2413      65642069 
 2414              	.LASF10:
 2415 017c 75696E74 		.ascii	"uint8_t\000"
 2415      385F7400 
 2416              	.LASF15:
 2417 0184 63795F6D 		.ascii	"cy_meta_flashprotect\000"
 2417      6574615F 
 2417      666C6173 
 2417      6870726F 
 2417      74656374 
 2418              	.LASF14:
 2419 0199 63795F6D 		.ascii	"cy_meta_wonvl\000"
 2419      6574615F 
 2419      776F6E76 
 2419      6C00
 2420              	.LASF11:
 2421 01a7 73697A65 		.ascii	"sizetype\000"
 2421      74797065 
 2421      00
 2422              	.LASF6:
 2423 01b0 6C6F6E67 		.ascii	"long long int\000"
 2423      206C6F6E 
 2423      6720696E 
 2423      7400
 2424              	.LASF2:
 2425 01be 73686F72 		.ascii	"short int\000"
 2425      7420696E 
 2425      7400
 2426              	.LASF4:
 2427 01c8 6C6F6E67 		.ascii	"long int\000"
 2427      20696E74 
 2427      00
 2428              	.LASF0:
 2429 01d1 7369676E 		.ascii	"signed char\000"
 2429      65642063 
 2429      68617200 
 2430              	.LASF18:
 2431 01dd 47656E65 		.ascii	"Generated_Source\\PSoC5\\cymetadata.c\000"
 2431      72617465 
ARM GAS  C:\Users\chris\AppData\Local\Temp\cc92DYZj.s 			page 45


 2431      645F536F 
 2431      75726365 
 2431      5C50536F 
 2432              		.ident	"GCC: (GNU Tools for ARM Embedded Processors) 5.4.1 20160609 (release) [ARM/embedded-5-bran
